Warning: you requested the nanomsg event logger, but bmv2 was compiled without -DBMELOG, and the event logger cannot be activated
Calling target program-options parser
[15:29:02.511] [bmv2] [D] [thread 4056] Set default default entry for table 'MyIngress.ipv4_lpm': NoAction - 
Adding interface s1-eth1 as port 1
[15:29:02.511] [bmv2] [D] [thread 4056] Adding interface s1-eth1 as port 1
Adding interface s1-eth2 as port 2
[15:29:02.533] [bmv2] [D] [thread 4056] Adding interface s1-eth2 as port 2
[15:29:02.561] [bmv2] [I] [thread 4056] Starting Thrift server on port 9090
[15:29:02.561] [bmv2] [I] [thread 4056] Thrift server was started
[15:29:02.662] [bmv2] [D] [thread 4067] [0.0] [cxt 0] Processing packet received on port 2
[15:29:02.662] [bmv2] [D] [thread 4067] [0.0] [cxt 0] Parser 'parser': start
[15:29:02.662] [bmv2] [D] [thread 4067] [0.0] [cxt 0] Parser 'parser' entering state 'start'
[15:29:02.662] [bmv2] [D] [thread 4067] [0.0] [cxt 0] Extracting header 'ethernet'
[15:29:02.662] [bmv2] [D] [thread 4067] [0.0] [cxt 0] Parser state 'start': key is 86dd
[15:29:02.662] [bmv2] [T] [thread 4067] [0.0] [cxt 0] Bytes parsed: 14
[15:29:02.662] [bmv2] [D] [thread 4067] [0.0] [cxt 0] Parser 'parser': end
[15:29:02.662] [bmv2] [D] [thread 4067] [0.0] [cxt 0] Pipeline 'ingress': start
[15:29:02.662] [bmv2] [T] [thread 4067] [0.0] [cxt 0] /home/p4/Desktop/P4Lab/ex1/p4src/forwarding.p4(116) Condition "hdr.ipv4.isValid()" (node_2) is false
[15:29:02.662] [bmv2] [D] [thread 4067] [0.0] [cxt 0] Pipeline 'ingress': end
[15:29:02.662] [bmv2] [D] [thread 4067] [0.0] [cxt 0] Egress port is 0
[15:29:02.665] [bmv2] [D] [thread 4068] [0.0] [cxt 0] Pipeline 'egress': start
[15:29:02.665] [bmv2] [D] [thread 4068] [0.0] [cxt 0] Pipeline 'egress': end
[15:29:02.665] [bmv2] [D] [thread 4068] [0.0] [cxt 0] Deparser 'deparser': start
[15:29:02.665] [bmv2] [T] [thread 4068] [0.0] [cxt 0] Skipping checksum 'cksum' update because condition not met
[15:29:02.665] [bmv2] [D] [thread 4068] [0.0] [cxt 0] Deparsing header 'ethernet'
[15:29:02.665] [bmv2] [D] [thread 4068] [0.0] [cxt 0] Deparser 'deparser': end
[15:29:02.665] [bmv2] [D] [thread 4072] [0.0] [cxt 0] Transmitting packet of size 86 out of port 0
[15:29:37.834] [bmv2] [D] [thread 4067] [1.0] [cxt 0] Processing packet received on port 1
[15:29:37.834] [bmv2] [D] [thread 4067] [1.0] [cxt 0] Parser 'parser': start
[15:29:37.834] [bmv2] [D] [thread 4067] [1.0] [cxt 0] Parser 'parser' entering state 'start'
[15:29:37.834] [bmv2] [D] [thread 4067] [1.0] [cxt 0] Extracting header 'ethernet'
[15:29:37.834] [bmv2] [D] [thread 4067] [1.0] [cxt 0] Parser state 'start': key is 0800
[15:29:37.834] [bmv2] [T] [thread 4067] [1.0] [cxt 0] Bytes parsed: 14
[15:29:37.834] [bmv2] [D] [thread 4067] [1.0] [cxt 0] Parser 'parser' entering state 'ipv4'
[15:29:37.834] [bmv2] [D] [thread 4067] [1.0] [cxt 0] Extracting header 'ipv4'
[15:29:37.834] [bmv2] [D] [thread 4067] [1.0] [cxt 0] Parser state 'ipv4' has no switch, going to default next state
[15:29:37.834] [bmv2] [T] [thread 4067] [1.0] [cxt 0] Bytes parsed: 34
[15:29:37.834] [bmv2] [D] [thread 4067] [1.0] [cxt 0] Parser 'parser': end
[15:29:37.834] [bmv2] [D] [thread 4067] [1.0] [cxt 0] Pipeline 'ingress': start
[15:29:37.834] [bmv2] [T] [thread 4067] [1.0] [cxt 0] /home/p4/Desktop/P4Lab/ex1/p4src/forwarding.p4(116) Condition "hdr.ipv4.isValid()" (node_2) is true
[15:29:37.834] [bmv2] [T] [thread 4067] [1.0] [cxt 0] Applying table 'MyIngress.ipv4_lpm'
[15:29:37.834] [bmv2] [D] [thread 4067] [1.0] [cxt 0] Looking up key:
* hdr.ipv4.dstAddr    : 0a000202

[15:29:37.834] [bmv2] [D] [thread 4067] [1.0] [cxt 0] Table 'MyIngress.ipv4_lpm': miss
[15:29:37.835] [bmv2] [D] [thread 4067] [1.0] [cxt 0] Action entry is NoAction - 
[15:29:37.835] [bmv2] [T] [thread 4067] [1.0] [cxt 0] Action NoAction
[15:29:37.835] [bmv2] [D] [thread 4067] [1.0] [cxt 0] Pipeline 'ingress': end
[15:29:37.835] [bmv2] [D] [thread 4067] [1.0] [cxt 0] Egress port is 0
[15:29:37.835] [bmv2] [D] [thread 4068] [1.0] [cxt 0] Pipeline 'egress': start
[15:29:37.835] [bmv2] [D] [thread 4068] [1.0] [cxt 0] Pipeline 'egress': end
[15:29:37.835] [bmv2] [D] [thread 4068] [1.0] [cxt 0] Deparser 'deparser': start
[15:29:37.835] [bmv2] [D] [thread 4068] [1.0] [cxt 0] Updating checksum 'cksum'
[15:29:37.835] [bmv2] [D] [thread 4068] [1.0] [cxt 0] Deparsing header 'ethernet'
[15:29:37.835] [bmv2] [D] [thread 4068] [1.0] [cxt 0] Deparsing header 'ipv4'
[15:29:37.835] [bmv2] [D] [thread 4068] [1.0] [cxt 0] Deparser 'deparser': end
[15:29:37.835] [bmv2] [D] [thread 4072] [1.0] [cxt 0] Transmitting packet of size 34 out of port 0
[15:29:39.257] [bmv2] [D] [thread 4067] [2.0] [cxt 0] Processing packet received on port 1
[15:29:39.257] [bmv2] [D] [thread 4067] [2.0] [cxt 0] Parser 'parser': start
[15:29:39.257] [bmv2] [D] [thread 4067] [2.0] [cxt 0] Parser 'parser' entering state 'start'
[15:29:39.257] [bmv2] [D] [thread 4067] [2.0] [cxt 0] Extracting header 'ethernet'
[15:29:39.257] [bmv2] [D] [thread 4067] [2.0] [cxt 0] Parser state 'start': key is 0800
[15:29:39.257] [bmv2] [T] [thread 4067] [2.0] [cxt 0] Bytes parsed: 14
[15:29:39.257] [bmv2] [D] [thread 4067] [2.0] [cxt 0] Parser 'parser' entering state 'ipv4'
[15:29:39.257] [bmv2] [D] [thread 4067] [2.0] [cxt 0] Extracting header 'ipv4'
[15:29:39.257] [bmv2] [D] [thread 4067] [2.0] [cxt 0] Parser state 'ipv4' has no switch, going to default next state
[15:29:39.257] [bmv2] [T] [thread 4067] [2.0] [cxt 0] Bytes parsed: 34
[15:29:39.257] [bmv2] [D] [thread 4067] [2.0] [cxt 0] Parser 'parser': end
[15:29:39.257] [bmv2] [D] [thread 4067] [2.0] [cxt 0] Pipeline 'ingress': start
[15:29:39.257] [bmv2] [T] [thread 4067] [2.0] [cxt 0] /home/p4/Desktop/P4Lab/ex1/p4src/forwarding.p4(116) Condition "hdr.ipv4.isValid()" (node_2) is true
[15:29:39.257] [bmv2] [T] [thread 4067] [2.0] [cxt 0] Applying table 'MyIngress.ipv4_lpm'
[15:29:39.257] [bmv2] [D] [thread 4067] [2.0] [cxt 0] Looking up key:
* hdr.ipv4.dstAddr    : 0a000202

[15:29:39.257] [bmv2] [D] [thread 4067] [2.0] [cxt 0] Table 'MyIngress.ipv4_lpm': miss
[15:29:39.257] [bmv2] [D] [thread 4067] [2.0] [cxt 0] Action entry is NoAction - 
[15:29:39.257] [bmv2] [T] [thread 4067] [2.0] [cxt 0] Action NoAction
[15:29:39.257] [bmv2] [D] [thread 4067] [2.0] [cxt 0] Pipeline 'ingress': end
[15:29:39.257] [bmv2] [D] [thread 4067] [2.0] [cxt 0] Egress port is 0
[15:29:39.258] [bmv2] [D] [thread 4068] [2.0] [cxt 0] Pipeline 'egress': start
[15:29:39.258] [bmv2] [D] [thread 4068] [2.0] [cxt 0] Pipeline 'egress': end
[15:29:39.258] [bmv2] [D] [thread 4068] [2.0] [cxt 0] Deparser 'deparser': start
[15:29:39.258] [bmv2] [D] [thread 4068] [2.0] [cxt 0] Updating checksum 'cksum'
[15:29:39.258] [bmv2] [D] [thread 4068] [2.0] [cxt 0] Deparsing header 'ethernet'
[15:29:39.258] [bmv2] [D] [thread 4068] [2.0] [cxt 0] Deparsing header 'ipv4'
[15:29:39.258] [bmv2] [D] [thread 4068] [2.0] [cxt 0] Deparser 'deparser': end
[15:29:39.258] [bmv2] [D] [thread 4072] [2.0] [cxt 0] Transmitting packet of size 34 out of port 0
[15:29:39.609] [bmv2] [D] [thread 4067] [3.0] [cxt 0] Processing packet received on port 1
[15:29:39.609] [bmv2] [D] [thread 4067] [3.0] [cxt 0] Parser 'parser': start
[15:29:39.609] [bmv2] [D] [thread 4067] [3.0] [cxt 0] Parser 'parser' entering state 'start'
[15:29:39.609] [bmv2] [D] [thread 4067] [3.0] [cxt 0] Extracting header 'ethernet'
[15:29:39.609] [bmv2] [D] [thread 4067] [3.0] [cxt 0] Parser state 'start': key is 0800
[15:29:39.609] [bmv2] [T] [thread 4067] [3.0] [cxt 0] Bytes parsed: 14
[15:29:39.609] [bmv2] [D] [thread 4067] [3.0] [cxt 0] Parser 'parser' entering state 'ipv4'
[15:29:39.609] [bmv2] [D] [thread 4067] [3.0] [cxt 0] Extracting header 'ipv4'
[15:29:39.609] [bmv2] [D] [thread 4067] [3.0] [cxt 0] Parser state 'ipv4' has no switch, going to default next state
[15:29:39.609] [bmv2] [T] [thread 4067] [3.0] [cxt 0] Bytes parsed: 34
[15:29:39.609] [bmv2] [D] [thread 4067] [3.0] [cxt 0] Parser 'parser': end
[15:29:39.609] [bmv2] [D] [thread 4067] [3.0] [cxt 0] Pipeline 'ingress': start
[15:29:39.609] [bmv2] [T] [thread 4067] [3.0] [cxt 0] /home/p4/Desktop/P4Lab/ex1/p4src/forwarding.p4(116) Condition "hdr.ipv4.isValid()" (node_2) is true
[15:29:39.609] [bmv2] [T] [thread 4067] [3.0] [cxt 0] Applying table 'MyIngress.ipv4_lpm'
[15:29:39.609] [bmv2] [D] [thread 4067] [3.0] [cxt 0] Looking up key:
* hdr.ipv4.dstAddr    : 0a000202

[15:29:39.609] [bmv2] [D] [thread 4067] [3.0] [cxt 0] Table 'MyIngress.ipv4_lpm': miss
[15:29:39.609] [bmv2] [D] [thread 4067] [3.0] [cxt 0] Action entry is NoAction - 
[15:29:39.609] [bmv2] [T] [thread 4067] [3.0] [cxt 0] Action NoAction
[15:29:39.609] [bmv2] [D] [thread 4067] [3.0] [cxt 0] Pipeline 'ingress': end
[15:29:39.609] [bmv2] [D] [thread 4067] [3.0] [cxt 0] Egress port is 0
[15:29:39.609] [bmv2] [D] [thread 4068] [3.0] [cxt 0] Pipeline 'egress': start
[15:29:39.609] [bmv2] [D] [thread 4068] [3.0] [cxt 0] Pipeline 'egress': end
[15:29:39.609] [bmv2] [D] [thread 4068] [3.0] [cxt 0] Deparser 'deparser': start
[15:29:39.609] [bmv2] [D] [thread 4068] [3.0] [cxt 0] Updating checksum 'cksum'
[15:29:39.610] [bmv2] [D] [thread 4068] [3.0] [cxt 0] Deparsing header 'ethernet'
[15:29:39.610] [bmv2] [D] [thread 4068] [3.0] [cxt 0] Deparsing header 'ipv4'
[15:29:39.610] [bmv2] [D] [thread 4068] [3.0] [cxt 0] Deparser 'deparser': end
[15:29:39.610] [bmv2] [D] [thread 4072] [3.0] [cxt 0] Transmitting packet of size 34 out of port 0
[15:29:39.737] [bmv2] [D] [thread 4067] [4.0] [cxt 0] Processing packet received on port 1
[15:29:39.737] [bmv2] [D] [thread 4067] [4.0] [cxt 0] Parser 'parser': start
[15:29:39.737] [bmv2] [D] [thread 4067] [4.0] [cxt 0] Parser 'parser' entering state 'start'
[15:29:39.737] [bmv2] [D] [thread 4067] [4.0] [cxt 0] Extracting header 'ethernet'
[15:29:39.737] [bmv2] [D] [thread 4067] [4.0] [cxt 0] Parser state 'start': key is 0800
[15:29:39.737] [bmv2] [T] [thread 4067] [4.0] [cxt 0] Bytes parsed: 14
[15:29:39.737] [bmv2] [D] [thread 4067] [4.0] [cxt 0] Parser 'parser' entering state 'ipv4'
[15:29:39.737] [bmv2] [D] [thread 4067] [4.0] [cxt 0] Extracting header 'ipv4'
[15:29:39.737] [bmv2] [D] [thread 4067] [4.0] [cxt 0] Parser state 'ipv4' has no switch, going to default next state
[15:29:39.737] [bmv2] [T] [thread 4067] [4.0] [cxt 0] Bytes parsed: 34
[15:29:39.737] [bmv2] [D] [thread 4067] [4.0] [cxt 0] Parser 'parser': end
[15:29:39.737] [bmv2] [D] [thread 4067] [4.0] [cxt 0] Pipeline 'ingress': start
[15:29:39.737] [bmv2] [T] [thread 4067] [4.0] [cxt 0] /home/p4/Desktop/P4Lab/ex1/p4src/forwarding.p4(116) Condition "hdr.ipv4.isValid()" (node_2) is true
[15:29:39.737] [bmv2] [T] [thread 4067] [4.0] [cxt 0] Applying table 'MyIngress.ipv4_lpm'
[15:29:39.737] [bmv2] [D] [thread 4067] [4.0] [cxt 0] Looking up key:
* hdr.ipv4.dstAddr    : 0a000202

[15:29:39.737] [bmv2] [D] [thread 4067] [4.0] [cxt 0] Table 'MyIngress.ipv4_lpm': miss
[15:29:39.737] [bmv2] [D] [thread 4067] [4.0] [cxt 0] Action entry is NoAction - 
[15:29:39.737] [bmv2] [T] [thread 4067] [4.0] [cxt 0] Action NoAction
[15:29:39.737] [bmv2] [D] [thread 4067] [4.0] [cxt 0] Pipeline 'ingress': end
[15:29:39.737] [bmv2] [D] [thread 4067] [4.0] [cxt 0] Egress port is 0
[15:29:39.737] [bmv2] [D] [thread 4068] [4.0] [cxt 0] Pipeline 'egress': start
[15:29:39.737] [bmv2] [D] [thread 4068] [4.0] [cxt 0] Pipeline 'egress': end
[15:29:39.737] [bmv2] [D] [thread 4068] [4.0] [cxt 0] Deparser 'deparser': start
[15:29:39.737] [bmv2] [D] [thread 4068] [4.0] [cxt 0] Updating checksum 'cksum'
[15:29:39.737] [bmv2] [D] [thread 4068] [4.0] [cxt 0] Deparsing header 'ethernet'
[15:29:39.737] [bmv2] [D] [thread 4068] [4.0] [cxt 0] Deparsing header 'ipv4'
[15:29:39.737] [bmv2] [D] [thread 4068] [4.0] [cxt 0] Deparser 'deparser': end
[15:29:39.737] [bmv2] [D] [thread 4072] [4.0] [cxt 0] Transmitting packet of size 34 out of port 0
[15:29:39.865] [bmv2] [D] [thread 4067] [5.0] [cxt 0] Processing packet received on port 1
[15:29:39.865] [bmv2] [D] [thread 4067] [5.0] [cxt 0] Parser 'parser': start
[15:29:39.865] [bmv2] [D] [thread 4067] [5.0] [cxt 0] Parser 'parser' entering state 'start'
[15:29:39.865] [bmv2] [D] [thread 4067] [5.0] [cxt 0] Extracting header 'ethernet'
[15:29:39.865] [bmv2] [D] [thread 4067] [5.0] [cxt 0] Parser state 'start': key is 0800
[15:29:39.865] [bmv2] [T] [thread 4067] [5.0] [cxt 0] Bytes parsed: 14
[15:29:39.865] [bmv2] [D] [thread 4067] [5.0] [cxt 0] Parser 'parser' entering state 'ipv4'
[15:29:39.865] [bmv2] [D] [thread 4067] [5.0] [cxt 0] Extracting header 'ipv4'
[15:29:39.865] [bmv2] [D] [thread 4067] [5.0] [cxt 0] Parser state 'ipv4' has no switch, going to default next state
[15:29:39.865] [bmv2] [T] [thread 4067] [5.0] [cxt 0] Bytes parsed: 34
[15:29:39.865] [bmv2] [D] [thread 4067] [5.0] [cxt 0] Parser 'parser': end
[15:29:39.865] [bmv2] [D] [thread 4067] [5.0] [cxt 0] Pipeline 'ingress': start
[15:29:39.865] [bmv2] [T] [thread 4067] [5.0] [cxt 0] /home/p4/Desktop/P4Lab/ex1/p4src/forwarding.p4(116) Condition "hdr.ipv4.isValid()" (node_2) is true
[15:29:39.865] [bmv2] [T] [thread 4067] [5.0] [cxt 0] Applying table 'MyIngress.ipv4_lpm'
[15:29:39.865] [bmv2] [D] [thread 4067] [5.0] [cxt 0] Looking up key:
* hdr.ipv4.dstAddr    : 0a000202

[15:29:39.865] [bmv2] [D] [thread 4067] [5.0] [cxt 0] Table 'MyIngress.ipv4_lpm': miss
[15:29:39.865] [bmv2] [D] [thread 4067] [5.0] [cxt 0] Action entry is NoAction - 
[15:29:39.865] [bmv2] [T] [thread 4067] [5.0] [cxt 0] Action NoAction
[15:29:39.865] [bmv2] [D] [thread 4067] [5.0] [cxt 0] Pipeline 'ingress': end
[15:29:39.865] [bmv2] [D] [thread 4067] [5.0] [cxt 0] Egress port is 0
[15:29:39.865] [bmv2] [D] [thread 4068] [5.0] [cxt 0] Pipeline 'egress': start
[15:29:39.865] [bmv2] [D] [thread 4068] [5.0] [cxt 0] Pipeline 'egress': end
[15:29:39.865] [bmv2] [D] [thread 4068] [5.0] [cxt 0] Deparser 'deparser': start
[15:29:39.865] [bmv2] [D] [thread 4068] [5.0] [cxt 0] Updating checksum 'cksum'
[15:29:39.865] [bmv2] [D] [thread 4068] [5.0] [cxt 0] Deparsing header 'ethernet'
[15:29:39.865] [bmv2] [D] [thread 4068] [5.0] [cxt 0] Deparsing header 'ipv4'
[15:29:39.865] [bmv2] [D] [thread 4068] [5.0] [cxt 0] Deparser 'deparser': end
[15:29:39.865] [bmv2] [D] [thread 4072] [5.0] [cxt 0] Transmitting packet of size 34 out of port 0
[15:29:51.967] [bmv2] [T] [thread 4201] bm_get_config
[15:29:51.968] [bmv2] [T] [thread 4201] bm_mt_get_entries
[15:29:51.978] [bmv2] [T] [thread 4201] bm_reset_state
[15:29:51.978] [bmv2] [D] [thread 4201] Resetting simple_switch target-specific state
[15:29:51.979] [bmv2] [D] [thread 4201] resetting PRE state
[15:29:51.980] [bmv2] [T] [thread 4201] bm_table_add_entry
[15:29:51.980] [bmv2] [D] [thread 4201] Entry 0 added to table 'MyIngress.ipv4_lpm'
[15:29:51.980] [bmv2] [D] [thread 4201] Dumping entry 0
Match key:
* hdr.ipv4.dstAddr    : EXACT     0a000202
Action entry: MyIngress.ipv4_forward - 2,

[15:29:51.981] [bmv2] [T] [thread 4201] bm_table_add_entry
[15:29:51.981] [bmv2] [D] [thread 4201] Entry 1 added to table 'MyIngress.ipv4_lpm'
[15:29:51.981] [bmv2] [D] [thread 4201] Dumping entry 1
Match key:
* hdr.ipv4.dstAddr    : EXACT     0a000101
Action entry: MyIngress.ipv4_forward - 1,

[15:29:54.313] [bmv2] [D] [thread 4067] [6.0] [cxt 0] Processing packet received on port 1
[15:29:54.313] [bmv2] [D] [thread 4067] [6.0] [cxt 0] Parser 'parser': start
[15:29:54.313] [bmv2] [D] [thread 4067] [6.0] [cxt 0] Parser 'parser' entering state 'start'
[15:29:54.313] [bmv2] [D] [thread 4067] [6.0] [cxt 0] Extracting header 'ethernet'
[15:29:54.313] [bmv2] [D] [thread 4067] [6.0] [cxt 0] Parser state 'start': key is 0800
[15:29:54.313] [bmv2] [T] [thread 4067] [6.0] [cxt 0] Bytes parsed: 14
[15:29:54.313] [bmv2] [D] [thread 4067] [6.0] [cxt 0] Parser 'parser' entering state 'ipv4'
[15:29:54.313] [bmv2] [D] [thread 4067] [6.0] [cxt 0] Extracting header 'ipv4'
[15:29:54.313] [bmv2] [D] [thread 4067] [6.0] [cxt 0] Parser state 'ipv4' has no switch, going to default next state
[15:29:54.313] [bmv2] [T] [thread 4067] [6.0] [cxt 0] Bytes parsed: 34
[15:29:54.313] [bmv2] [D] [thread 4067] [6.0] [cxt 0] Parser 'parser': end
[15:29:54.313] [bmv2] [D] [thread 4067] [6.0] [cxt 0] Pipeline 'ingress': start
[15:29:54.313] [bmv2] [T] [thread 4067] [6.0] [cxt 0] /home/p4/Desktop/P4Lab/ex1/p4src/forwarding.p4(116) Condition "hdr.ipv4.isValid()" (node_2) is true
[15:29:54.313] [bmv2] [T] [thread 4067] [6.0] [cxt 0] Applying table 'MyIngress.ipv4_lpm'
[15:29:54.313] [bmv2] [D] [thread 4067] [6.0] [cxt 0] Looking up key:
* hdr.ipv4.dstAddr    : 0a000202

[15:29:54.313] [bmv2] [D] [thread 4067] [6.0] [cxt 0] Table 'MyIngress.ipv4_lpm': hit with handle 0
[15:29:54.313] [bmv2] [D] [thread 4067] [6.0] [cxt 0] Dumping entry 0
Match key:
* hdr.ipv4.dstAddr    : EXACT     0a000202
Action entry: MyIngress.ipv4_forward - 2,

[15:29:54.313] [bmv2] [D] [thread 4067] [6.0] [cxt 0] Action entry is MyIngress.ipv4_forward - 2,
[15:29:54.313] [bmv2] [T] [thread 4067] [6.0] [cxt 0] Action MyIngress.ipv4_forward
[15:29:54.313] [bmv2] [T] [thread 4067] [6.0] [cxt 0] /home/p4/Desktop/P4Lab/ex1/p4src/forwarding.p4(93) Primitive standard_metadata.egress_spec = port
[15:29:54.313] [bmv2] [T] [thread 4067] [6.0] [cxt 0] /home/p4/Desktop/P4Lab/ex1/p4src/forwarding.p4(96) Primitive hdr.ipv4.ttl = hdr.ipv4.ttl -1
[15:29:54.313] [bmv2] [D] [thread 4067] [6.0] [cxt 0] Pipeline 'ingress': end
[15:29:54.313] [bmv2] [D] [thread 4067] [6.0] [cxt 0] Egress port is 2
[15:29:54.313] [bmv2] [D] [thread 4070] [6.0] [cxt 0] Pipeline 'egress': start
[15:29:54.313] [bmv2] [D] [thread 4070] [6.0] [cxt 0] Pipeline 'egress': end
[15:29:54.313] [bmv2] [D] [thread 4070] [6.0] [cxt 0] Deparser 'deparser': start
[15:29:54.313] [bmv2] [D] [thread 4070] [6.0] [cxt 0] Updating checksum 'cksum'
[15:29:54.313] [bmv2] [D] [thread 4070] [6.0] [cxt 0] Deparsing header 'ethernet'
[15:29:54.313] [bmv2] [D] [thread 4070] [6.0] [cxt 0] Deparsing header 'ipv4'
[15:29:54.314] [bmv2] [D] [thread 4070] [6.0] [cxt 0] Deparser 'deparser': end
[15:29:54.314] [bmv2] [D] [thread 4072] [6.0] [cxt 0] Transmitting packet of size 34 out of port 2
[15:29:54.730] [bmv2] [D] [thread 4067] [7.0] [cxt 0] Processing packet received on port 1
[15:29:54.730] [bmv2] [D] [thread 4067] [7.0] [cxt 0] Parser 'parser': start
[15:29:54.730] [bmv2] [D] [thread 4067] [7.0] [cxt 0] Parser 'parser' entering state 'start'
[15:29:54.730] [bmv2] [D] [thread 4067] [7.0] [cxt 0] Extracting header 'ethernet'
[15:29:54.730] [bmv2] [D] [thread 4067] [7.0] [cxt 0] Parser state 'start': key is 0800
[15:29:54.730] [bmv2] [T] [thread 4067] [7.0] [cxt 0] Bytes parsed: 14
[15:29:54.730] [bmv2] [D] [thread 4067] [7.0] [cxt 0] Parser 'parser' entering state 'ipv4'
[15:29:54.730] [bmv2] [D] [thread 4067] [7.0] [cxt 0] Extracting header 'ipv4'
[15:29:54.730] [bmv2] [D] [thread 4067] [7.0] [cxt 0] Parser state 'ipv4' has no switch, going to default next state
[15:29:54.730] [bmv2] [T] [thread 4067] [7.0] [cxt 0] Bytes parsed: 34
[15:29:54.730] [bmv2] [D] [thread 4067] [7.0] [cxt 0] Parser 'parser': end
[15:29:54.730] [bmv2] [D] [thread 4067] [7.0] [cxt 0] Pipeline 'ingress': start
[15:29:54.730] [bmv2] [T] [thread 4067] [7.0] [cxt 0] /home/p4/Desktop/P4Lab/ex1/p4src/forwarding.p4(116) Condition "hdr.ipv4.isValid()" (node_2) is true
[15:29:54.730] [bmv2] [T] [thread 4067] [7.0] [cxt 0] Applying table 'MyIngress.ipv4_lpm'
[15:29:54.730] [bmv2] [D] [thread 4067] [7.0] [cxt 0] Looking up key:
* hdr.ipv4.dstAddr    : 0a000202

[15:29:54.730] [bmv2] [D] [thread 4067] [7.0] [cxt 0] Table 'MyIngress.ipv4_lpm': hit with handle 0
[15:29:54.730] [bmv2] [D] [thread 4067] [7.0] [cxt 0] Dumping entry 0
Match key:
* hdr.ipv4.dstAddr    : EXACT     0a000202
Action entry: MyIngress.ipv4_forward - 2,

[15:29:54.730] [bmv2] [D] [thread 4067] [7.0] [cxt 0] Action entry is MyIngress.ipv4_forward - 2,
[15:29:54.730] [bmv2] [T] [thread 4067] [7.0] [cxt 0] Action MyIngress.ipv4_forward
[15:29:54.730] [bmv2] [T] [thread 4067] [7.0] [cxt 0] /home/p4/Desktop/P4Lab/ex1/p4src/forwarding.p4(93) Primitive standard_metadata.egress_spec = port
[15:29:54.730] [bmv2] [T] [thread 4067] [7.0] [cxt 0] /home/p4/Desktop/P4Lab/ex1/p4src/forwarding.p4(96) Primitive hdr.ipv4.ttl = hdr.ipv4.ttl -1
[15:29:54.730] [bmv2] [D] [thread 4067] [7.0] [cxt 0] Pipeline 'ingress': end
[15:29:54.730] [bmv2] [D] [thread 4067] [7.0] [cxt 0] Egress port is 2
[15:29:54.730] [bmv2] [D] [thread 4070] [7.0] [cxt 0] Pipeline 'egress': start
[15:29:54.730] [bmv2] [D] [thread 4070] [7.0] [cxt 0] Pipeline 'egress': end
[15:29:54.730] [bmv2] [D] [thread 4070] [7.0] [cxt 0] Deparser 'deparser': start
[15:29:54.730] [bmv2] [D] [thread 4070] [7.0] [cxt 0] Updating checksum 'cksum'
[15:29:54.730] [bmv2] [D] [thread 4070] [7.0] [cxt 0] Deparsing header 'ethernet'
[15:29:54.730] [bmv2] [D] [thread 4070] [7.0] [cxt 0] Deparsing header 'ipv4'
[15:29:54.730] [bmv2] [D] [thread 4070] [7.0] [cxt 0] Deparser 'deparser': end
[15:29:54.730] [bmv2] [D] [thread 4072] [7.0] [cxt 0] Transmitting packet of size 34 out of port 2
[15:29:54.882] [bmv2] [D] [thread 4067] [8.0] [cxt 0] Processing packet received on port 1
[15:29:54.882] [bmv2] [D] [thread 4067] [8.0] [cxt 0] Parser 'parser': start
[15:29:54.882] [bmv2] [D] [thread 4067] [8.0] [cxt 0] Parser 'parser' entering state 'start'
[15:29:54.882] [bmv2] [D] [thread 4067] [8.0] [cxt 0] Extracting header 'ethernet'
[15:29:54.882] [bmv2] [D] [thread 4067] [8.0] [cxt 0] Parser state 'start': key is 0800
[15:29:54.882] [bmv2] [T] [thread 4067] [8.0] [cxt 0] Bytes parsed: 14
[15:29:54.882] [bmv2] [D] [thread 4067] [8.0] [cxt 0] Parser 'parser' entering state 'ipv4'
[15:29:54.882] [bmv2] [D] [thread 4067] [8.0] [cxt 0] Extracting header 'ipv4'
[15:29:54.882] [bmv2] [D] [thread 4067] [8.0] [cxt 0] Parser state 'ipv4' has no switch, going to default next state
[15:29:54.882] [bmv2] [T] [thread 4067] [8.0] [cxt 0] Bytes parsed: 34
[15:29:54.882] [bmv2] [D] [thread 4067] [8.0] [cxt 0] Parser 'parser': end
[15:29:54.882] [bmv2] [D] [thread 4067] [8.0] [cxt 0] Pipeline 'ingress': start
[15:29:54.882] [bmv2] [T] [thread 4067] [8.0] [cxt 0] /home/p4/Desktop/P4Lab/ex1/p4src/forwarding.p4(116) Condition "hdr.ipv4.isValid()" (node_2) is true
[15:29:54.882] [bmv2] [T] [thread 4067] [8.0] [cxt 0] Applying table 'MyIngress.ipv4_lpm'
[15:29:54.882] [bmv2] [D] [thread 4067] [8.0] [cxt 0] Looking up key:
* hdr.ipv4.dstAddr    : 0a000202

[15:29:54.882] [bmv2] [D] [thread 4067] [8.0] [cxt 0] Table 'MyIngress.ipv4_lpm': hit with handle 0
[15:29:54.882] [bmv2] [D] [thread 4067] [8.0] [cxt 0] Dumping entry 0
Match key:
* hdr.ipv4.dstAddr    : EXACT     0a000202
Action entry: MyIngress.ipv4_forward - 2,

[15:29:54.882] [bmv2] [D] [thread 4067] [8.0] [cxt 0] Action entry is MyIngress.ipv4_forward - 2,
[15:29:54.882] [bmv2] [T] [thread 4067] [8.0] [cxt 0] Action MyIngress.ipv4_forward
[15:29:54.882] [bmv2] [T] [thread 4067] [8.0] [cxt 0] /home/p4/Desktop/P4Lab/ex1/p4src/forwarding.p4(93) Primitive standard_metadata.egress_spec = port
[15:29:54.882] [bmv2] [T] [thread 4067] [8.0] [cxt 0] /home/p4/Desktop/P4Lab/ex1/p4src/forwarding.p4(96) Primitive hdr.ipv4.ttl = hdr.ipv4.ttl -1
[15:29:54.882] [bmv2] [D] [thread 4067] [8.0] [cxt 0] Pipeline 'ingress': end
[15:29:54.882] [bmv2] [D] [thread 4067] [8.0] [cxt 0] Egress port is 2
[15:29:54.882] [bmv2] [D] [thread 4070] [8.0] [cxt 0] Pipeline 'egress': start
[15:29:54.882] [bmv2] [D] [thread 4070] [8.0] [cxt 0] Pipeline 'egress': end
[15:29:54.882] [bmv2] [D] [thread 4070] [8.0] [cxt 0] Deparser 'deparser': start
[15:29:54.882] [bmv2] [D] [thread 4070] [8.0] [cxt 0] Updating checksum 'cksum'
[15:29:54.882] [bmv2] [D] [thread 4070] [8.0] [cxt 0] Deparsing header 'ethernet'
[15:29:54.882] [bmv2] [D] [thread 4070] [8.0] [cxt 0] Deparsing header 'ipv4'
[15:29:54.882] [bmv2] [D] [thread 4070] [8.0] [cxt 0] Deparser 'deparser': end
[15:29:54.882] [bmv2] [D] [thread 4072] [8.0] [cxt 0] Transmitting packet of size 34 out of port 2
[15:30:57.156] [bmv2] [D] [thread 4067] [9.0] [cxt 0] Processing packet received on port 1
[15:30:57.156] [bmv2] [D] [thread 4067] [9.0] [cxt 0] Parser 'parser': start
[15:30:57.156] [bmv2] [D] [thread 4067] [9.0] [cxt 0] Parser 'parser' entering state 'start'
[15:30:57.156] [bmv2] [D] [thread 4067] [9.0] [cxt 0] Extracting header 'ethernet'
[15:30:57.156] [bmv2] [D] [thread 4067] [9.0] [cxt 0] Parser state 'start': key is 0800
[15:30:57.156] [bmv2] [T] [thread 4067] [9.0] [cxt 0] Bytes parsed: 14
[15:30:57.156] [bmv2] [D] [thread 4067] [9.0] [cxt 0] Parser 'parser' entering state 'ipv4'
[15:30:57.156] [bmv2] [D] [thread 4067] [9.0] [cxt 0] Extracting header 'ipv4'
[15:30:57.156] [bmv2] [D] [thread 4067] [9.0] [cxt 0] Parser state 'ipv4' has no switch, going to default next state
[15:30:57.156] [bmv2] [T] [thread 4067] [9.0] [cxt 0] Bytes parsed: 34
[15:30:57.156] [bmv2] [D] [thread 4067] [9.0] [cxt 0] Parser 'parser': end
[15:30:57.156] [bmv2] [D] [thread 4067] [9.0] [cxt 0] Pipeline 'ingress': start
[15:30:57.156] [bmv2] [T] [thread 4067] [9.0] [cxt 0] /home/p4/Desktop/P4Lab/ex1/p4src/forwarding.p4(116) Condition "hdr.ipv4.isValid()" (node_2) is true
[15:30:57.156] [bmv2] [T] [thread 4067] [9.0] [cxt 0] Applying table 'MyIngress.ipv4_lpm'
[15:30:57.156] [bmv2] [D] [thread 4067] [9.0] [cxt 0] Looking up key:
* hdr.ipv4.dstAddr    : 0a000202

[15:30:57.156] [bmv2] [D] [thread 4067] [9.0] [cxt 0] Table 'MyIngress.ipv4_lpm': hit with handle 0
[15:30:57.156] [bmv2] [D] [thread 4067] [9.0] [cxt 0] Dumping entry 0
Match key:
* hdr.ipv4.dstAddr    : EXACT     0a000202
Action entry: MyIngress.ipv4_forward - 2,

[15:30:57.156] [bmv2] [D] [thread 4067] [9.0] [cxt 0] Action entry is MyIngress.ipv4_forward - 2,
[15:30:57.156] [bmv2] [T] [thread 4067] [9.0] [cxt 0] Action MyIngress.ipv4_forward
[15:30:57.156] [bmv2] [T] [thread 4067] [9.0] [cxt 0] /home/p4/Desktop/P4Lab/ex1/p4src/forwarding.p4(93) Primitive standard_metadata.egress_spec = port
[15:30:57.156] [bmv2] [T] [thread 4067] [9.0] [cxt 0] /home/p4/Desktop/P4Lab/ex1/p4src/forwarding.p4(96) Primitive hdr.ipv4.ttl = hdr.ipv4.ttl -1
[15:30:57.156] [bmv2] [D] [thread 4067] [9.0] [cxt 0] Pipeline 'ingress': end
[15:30:57.156] [bmv2] [D] [thread 4067] [9.0] [cxt 0] Egress port is 2
[15:30:57.156] [bmv2] [D] [thread 4070] [9.0] [cxt 0] Pipeline 'egress': start
[15:30:57.156] [bmv2] [D] [thread 4070] [9.0] [cxt 0] Pipeline 'egress': end
[15:30:57.156] [bmv2] [D] [thread 4070] [9.0] [cxt 0] Deparser 'deparser': start
[15:30:57.156] [bmv2] [D] [thread 4070] [9.0] [cxt 0] Updating checksum 'cksum'
[15:30:57.156] [bmv2] [D] [thread 4070] [9.0] [cxt 0] Deparsing header 'ethernet'
[15:30:57.156] [bmv2] [D] [thread 4070] [9.0] [cxt 0] Deparsing header 'ipv4'
[15:30:57.156] [bmv2] [D] [thread 4070] [9.0] [cxt 0] Deparser 'deparser': end
[15:30:57.156] [bmv2] [D] [thread 4072] [9.0] [cxt 0] Transmitting packet of size 34 out of port 2
[15:30:57.467] [bmv2] [D] [thread 4067] [10.0] [cxt 0] Processing packet received on port 1
[15:30:57.467] [bmv2] [D] [thread 4067] [10.0] [cxt 0] Parser 'parser': start
[15:30:57.467] [bmv2] [D] [thread 4067] [10.0] [cxt 0] Parser 'parser' entering state 'start'
[15:30:57.467] [bmv2] [D] [thread 4067] [10.0] [cxt 0] Extracting header 'ethernet'
[15:30:57.467] [bmv2] [D] [thread 4067] [10.0] [cxt 0] Parser state 'start': key is 0800
[15:30:57.467] [bmv2] [T] [thread 4067] [10.0] [cxt 0] Bytes parsed: 14
[15:30:57.467] [bmv2] [D] [thread 4067] [10.0] [cxt 0] Parser 'parser' entering state 'ipv4'
[15:30:57.467] [bmv2] [D] [thread 4067] [10.0] [cxt 0] Extracting header 'ipv4'
[15:30:57.467] [bmv2] [D] [thread 4067] [10.0] [cxt 0] Parser state 'ipv4' has no switch, going to default next state
[15:30:57.467] [bmv2] [T] [thread 4067] [10.0] [cxt 0] Bytes parsed: 34
[15:30:57.467] [bmv2] [D] [thread 4067] [10.0] [cxt 0] Parser 'parser': end
[15:30:57.467] [bmv2] [D] [thread 4067] [10.0] [cxt 0] Pipeline 'ingress': start
[15:30:57.467] [bmv2] [T] [thread 4067] [10.0] [cxt 0] /home/p4/Desktop/P4Lab/ex1/p4src/forwarding.p4(116) Condition "hdr.ipv4.isValid()" (node_2) is true
[15:30:57.467] [bmv2] [T] [thread 4067] [10.0] [cxt 0] Applying table 'MyIngress.ipv4_lpm'
[15:30:57.467] [bmv2] [D] [thread 4067] [10.0] [cxt 0] Looking up key:
* hdr.ipv4.dstAddr    : 0a000202

[15:30:57.467] [bmv2] [D] [thread 4067] [10.0] [cxt 0] Table 'MyIngress.ipv4_lpm': hit with handle 0
[15:30:57.467] [bmv2] [D] [thread 4067] [10.0] [cxt 0] Dumping entry 0
Match key:
* hdr.ipv4.dstAddr    : EXACT     0a000202
Action entry: MyIngress.ipv4_forward - 2,

[15:30:57.468] [bmv2] [D] [thread 4067] [10.0] [cxt 0] Action entry is MyIngress.ipv4_forward - 2,
[15:30:57.468] [bmv2] [T] [thread 4067] [10.0] [cxt 0] Action MyIngress.ipv4_forward
[15:30:57.468] [bmv2] [T] [thread 4067] [10.0] [cxt 0] /home/p4/Desktop/P4Lab/ex1/p4src/forwarding.p4(93) Primitive standard_metadata.egress_spec = port
[15:30:57.468] [bmv2] [T] [thread 4067] [10.0] [cxt 0] /home/p4/Desktop/P4Lab/ex1/p4src/forwarding.p4(96) Primitive hdr.ipv4.ttl = hdr.ipv4.ttl -1
[15:30:57.468] [bmv2] [D] [thread 4067] [10.0] [cxt 0] Pipeline 'ingress': end
[15:30:57.468] [bmv2] [D] [thread 4067] [10.0] [cxt 0] Egress port is 2
[15:30:57.468] [bmv2] [D] [thread 4070] [10.0] [cxt 0] Pipeline 'egress': start
[15:30:57.468] [bmv2] [D] [thread 4070] [10.0] [cxt 0] Pipeline 'egress': end
[15:30:57.468] [bmv2] [D] [thread 4070] [10.0] [cxt 0] Deparser 'deparser': start
[15:30:57.468] [bmv2] [D] [thread 4070] [10.0] [cxt 0] Updating checksum 'cksum'
[15:30:57.468] [bmv2] [D] [thread 4070] [10.0] [cxt 0] Deparsing header 'ethernet'
[15:30:57.468] [bmv2] [D] [thread 4070] [10.0] [cxt 0] Deparsing header 'ipv4'
[15:30:57.468] [bmv2] [D] [thread 4070] [10.0] [cxt 0] Deparser 'deparser': end
[15:30:57.468] [bmv2] [D] [thread 4072] [10.0] [cxt 0] Transmitting packet of size 34 out of port 2
[15:30:58.812] [bmv2] [D] [thread 4067] [11.0] [cxt 0] Processing packet received on port 1
[15:30:58.812] [bmv2] [D] [thread 4067] [11.0] [cxt 0] Parser 'parser': start
[15:30:58.812] [bmv2] [D] [thread 4067] [11.0] [cxt 0] Parser 'parser' entering state 'start'
[15:30:58.812] [bmv2] [D] [thread 4067] [11.0] [cxt 0] Extracting header 'ethernet'
[15:30:58.812] [bmv2] [D] [thread 4067] [11.0] [cxt 0] Parser state 'start': key is 0800
[15:30:58.812] [bmv2] [T] [thread 4067] [11.0] [cxt 0] Bytes parsed: 14
[15:30:58.812] [bmv2] [D] [thread 4067] [11.0] [cxt 0] Parser 'parser' entering state 'ipv4'
[15:30:58.812] [bmv2] [D] [thread 4067] [11.0] [cxt 0] Extracting header 'ipv4'
[15:30:58.812] [bmv2] [D] [thread 4067] [11.0] [cxt 0] Parser state 'ipv4' has no switch, going to default next state
[15:30:58.812] [bmv2] [T] [thread 4067] [11.0] [cxt 0] Bytes parsed: 34
[15:30:58.812] [bmv2] [D] [thread 4067] [11.0] [cxt 0] Parser 'parser': end
[15:30:58.812] [bmv2] [D] [thread 4067] [11.0] [cxt 0] Pipeline 'ingress': start
[15:30:58.812] [bmv2] [T] [thread 4067] [11.0] [cxt 0] /home/p4/Desktop/P4Lab/ex1/p4src/forwarding.p4(116) Condition "hdr.ipv4.isValid()" (node_2) is true
[15:30:58.812] [bmv2] [T] [thread 4067] [11.0] [cxt 0] Applying table 'MyIngress.ipv4_lpm'
[15:30:58.812] [bmv2] [D] [thread 4067] [11.0] [cxt 0] Looking up key:
* hdr.ipv4.dstAddr    : 0a000202

[15:30:58.812] [bmv2] [D] [thread 4067] [11.0] [cxt 0] Table 'MyIngress.ipv4_lpm': hit with handle 0
[15:30:58.812] [bmv2] [D] [thread 4067] [11.0] [cxt 0] Dumping entry 0
Match key:
* hdr.ipv4.dstAddr    : EXACT     0a000202
Action entry: MyIngress.ipv4_forward - 2,

[15:30:58.812] [bmv2] [D] [thread 4067] [11.0] [cxt 0] Action entry is MyIngress.ipv4_forward - 2,
[15:30:58.812] [bmv2] [T] [thread 4067] [11.0] [cxt 0] Action MyIngress.ipv4_forward
[15:30:58.812] [bmv2] [T] [thread 4067] [11.0] [cxt 0] /home/p4/Desktop/P4Lab/ex1/p4src/forwarding.p4(93) Primitive standard_metadata.egress_spec = port
[15:30:58.812] [bmv2] [T] [thread 4067] [11.0] [cxt 0] /home/p4/Desktop/P4Lab/ex1/p4src/forwarding.p4(96) Primitive hdr.ipv4.ttl = hdr.ipv4.ttl -1
[15:30:58.812] [bmv2] [D] [thread 4067] [11.0] [cxt 0] Pipeline 'ingress': end
[15:30:58.812] [bmv2] [D] [thread 4067] [11.0] [cxt 0] Egress port is 2
[15:30:58.812] [bmv2] [D] [thread 4070] [11.0] [cxt 0] Pipeline 'egress': start
[15:30:58.812] [bmv2] [D] [thread 4070] [11.0] [cxt 0] Pipeline 'egress': end
[15:30:58.812] [bmv2] [D] [thread 4070] [11.0] [cxt 0] Deparser 'deparser': start
[15:30:58.812] [bmv2] [D] [thread 4070] [11.0] [cxt 0] Updating checksum 'cksum'
[15:30:58.812] [bmv2] [D] [thread 4070] [11.0] [cxt 0] Deparsing header 'ethernet'
[15:30:58.812] [bmv2] [D] [thread 4070] [11.0] [cxt 0] Deparsing header 'ipv4'
[15:30:58.812] [bmv2] [D] [thread 4070] [11.0] [cxt 0] Deparser 'deparser': end
[15:30:58.812] [bmv2] [D] [thread 4072] [11.0] [cxt 0] Transmitting packet of size 34 out of port 2
[15:31:02.228] [bmv2] [D] [thread 4067] [12.0] [cxt 0] Processing packet received on port 1
[15:31:02.228] [bmv2] [D] [thread 4067] [12.0] [cxt 0] Parser 'parser': start
[15:31:02.228] [bmv2] [D] [thread 4067] [12.0] [cxt 0] Parser 'parser' entering state 'start'
[15:31:02.228] [bmv2] [D] [thread 4067] [12.0] [cxt 0] Extracting header 'ethernet'
[15:31:02.228] [bmv2] [D] [thread 4067] [12.0] [cxt 0] Parser state 'start': key is 0800
[15:31:02.228] [bmv2] [T] [thread 4067] [12.0] [cxt 0] Bytes parsed: 14
[15:31:02.228] [bmv2] [D] [thread 4067] [12.0] [cxt 0] Parser 'parser' entering state 'ipv4'
[15:31:02.228] [bmv2] [D] [thread 4067] [12.0] [cxt 0] Extracting header 'ipv4'
[15:31:02.228] [bmv2] [D] [thread 4067] [12.0] [cxt 0] Parser state 'ipv4' has no switch, going to default next state
[15:31:02.228] [bmv2] [T] [thread 4067] [12.0] [cxt 0] Bytes parsed: 34
[15:31:02.228] [bmv2] [D] [thread 4067] [12.0] [cxt 0] Parser 'parser': end
[15:31:02.228] [bmv2] [D] [thread 4067] [12.0] [cxt 0] Pipeline 'ingress': start
[15:31:02.228] [bmv2] [T] [thread 4067] [12.0] [cxt 0] /home/p4/Desktop/P4Lab/ex1/p4src/forwarding.p4(116) Condition "hdr.ipv4.isValid()" (node_2) is true
[15:31:02.228] [bmv2] [T] [thread 4067] [12.0] [cxt 0] Applying table 'MyIngress.ipv4_lpm'
[15:31:02.228] [bmv2] [D] [thread 4067] [12.0] [cxt 0] Looking up key:
* hdr.ipv4.dstAddr    : 0a000202

[15:31:02.228] [bmv2] [D] [thread 4067] [12.0] [cxt 0] Table 'MyIngress.ipv4_lpm': hit with handle 0
[15:31:02.228] [bmv2] [D] [thread 4067] [12.0] [cxt 0] Dumping entry 0
Match key:
* hdr.ipv4.dstAddr    : EXACT     0a000202
Action entry: MyIngress.ipv4_forward - 2,

[15:31:02.228] [bmv2] [D] [thread 4067] [12.0] [cxt 0] Action entry is MyIngress.ipv4_forward - 2,
[15:31:02.228] [bmv2] [T] [thread 4067] [12.0] [cxt 0] Action MyIngress.ipv4_forward
[15:31:02.228] [bmv2] [T] [thread 4067] [12.0] [cxt 0] /home/p4/Desktop/P4Lab/ex1/p4src/forwarding.p4(93) Primitive standard_metadata.egress_spec = port
[15:31:02.228] [bmv2] [T] [thread 4067] [12.0] [cxt 0] /home/p4/Desktop/P4Lab/ex1/p4src/forwarding.p4(96) Primitive hdr.ipv4.ttl = hdr.ipv4.ttl -1
[15:31:02.228] [bmv2] [D] [thread 4067] [12.0] [cxt 0] Pipeline 'ingress': end
[15:31:02.228] [bmv2] [D] [thread 4067] [12.0] [cxt 0] Egress port is 2
[15:31:02.228] [bmv2] [D] [thread 4070] [12.0] [cxt 0] Pipeline 'egress': start
[15:31:02.228] [bmv2] [D] [thread 4070] [12.0] [cxt 0] Pipeline 'egress': end
[15:31:02.228] [bmv2] [D] [thread 4070] [12.0] [cxt 0] Deparser 'deparser': start
[15:31:02.228] [bmv2] [D] [thread 4070] [12.0] [cxt 0] Updating checksum 'cksum'
[15:31:02.228] [bmv2] [D] [thread 4070] [12.0] [cxt 0] Deparsing header 'ethernet'
[15:31:02.228] [bmv2] [D] [thread 4070] [12.0] [cxt 0] Deparsing header 'ipv4'
[15:31:02.228] [bmv2] [D] [thread 4070] [12.0] [cxt 0] Deparser 'deparser': end
[15:31:02.229] [bmv2] [D] [thread 4072] [12.0] [cxt 0] Transmitting packet of size 34 out of port 2
[15:31:05.492] [bmv2] [D] [thread 4067] [13.0] [cxt 0] Processing packet received on port 1
[15:31:05.492] [bmv2] [D] [thread 4067] [13.0] [cxt 0] Parser 'parser': start
[15:31:05.492] [bmv2] [D] [thread 4067] [13.0] [cxt 0] Parser 'parser' entering state 'start'
[15:31:05.492] [bmv2] [D] [thread 4067] [13.0] [cxt 0] Extracting header 'ethernet'
[15:31:05.492] [bmv2] [D] [thread 4067] [13.0] [cxt 0] Parser state 'start': key is 0800
[15:31:05.492] [bmv2] [T] [thread 4067] [13.0] [cxt 0] Bytes parsed: 14
[15:31:05.492] [bmv2] [D] [thread 4067] [13.0] [cxt 0] Parser 'parser' entering state 'ipv4'
[15:31:05.492] [bmv2] [D] [thread 4067] [13.0] [cxt 0] Extracting header 'ipv4'
[15:31:05.492] [bmv2] [D] [thread 4067] [13.0] [cxt 0] Parser state 'ipv4' has no switch, going to default next state
[15:31:05.492] [bmv2] [T] [thread 4067] [13.0] [cxt 0] Bytes parsed: 34
[15:31:05.492] [bmv2] [D] [thread 4067] [13.0] [cxt 0] Parser 'parser': end
[15:31:05.492] [bmv2] [D] [thread 4067] [13.0] [cxt 0] Pipeline 'ingress': start
[15:31:05.492] [bmv2] [T] [thread 4067] [13.0] [cxt 0] /home/p4/Desktop/P4Lab/ex1/p4src/forwarding.p4(116) Condition "hdr.ipv4.isValid()" (node_2) is true
[15:31:05.492] [bmv2] [T] [thread 4067] [13.0] [cxt 0] Applying table 'MyIngress.ipv4_lpm'
[15:31:05.492] [bmv2] [D] [thread 4067] [13.0] [cxt 0] Looking up key:
* hdr.ipv4.dstAddr    : 0a000202

[15:31:05.492] [bmv2] [D] [thread 4067] [13.0] [cxt 0] Table 'MyIngress.ipv4_lpm': hit with handle 0
[15:31:05.492] [bmv2] [D] [thread 4067] [13.0] [cxt 0] Dumping entry 0
Match key:
* hdr.ipv4.dstAddr    : EXACT     0a000202
Action entry: MyIngress.ipv4_forward - 2,

[15:31:05.492] [bmv2] [D] [thread 4067] [13.0] [cxt 0] Action entry is MyIngress.ipv4_forward - 2,
[15:31:05.492] [bmv2] [T] [thread 4067] [13.0] [cxt 0] Action MyIngress.ipv4_forward
[15:31:05.492] [bmv2] [T] [thread 4067] [13.0] [cxt 0] /home/p4/Desktop/P4Lab/ex1/p4src/forwarding.p4(93) Primitive standard_metadata.egress_spec = port
[15:31:05.492] [bmv2] [T] [thread 4067] [13.0] [cxt 0] /home/p4/Desktop/P4Lab/ex1/p4src/forwarding.p4(96) Primitive hdr.ipv4.ttl = hdr.ipv4.ttl -1
[15:31:05.492] [bmv2] [D] [thread 4067] [13.0] [cxt 0] Pipeline 'ingress': end
[15:31:05.492] [bmv2] [D] [thread 4067] [13.0] [cxt 0] Egress port is 2
[15:31:05.492] [bmv2] [D] [thread 4070] [13.0] [cxt 0] Pipeline 'egress': start
[15:31:05.492] [bmv2] [D] [thread 4070] [13.0] [cxt 0] Pipeline 'egress': end
[15:31:05.492] [bmv2] [D] [thread 4070] [13.0] [cxt 0] Deparser 'deparser': start
[15:31:05.492] [bmv2] [D] [thread 4070] [13.0] [cxt 0] Updating checksum 'cksum'
[15:31:05.492] [bmv2] [D] [thread 4070] [13.0] [cxt 0] Deparsing header 'ethernet'
[15:31:05.492] [bmv2] [D] [thread 4070] [13.0] [cxt 0] Deparsing header 'ipv4'
[15:31:05.492] [bmv2] [D] [thread 4070] [13.0] [cxt 0] Deparser 'deparser': end
[15:31:05.492] [bmv2] [D] [thread 4072] [13.0] [cxt 0] Transmitting packet of size 34 out of port 2
[15:31:07.348] [bmv2] [D] [thread 4067] [14.0] [cxt 0] Processing packet received on port 1
[15:31:07.348] [bmv2] [D] [thread 4067] [14.0] [cxt 0] Parser 'parser': start
[15:31:07.348] [bmv2] [D] [thread 4067] [14.0] [cxt 0] Parser 'parser' entering state 'start'
[15:31:07.348] [bmv2] [D] [thread 4067] [14.0] [cxt 0] Extracting header 'ethernet'
[15:31:07.348] [bmv2] [D] [thread 4067] [14.0] [cxt 0] Parser state 'start': key is 0800
[15:31:07.348] [bmv2] [T] [thread 4067] [14.0] [cxt 0] Bytes parsed: 14
[15:31:07.348] [bmv2] [D] [thread 4067] [14.0] [cxt 0] Parser 'parser' entering state 'ipv4'
[15:31:07.348] [bmv2] [D] [thread 4067] [14.0] [cxt 0] Extracting header 'ipv4'
[15:31:07.348] [bmv2] [D] [thread 4067] [14.0] [cxt 0] Parser state 'ipv4' has no switch, going to default next state
[15:31:07.348] [bmv2] [T] [thread 4067] [14.0] [cxt 0] Bytes parsed: 34
[15:31:07.348] [bmv2] [D] [thread 4067] [14.0] [cxt 0] Parser 'parser': end
[15:31:07.348] [bmv2] [D] [thread 4067] [14.0] [cxt 0] Pipeline 'ingress': start
[15:31:07.348] [bmv2] [T] [thread 4067] [14.0] [cxt 0] /home/p4/Desktop/P4Lab/ex1/p4src/forwarding.p4(116) Condition "hdr.ipv4.isValid()" (node_2) is true
[15:31:07.348] [bmv2] [T] [thread 4067] [14.0] [cxt 0] Applying table 'MyIngress.ipv4_lpm'
[15:31:07.348] [bmv2] [D] [thread 4067] [14.0] [cxt 0] Looking up key:
* hdr.ipv4.dstAddr    : 0a000202

[15:31:07.348] [bmv2] [D] [thread 4067] [14.0] [cxt 0] Table 'MyIngress.ipv4_lpm': hit with handle 0
[15:31:07.348] [bmv2] [D] [thread 4067] [14.0] [cxt 0] Dumping entry 0
Match key:
* hdr.ipv4.dstAddr    : EXACT     0a000202
Action entry: MyIngress.ipv4_forward - 2,

[15:31:07.348] [bmv2] [D] [thread 4067] [14.0] [cxt 0] Action entry is MyIngress.ipv4_forward - 2,
[15:31:07.348] [bmv2] [T] [thread 4067] [14.0] [cxt 0] Action MyIngress.ipv4_forward
[15:31:07.348] [bmv2] [T] [thread 4067] [14.0] [cxt 0] /home/p4/Desktop/P4Lab/ex1/p4src/forwarding.p4(93) Primitive standard_metadata.egress_spec = port
[15:31:07.348] [bmv2] [T] [thread 4067] [14.0] [cxt 0] /home/p4/Desktop/P4Lab/ex1/p4src/forwarding.p4(96) Primitive hdr.ipv4.ttl = hdr.ipv4.ttl -1
[15:31:07.348] [bmv2] [D] [thread 4067] [14.0] [cxt 0] Pipeline 'ingress': end
[15:31:07.348] [bmv2] [D] [thread 4067] [14.0] [cxt 0] Egress port is 2
[15:31:07.348] [bmv2] [D] [thread 4070] [14.0] [cxt 0] Pipeline 'egress': start
[15:31:07.348] [bmv2] [D] [thread 4070] [14.0] [cxt 0] Pipeline 'egress': end
[15:31:07.348] [bmv2] [D] [thread 4070] [14.0] [cxt 0] Deparser 'deparser': start
[15:31:07.348] [bmv2] [D] [thread 4070] [14.0] [cxt 0] Updating checksum 'cksum'
[15:31:07.348] [bmv2] [D] [thread 4070] [14.0] [cxt 0] Deparsing header 'ethernet'
[15:31:07.348] [bmv2] [D] [thread 4070] [14.0] [cxt 0] Deparsing header 'ipv4'
[15:31:07.348] [bmv2] [D] [thread 4070] [14.0] [cxt 0] Deparser 'deparser': end
[15:31:07.348] [bmv2] [D] [thread 4072] [14.0] [cxt 0] Transmitting packet of size 34 out of port 2
[15:31:08.516] [bmv2] [D] [thread 4067] [15.0] [cxt 0] Processing packet received on port 1
[15:31:08.516] [bmv2] [D] [thread 4067] [15.0] [cxt 0] Parser 'parser': start
[15:31:08.516] [bmv2] [D] [thread 4067] [15.0] [cxt 0] Parser 'parser' entering state 'start'
[15:31:08.516] [bmv2] [D] [thread 4067] [15.0] [cxt 0] Extracting header 'ethernet'
[15:31:08.516] [bmv2] [D] [thread 4067] [15.0] [cxt 0] Parser state 'start': key is 0800
[15:31:08.516] [bmv2] [T] [thread 4067] [15.0] [cxt 0] Bytes parsed: 14
[15:31:08.516] [bmv2] [D] [thread 4067] [15.0] [cxt 0] Parser 'parser' entering state 'ipv4'
[15:31:08.516] [bmv2] [D] [thread 4067] [15.0] [cxt 0] Extracting header 'ipv4'
[15:31:08.516] [bmv2] [D] [thread 4067] [15.0] [cxt 0] Parser state 'ipv4' has no switch, going to default next state
[15:31:08.516] [bmv2] [T] [thread 4067] [15.0] [cxt 0] Bytes parsed: 34
[15:31:08.516] [bmv2] [D] [thread 4067] [15.0] [cxt 0] Parser 'parser': end
[15:31:08.516] [bmv2] [D] [thread 4067] [15.0] [cxt 0] Pipeline 'ingress': start
[15:31:08.516] [bmv2] [T] [thread 4067] [15.0] [cxt 0] /home/p4/Desktop/P4Lab/ex1/p4src/forwarding.p4(116) Condition "hdr.ipv4.isValid()" (node_2) is true
[15:31:08.516] [bmv2] [T] [thread 4067] [15.0] [cxt 0] Applying table 'MyIngress.ipv4_lpm'
[15:31:08.516] [bmv2] [D] [thread 4067] [15.0] [cxt 0] Looking up key:
* hdr.ipv4.dstAddr    : 0a000202

[15:31:08.516] [bmv2] [D] [thread 4067] [15.0] [cxt 0] Table 'MyIngress.ipv4_lpm': hit with handle 0
[15:31:08.516] [bmv2] [D] [thread 4067] [15.0] [cxt 0] Dumping entry 0
Match key:
* hdr.ipv4.dstAddr    : EXACT     0a000202
Action entry: MyIngress.ipv4_forward - 2,

[15:31:08.516] [bmv2] [D] [thread 4067] [15.0] [cxt 0] Action entry is MyIngress.ipv4_forward - 2,
[15:31:08.516] [bmv2] [T] [thread 4067] [15.0] [cxt 0] Action MyIngress.ipv4_forward
[15:31:08.516] [bmv2] [T] [thread 4067] [15.0] [cxt 0] /home/p4/Desktop/P4Lab/ex1/p4src/forwarding.p4(93) Primitive standard_metadata.egress_spec = port
[15:31:08.516] [bmv2] [T] [thread 4067] [15.0] [cxt 0] /home/p4/Desktop/P4Lab/ex1/p4src/forwarding.p4(96) Primitive hdr.ipv4.ttl = hdr.ipv4.ttl -1
[15:31:08.516] [bmv2] [D] [thread 4067] [15.0] [cxt 0] Pipeline 'ingress': end
[15:31:08.516] [bmv2] [D] [thread 4067] [15.0] [cxt 0] Egress port is 2
[15:31:08.516] [bmv2] [D] [thread 4070] [15.0] [cxt 0] Pipeline 'egress': start
[15:31:08.516] [bmv2] [D] [thread 4070] [15.0] [cxt 0] Pipeline 'egress': end
[15:31:08.516] [bmv2] [D] [thread 4070] [15.0] [cxt 0] Deparser 'deparser': start
[15:31:08.516] [bmv2] [D] [thread 4070] [15.0] [cxt 0] Updating checksum 'cksum'
[15:31:08.516] [bmv2] [D] [thread 4070] [15.0] [cxt 0] Deparsing header 'ethernet'
[15:31:08.516] [bmv2] [D] [thread 4070] [15.0] [cxt 0] Deparsing header 'ipv4'
[15:31:08.516] [bmv2] [D] [thread 4070] [15.0] [cxt 0] Deparser 'deparser': end
[15:31:08.516] [bmv2] [D] [thread 4072] [15.0] [cxt 0] Transmitting packet of size 34 out of port 2
[15:31:09.668] [bmv2] [D] [thread 4067] [16.0] [cxt 0] Processing packet received on port 1
[15:31:09.668] [bmv2] [D] [thread 4067] [16.0] [cxt 0] Parser 'parser': start
[15:31:09.668] [bmv2] [D] [thread 4067] [16.0] [cxt 0] Parser 'parser' entering state 'start'
[15:31:09.668] [bmv2] [D] [thread 4067] [16.0] [cxt 0] Extracting header 'ethernet'
[15:31:09.668] [bmv2] [D] [thread 4067] [16.0] [cxt 0] Parser state 'start': key is 0800
[15:31:09.668] [bmv2] [T] [thread 4067] [16.0] [cxt 0] Bytes parsed: 14
[15:31:09.668] [bmv2] [D] [thread 4067] [16.0] [cxt 0] Parser 'parser' entering state 'ipv4'
[15:31:09.668] [bmv2] [D] [thread 4067] [16.0] [cxt 0] Extracting header 'ipv4'
[15:31:09.668] [bmv2] [D] [thread 4067] [16.0] [cxt 0] Parser state 'ipv4' has no switch, going to default next state
[15:31:09.668] [bmv2] [T] [thread 4067] [16.0] [cxt 0] Bytes parsed: 34
[15:31:09.668] [bmv2] [D] [thread 4067] [16.0] [cxt 0] Parser 'parser': end
[15:31:09.668] [bmv2] [D] [thread 4067] [16.0] [cxt 0] Pipeline 'ingress': start
[15:31:09.668] [bmv2] [T] [thread 4067] [16.0] [cxt 0] /home/p4/Desktop/P4Lab/ex1/p4src/forwarding.p4(116) Condition "hdr.ipv4.isValid()" (node_2) is true
[15:31:09.668] [bmv2] [T] [thread 4067] [16.0] [cxt 0] Applying table 'MyIngress.ipv4_lpm'
[15:31:09.668] [bmv2] [D] [thread 4067] [16.0] [cxt 0] Looking up key:
* hdr.ipv4.dstAddr    : 0a000202

[15:31:09.668] [bmv2] [D] [thread 4067] [16.0] [cxt 0] Table 'MyIngress.ipv4_lpm': hit with handle 0
[15:31:09.668] [bmv2] [D] [thread 4067] [16.0] [cxt 0] Dumping entry 0
Match key:
* hdr.ipv4.dstAddr    : EXACT     0a000202
Action entry: MyIngress.ipv4_forward - 2,

[15:31:09.668] [bmv2] [D] [thread 4067] [16.0] [cxt 0] Action entry is MyIngress.ipv4_forward - 2,
[15:31:09.668] [bmv2] [T] [thread 4067] [16.0] [cxt 0] Action MyIngress.ipv4_forward
[15:31:09.668] [bmv2] [T] [thread 4067] [16.0] [cxt 0] /home/p4/Desktop/P4Lab/ex1/p4src/forwarding.p4(93) Primitive standard_metadata.egress_spec = port
[15:31:09.668] [bmv2] [T] [thread 4067] [16.0] [cxt 0] /home/p4/Desktop/P4Lab/ex1/p4src/forwarding.p4(96) Primitive hdr.ipv4.ttl = hdr.ipv4.ttl -1
[15:31:09.668] [bmv2] [D] [thread 4067] [16.0] [cxt 0] Pipeline 'ingress': end
[15:31:09.668] [bmv2] [D] [thread 4067] [16.0] [cxt 0] Egress port is 2
[15:31:09.668] [bmv2] [D] [thread 4070] [16.0] [cxt 0] Pipeline 'egress': start
[15:31:09.668] [bmv2] [D] [thread 4070] [16.0] [cxt 0] Pipeline 'egress': end
[15:31:09.668] [bmv2] [D] [thread 4070] [16.0] [cxt 0] Deparser 'deparser': start
[15:31:09.668] [bmv2] [D] [thread 4070] [16.0] [cxt 0] Updating checksum 'cksum'
[15:31:09.668] [bmv2] [D] [thread 4070] [16.0] [cxt 0] Deparsing header 'ethernet'
[15:31:09.668] [bmv2] [D] [thread 4070] [16.0] [cxt 0] Deparsing header 'ipv4'
[15:31:09.668] [bmv2] [D] [thread 4070] [16.0] [cxt 0] Deparser 'deparser': end
[15:31:09.668] [bmv2] [D] [thread 4072] [16.0] [cxt 0] Transmitting packet of size 34 out of port 2
[15:31:11.108] [bmv2] [D] [thread 4067] [17.0] [cxt 0] Processing packet received on port 1
[15:31:11.108] [bmv2] [D] [thread 4067] [17.0] [cxt 0] Parser 'parser': start
[15:31:11.108] [bmv2] [D] [thread 4067] [17.0] [cxt 0] Parser 'parser' entering state 'start'
[15:31:11.108] [bmv2] [D] [thread 4067] [17.0] [cxt 0] Extracting header 'ethernet'
[15:31:11.108] [bmv2] [D] [thread 4067] [17.0] [cxt 0] Parser state 'start': key is 0800
[15:31:11.108] [bmv2] [T] [thread 4067] [17.0] [cxt 0] Bytes parsed: 14
[15:31:11.108] [bmv2] [D] [thread 4067] [17.0] [cxt 0] Parser 'parser' entering state 'ipv4'
[15:31:11.108] [bmv2] [D] [thread 4067] [17.0] [cxt 0] Extracting header 'ipv4'
[15:31:11.108] [bmv2] [D] [thread 4067] [17.0] [cxt 0] Parser state 'ipv4' has no switch, going to default next state
[15:31:11.108] [bmv2] [T] [thread 4067] [17.0] [cxt 0] Bytes parsed: 34
[15:31:11.108] [bmv2] [D] [thread 4067] [17.0] [cxt 0] Parser 'parser': end
[15:31:11.108] [bmv2] [D] [thread 4067] [17.0] [cxt 0] Pipeline 'ingress': start
[15:31:11.108] [bmv2] [T] [thread 4067] [17.0] [cxt 0] /home/p4/Desktop/P4Lab/ex1/p4src/forwarding.p4(116) Condition "hdr.ipv4.isValid()" (node_2) is true
[15:31:11.108] [bmv2] [T] [thread 4067] [17.0] [cxt 0] Applying table 'MyIngress.ipv4_lpm'
[15:31:11.108] [bmv2] [D] [thread 4067] [17.0] [cxt 0] Looking up key:
* hdr.ipv4.dstAddr    : 0a000202

[15:31:11.108] [bmv2] [D] [thread 4067] [17.0] [cxt 0] Table 'MyIngress.ipv4_lpm': hit with handle 0
[15:31:11.108] [bmv2] [D] [thread 4067] [17.0] [cxt 0] Dumping entry 0
Match key:
* hdr.ipv4.dstAddr    : EXACT     0a000202
Action entry: MyIngress.ipv4_forward - 2,

[15:31:11.108] [bmv2] [D] [thread 4067] [17.0] [cxt 0] Action entry is MyIngress.ipv4_forward - 2,
[15:31:11.108] [bmv2] [T] [thread 4067] [17.0] [cxt 0] Action MyIngress.ipv4_forward
[15:31:11.108] [bmv2] [T] [thread 4067] [17.0] [cxt 0] /home/p4/Desktop/P4Lab/ex1/p4src/forwarding.p4(93) Primitive standard_metadata.egress_spec = port
[15:31:11.108] [bmv2] [T] [thread 4067] [17.0] [cxt 0] /home/p4/Desktop/P4Lab/ex1/p4src/forwarding.p4(96) Primitive hdr.ipv4.ttl = hdr.ipv4.ttl -1
[15:31:11.108] [bmv2] [D] [thread 4067] [17.0] [cxt 0] Pipeline 'ingress': end
[15:31:11.108] [bmv2] [D] [thread 4067] [17.0] [cxt 0] Egress port is 2
[15:31:11.108] [bmv2] [D] [thread 4070] [17.0] [cxt 0] Pipeline 'egress': start
[15:31:11.108] [bmv2] [D] [thread 4070] [17.0] [cxt 0] Pipeline 'egress': end
[15:31:11.108] [bmv2] [D] [thread 4070] [17.0] [cxt 0] Deparser 'deparser': start
[15:31:11.108] [bmv2] [D] [thread 4070] [17.0] [cxt 0] Updating checksum 'cksum'
[15:31:11.108] [bmv2] [D] [thread 4070] [17.0] [cxt 0] Deparsing header 'ethernet'
[15:31:11.108] [bmv2] [D] [thread 4070] [17.0] [cxt 0] Deparsing header 'ipv4'
[15:31:11.108] [bmv2] [D] [thread 4070] [17.0] [cxt 0] Deparser 'deparser': end
[15:31:11.108] [bmv2] [D] [thread 4072] [17.0] [cxt 0] Transmitting packet of size 34 out of port 2
[15:31:12.156] [bmv2] [D] [thread 4067] [18.0] [cxt 0] Processing packet received on port 1
[15:31:12.156] [bmv2] [D] [thread 4067] [18.0] [cxt 0] Parser 'parser': start
[15:31:12.156] [bmv2] [D] [thread 4067] [18.0] [cxt 0] Parser 'parser' entering state 'start'
[15:31:12.156] [bmv2] [D] [thread 4067] [18.0] [cxt 0] Extracting header 'ethernet'
[15:31:12.156] [bmv2] [D] [thread 4067] [18.0] [cxt 0] Parser state 'start': key is 0800
[15:31:12.156] [bmv2] [T] [thread 4067] [18.0] [cxt 0] Bytes parsed: 14
[15:31:12.156] [bmv2] [D] [thread 4067] [18.0] [cxt 0] Parser 'parser' entering state 'ipv4'
[15:31:12.156] [bmv2] [D] [thread 4067] [18.0] [cxt 0] Extracting header 'ipv4'
[15:31:12.156] [bmv2] [D] [thread 4067] [18.0] [cxt 0] Parser state 'ipv4' has no switch, going to default next state
[15:31:12.156] [bmv2] [T] [thread 4067] [18.0] [cxt 0] Bytes parsed: 34
[15:31:12.156] [bmv2] [D] [thread 4067] [18.0] [cxt 0] Parser 'parser': end
[15:31:12.156] [bmv2] [D] [thread 4067] [18.0] [cxt 0] Pipeline 'ingress': start
[15:31:12.156] [bmv2] [T] [thread 4067] [18.0] [cxt 0] /home/p4/Desktop/P4Lab/ex1/p4src/forwarding.p4(116) Condition "hdr.ipv4.isValid()" (node_2) is true
[15:31:12.156] [bmv2] [T] [thread 4067] [18.0] [cxt 0] Applying table 'MyIngress.ipv4_lpm'
[15:31:12.156] [bmv2] [D] [thread 4067] [18.0] [cxt 0] Looking up key:
* hdr.ipv4.dstAddr    : 0a000202

[15:31:12.156] [bmv2] [D] [thread 4067] [18.0] [cxt 0] Table 'MyIngress.ipv4_lpm': hit with handle 0
[15:31:12.156] [bmv2] [D] [thread 4067] [18.0] [cxt 0] Dumping entry 0
Match key:
* hdr.ipv4.dstAddr    : EXACT     0a000202
Action entry: MyIngress.ipv4_forward - 2,

[15:31:12.156] [bmv2] [D] [thread 4067] [18.0] [cxt 0] Action entry is MyIngress.ipv4_forward - 2,
[15:31:12.156] [bmv2] [T] [thread 4067] [18.0] [cxt 0] Action MyIngress.ipv4_forward
[15:31:12.156] [bmv2] [T] [thread 4067] [18.0] [cxt 0] /home/p4/Desktop/P4Lab/ex1/p4src/forwarding.p4(93) Primitive standard_metadata.egress_spec = port
[15:31:12.156] [bmv2] [T] [thread 4067] [18.0] [cxt 0] /home/p4/Desktop/P4Lab/ex1/p4src/forwarding.p4(96) Primitive hdr.ipv4.ttl = hdr.ipv4.ttl -1
[15:31:12.156] [bmv2] [D] [thread 4067] [18.0] [cxt 0] Pipeline 'ingress': end
[15:31:12.156] [bmv2] [D] [thread 4067] [18.0] [cxt 0] Egress port is 2
[15:31:12.156] [bmv2] [D] [thread 4070] [18.0] [cxt 0] Pipeline 'egress': start
[15:31:12.156] [bmv2] [D] [thread 4070] [18.0] [cxt 0] Pipeline 'egress': end
[15:31:12.156] [bmv2] [D] [thread 4070] [18.0] [cxt 0] Deparser 'deparser': start
[15:31:12.156] [bmv2] [D] [thread 4070] [18.0] [cxt 0] Updating checksum 'cksum'
[15:31:12.156] [bmv2] [D] [thread 4070] [18.0] [cxt 0] Deparsing header 'ethernet'
[15:31:12.156] [bmv2] [D] [thread 4070] [18.0] [cxt 0] Deparsing header 'ipv4'
[15:31:12.156] [bmv2] [D] [thread 4070] [18.0] [cxt 0] Deparser 'deparser': end
[15:31:12.156] [bmv2] [D] [thread 4072] [18.0] [cxt 0] Transmitting packet of size 34 out of port 2
[15:31:13.500] [bmv2] [D] [thread 4067] [19.0] [cxt 0] Processing packet received on port 1
[15:31:13.500] [bmv2] [D] [thread 4067] [19.0] [cxt 0] Parser 'parser': start
[15:31:13.500] [bmv2] [D] [thread 4067] [19.0] [cxt 0] Parser 'parser' entering state 'start'
[15:31:13.500] [bmv2] [D] [thread 4067] [19.0] [cxt 0] Extracting header 'ethernet'
[15:31:13.500] [bmv2] [D] [thread 4067] [19.0] [cxt 0] Parser state 'start': key is 0800
[15:31:13.500] [bmv2] [T] [thread 4067] [19.0] [cxt 0] Bytes parsed: 14
[15:31:13.500] [bmv2] [D] [thread 4067] [19.0] [cxt 0] Parser 'parser' entering state 'ipv4'
[15:31:13.500] [bmv2] [D] [thread 4067] [19.0] [cxt 0] Extracting header 'ipv4'
[15:31:13.500] [bmv2] [D] [thread 4067] [19.0] [cxt 0] Parser state 'ipv4' has no switch, going to default next state
[15:31:13.500] [bmv2] [T] [thread 4067] [19.0] [cxt 0] Bytes parsed: 34
[15:31:13.500] [bmv2] [D] [thread 4067] [19.0] [cxt 0] Parser 'parser': end
[15:31:13.500] [bmv2] [D] [thread 4067] [19.0] [cxt 0] Pipeline 'ingress': start
[15:31:13.500] [bmv2] [T] [thread 4067] [19.0] [cxt 0] /home/p4/Desktop/P4Lab/ex1/p4src/forwarding.p4(116) Condition "hdr.ipv4.isValid()" (node_2) is true
[15:31:13.500] [bmv2] [T] [thread 4067] [19.0] [cxt 0] Applying table 'MyIngress.ipv4_lpm'
[15:31:13.500] [bmv2] [D] [thread 4067] [19.0] [cxt 0] Looking up key:
* hdr.ipv4.dstAddr    : 0a000202

[15:31:13.500] [bmv2] [D] [thread 4067] [19.0] [cxt 0] Table 'MyIngress.ipv4_lpm': hit with handle 0
[15:31:13.500] [bmv2] [D] [thread 4067] [19.0] [cxt 0] Dumping entry 0
Match key:
* hdr.ipv4.dstAddr    : EXACT     0a000202
Action entry: MyIngress.ipv4_forward - 2,

[15:31:13.500] [bmv2] [D] [thread 4067] [19.0] [cxt 0] Action entry is MyIngress.ipv4_forward - 2,
[15:31:13.500] [bmv2] [T] [thread 4067] [19.0] [cxt 0] Action MyIngress.ipv4_forward
[15:31:13.500] [bmv2] [T] [thread 4067] [19.0] [cxt 0] /home/p4/Desktop/P4Lab/ex1/p4src/forwarding.p4(93) Primitive standard_metadata.egress_spec = port
[15:31:13.500] [bmv2] [T] [thread 4067] [19.0] [cxt 0] /home/p4/Desktop/P4Lab/ex1/p4src/forwarding.p4(96) Primitive hdr.ipv4.ttl = hdr.ipv4.ttl -1
[15:31:13.500] [bmv2] [D] [thread 4067] [19.0] [cxt 0] Pipeline 'ingress': end
[15:31:13.500] [bmv2] [D] [thread 4067] [19.0] [cxt 0] Egress port is 2
[15:31:13.500] [bmv2] [D] [thread 4070] [19.0] [cxt 0] Pipeline 'egress': start
[15:31:13.500] [bmv2] [D] [thread 4070] [19.0] [cxt 0] Pipeline 'egress': end
[15:31:13.500] [bmv2] [D] [thread 4070] [19.0] [cxt 0] Deparser 'deparser': start
[15:31:13.500] [bmv2] [D] [thread 4070] [19.0] [cxt 0] Updating checksum 'cksum'
[15:31:13.500] [bmv2] [D] [thread 4070] [19.0] [cxt 0] Deparsing header 'ethernet'
[15:31:13.500] [bmv2] [D] [thread 4070] [19.0] [cxt 0] Deparsing header 'ipv4'
[15:31:13.500] [bmv2] [D] [thread 4070] [19.0] [cxt 0] Deparser 'deparser': end
[15:31:13.500] [bmv2] [D] [thread 4072] [19.0] [cxt 0] Transmitting packet of size 34 out of port 2
[15:31:14.420] [bmv2] [D] [thread 4067] [20.0] [cxt 0] Processing packet received on port 1
[15:31:14.420] [bmv2] [D] [thread 4067] [20.0] [cxt 0] Parser 'parser': start
[15:31:14.420] [bmv2] [D] [thread 4067] [20.0] [cxt 0] Parser 'parser' entering state 'start'
[15:31:14.420] [bmv2] [D] [thread 4067] [20.0] [cxt 0] Extracting header 'ethernet'
[15:31:14.420] [bmv2] [D] [thread 4067] [20.0] [cxt 0] Parser state 'start': key is 0800
[15:31:14.420] [bmv2] [T] [thread 4067] [20.0] [cxt 0] Bytes parsed: 14
[15:31:14.420] [bmv2] [D] [thread 4067] [20.0] [cxt 0] Parser 'parser' entering state 'ipv4'
[15:31:14.420] [bmv2] [D] [thread 4067] [20.0] [cxt 0] Extracting header 'ipv4'
[15:31:14.420] [bmv2] [D] [thread 4067] [20.0] [cxt 0] Parser state 'ipv4' has no switch, going to default next state
[15:31:14.420] [bmv2] [T] [thread 4067] [20.0] [cxt 0] Bytes parsed: 34
[15:31:14.420] [bmv2] [D] [thread 4067] [20.0] [cxt 0] Parser 'parser': end
[15:31:14.420] [bmv2] [D] [thread 4067] [20.0] [cxt 0] Pipeline 'ingress': start
[15:31:14.420] [bmv2] [T] [thread 4067] [20.0] [cxt 0] /home/p4/Desktop/P4Lab/ex1/p4src/forwarding.p4(116) Condition "hdr.ipv4.isValid()" (node_2) is true
[15:31:14.420] [bmv2] [T] [thread 4067] [20.0] [cxt 0] Applying table 'MyIngress.ipv4_lpm'
[15:31:14.420] [bmv2] [D] [thread 4067] [20.0] [cxt 0] Looking up key:
* hdr.ipv4.dstAddr    : 0a000202

[15:31:14.420] [bmv2] [D] [thread 4067] [20.0] [cxt 0] Table 'MyIngress.ipv4_lpm': hit with handle 0
[15:31:14.420] [bmv2] [D] [thread 4067] [20.0] [cxt 0] Dumping entry 0
Match key:
* hdr.ipv4.dstAddr    : EXACT     0a000202
Action entry: MyIngress.ipv4_forward - 2,

[15:31:14.420] [bmv2] [D] [thread 4067] [20.0] [cxt 0] Action entry is MyIngress.ipv4_forward - 2,
[15:31:14.420] [bmv2] [T] [thread 4067] [20.0] [cxt 0] Action MyIngress.ipv4_forward
[15:31:14.420] [bmv2] [T] [thread 4067] [20.0] [cxt 0] /home/p4/Desktop/P4Lab/ex1/p4src/forwarding.p4(93) Primitive standard_metadata.egress_spec = port
[15:31:14.420] [bmv2] [T] [thread 4067] [20.0] [cxt 0] /home/p4/Desktop/P4Lab/ex1/p4src/forwarding.p4(96) Primitive hdr.ipv4.ttl = hdr.ipv4.ttl -1
[15:31:14.420] [bmv2] [D] [thread 4067] [20.0] [cxt 0] Pipeline 'ingress': end
[15:31:14.420] [bmv2] [D] [thread 4067] [20.0] [cxt 0] Egress port is 2
[15:31:14.420] [bmv2] [D] [thread 4070] [20.0] [cxt 0] Pipeline 'egress': start
[15:31:14.420] [bmv2] [D] [thread 4070] [20.0] [cxt 0] Pipeline 'egress': end
[15:31:14.420] [bmv2] [D] [thread 4070] [20.0] [cxt 0] Deparser 'deparser': start
[15:31:14.420] [bmv2] [D] [thread 4070] [20.0] [cxt 0] Updating checksum 'cksum'
[15:31:14.420] [bmv2] [D] [thread 4070] [20.0] [cxt 0] Deparsing header 'ethernet'
[15:31:14.420] [bmv2] [D] [thread 4070] [20.0] [cxt 0] Deparsing header 'ipv4'
[15:31:14.420] [bmv2] [D] [thread 4070] [20.0] [cxt 0] Deparser 'deparser': end
[15:31:14.420] [bmv2] [D] [thread 4072] [20.0] [cxt 0] Transmitting packet of size 34 out of port 2
