Warning: you requested the nanomsg event logger, but bmv2 was compiled without -DBMELOG, and the event logger cannot be activated
Calling target program-options parser
[15:29:02.572] [bmv2] [D] [thread 4074] Set default default entry for table 'MyIngress.ipv4_lpm': NoAction - 
Adding interface s2-eth1 as port 1
[15:29:02.572] [bmv2] [D] [thread 4074] Adding interface s2-eth1 as port 1
Adding interface s2-eth2 as port 2
[15:29:02.605] [bmv2] [D] [thread 4074] Adding interface s2-eth2 as port 2
[15:29:02.661] [bmv2] [I] [thread 4074] Starting Thrift server on port 9091
[15:29:02.661] [bmv2] [I] [thread 4074] Thrift server was started
[15:29:02.662] [bmv2] [D] [thread 4080] [0.0] [cxt 0] Processing packet received on port 1
[15:29:02.662] [bmv2] [D] [thread 4080] [0.0] [cxt 0] Parser 'parser': start
[15:29:02.662] [bmv2] [D] [thread 4080] [0.0] [cxt 0] Parser 'parser' entering state 'start'
[15:29:02.662] [bmv2] [D] [thread 4080] [0.0] [cxt 0] Extracting header 'ethernet'
[15:29:02.662] [bmv2] [D] [thread 4080] [0.0] [cxt 0] Parser state 'start': key is 86dd
[15:29:02.662] [bmv2] [T] [thread 4080] [0.0] [cxt 0] Bytes parsed: 14
[15:29:02.662] [bmv2] [D] [thread 4080] [0.0] [cxt 0] Parser 'parser': end
[15:29:02.662] [bmv2] [D] [thread 4080] [0.0] [cxt 0] Pipeline 'ingress': start
[15:29:02.662] [bmv2] [T] [thread 4080] [0.0] [cxt 0] /home/p4/Desktop/P4Lab/ex1/p4src/forwarding.p4(116) Condition "hdr.ipv4.isValid()" (node_2) is false
[15:29:02.662] [bmv2] [D] [thread 4080] [0.0] [cxt 0] Pipeline 'ingress': end
[15:29:02.662] [bmv2] [D] [thread 4080] [0.0] [cxt 0] Egress port is 0
[15:29:02.665] [bmv2] [D] [thread 4081] [0.0] [cxt 0] Pipeline 'egress': start
[15:29:02.665] [bmv2] [D] [thread 4081] [0.0] [cxt 0] Pipeline 'egress': end
[15:29:02.665] [bmv2] [D] [thread 4081] [0.0] [cxt 0] Deparser 'deparser': start
[15:29:02.665] [bmv2] [T] [thread 4081] [0.0] [cxt 0] Skipping checksum 'cksum' update because condition not met
[15:29:02.665] [bmv2] [D] [thread 4081] [0.0] [cxt 0] Deparsing header 'ethernet'
[15:29:02.665] [bmv2] [D] [thread 4081] [0.0] [cxt 0] Deparser 'deparser': end
[15:29:02.669] [bmv2] [D] [thread 4085] [0.0] [cxt 0] Transmitting packet of size 86 out of port 0
[15:29:51.977] [bmv2] [T] [thread 4202] bm_get_config
[15:29:51.978] [bmv2] [T] [thread 4202] bm_mt_get_entries
[15:29:51.979] [bmv2] [T] [thread 4202] bm_reset_state
[15:29:51.979] [bmv2] [D] [thread 4202] Resetting simple_switch target-specific state
[15:29:51.979] [bmv2] [D] [thread 4202] resetting PRE state
[15:29:51.982] [bmv2] [T] [thread 4202] bm_table_add_entry
[15:29:51.982] [bmv2] [D] [thread 4202] Entry 0 added to table 'MyIngress.ipv4_lpm'
[15:29:51.982] [bmv2] [D] [thread 4202] Dumping entry 0
Match key:
* hdr.ipv4.dstAddr    : EXACT     0a000202
Action entry: MyIngress.ipv4_forward - 2,

[15:29:51.982] [bmv2] [T] [thread 4202] bm_table_add_entry
[15:29:51.982] [bmv2] [D] [thread 4202] Entry 1 added to table 'MyIngress.ipv4_lpm'
[15:29:51.982] [bmv2] [D] [thread 4202] Dumping entry 1
Match key:
* hdr.ipv4.dstAddr    : EXACT     0a000101
Action entry: MyIngress.ipv4_forward - 1,

[15:29:54.314] [bmv2] [D] [thread 4080] [1.0] [cxt 0] Processing packet received on port 1
[15:29:54.314] [bmv2] [D] [thread 4080] [1.0] [cxt 0] Parser 'parser': start
[15:29:54.314] [bmv2] [D] [thread 4080] [1.0] [cxt 0] Parser 'parser' entering state 'start'
[15:29:54.314] [bmv2] [D] [thread 4080] [1.0] [cxt 0] Extracting header 'ethernet'
[15:29:54.314] [bmv2] [D] [thread 4080] [1.0] [cxt 0] Parser state 'start': key is 0800
[15:29:54.314] [bmv2] [T] [thread 4080] [1.0] [cxt 0] Bytes parsed: 14
[15:29:54.314] [bmv2] [D] [thread 4080] [1.0] [cxt 0] Parser 'parser' entering state 'ipv4'
[15:29:54.314] [bmv2] [D] [thread 4080] [1.0] [cxt 0] Extracting header 'ipv4'
[15:29:54.314] [bmv2] [D] [thread 4080] [1.0] [cxt 0] Parser state 'ipv4' has no switch, going to default next state
[15:29:54.314] [bmv2] [T] [thread 4080] [1.0] [cxt 0] Bytes parsed: 34
[15:29:54.314] [bmv2] [D] [thread 4080] [1.0] [cxt 0] Parser 'parser': end
[15:29:54.314] [bmv2] [D] [thread 4080] [1.0] [cxt 0] Pipeline 'ingress': start
[15:29:54.314] [bmv2] [T] [thread 4080] [1.0] [cxt 0] /home/p4/Desktop/P4Lab/ex1/p4src/forwarding.p4(116) Condition "hdr.ipv4.isValid()" (node_2) is true
[15:29:54.314] [bmv2] [T] [thread 4080] [1.0] [cxt 0] Applying table 'MyIngress.ipv4_lpm'
[15:29:54.314] [bmv2] [D] [thread 4080] [1.0] [cxt 0] Looking up key:
* hdr.ipv4.dstAddr    : 0a000202

[15:29:54.314] [bmv2] [D] [thread 4080] [1.0] [cxt 0] Table 'MyIngress.ipv4_lpm': hit with handle 0
[15:29:54.314] [bmv2] [D] [thread 4080] [1.0] [cxt 0] Dumping entry 0
Match key:
* hdr.ipv4.dstAddr    : EXACT     0a000202
Action entry: MyIngress.ipv4_forward - 2,

[15:29:54.314] [bmv2] [D] [thread 4080] [1.0] [cxt 0] Action entry is MyIngress.ipv4_forward - 2,
[15:29:54.314] [bmv2] [T] [thread 4080] [1.0] [cxt 0] Action MyIngress.ipv4_forward
[15:29:54.314] [bmv2] [T] [thread 4080] [1.0] [cxt 0] /home/p4/Desktop/P4Lab/ex1/p4src/forwarding.p4(93) Primitive standard_metadata.egress_spec = port
[15:29:54.314] [bmv2] [T] [thread 4080] [1.0] [cxt 0] /home/p4/Desktop/P4Lab/ex1/p4src/forwarding.p4(96) Primitive hdr.ipv4.ttl = hdr.ipv4.ttl -1
[15:29:54.314] [bmv2] [D] [thread 4080] [1.0] [cxt 0] Pipeline 'ingress': end
[15:29:54.314] [bmv2] [D] [thread 4080] [1.0] [cxt 0] Egress port is 2
[15:29:54.314] [bmv2] [D] [thread 4083] [1.0] [cxt 0] Pipeline 'egress': start
[15:29:54.314] [bmv2] [D] [thread 4083] [1.0] [cxt 0] Pipeline 'egress': end
[15:29:54.314] [bmv2] [D] [thread 4083] [1.0] [cxt 0] Deparser 'deparser': start
[15:29:54.314] [bmv2] [D] [thread 4083] [1.0] [cxt 0] Updating checksum 'cksum'
[15:29:54.314] [bmv2] [D] [thread 4083] [1.0] [cxt 0] Deparsing header 'ethernet'
[15:29:54.314] [bmv2] [D] [thread 4083] [1.0] [cxt 0] Deparsing header 'ipv4'
[15:29:54.314] [bmv2] [D] [thread 4083] [1.0] [cxt 0] Deparser 'deparser': end
[15:29:54.314] [bmv2] [D] [thread 4085] [1.0] [cxt 0] Transmitting packet of size 34 out of port 2
[15:29:54.730] [bmv2] [D] [thread 4080] [2.0] [cxt 0] Processing packet received on port 1
[15:29:54.730] [bmv2] [D] [thread 4080] [2.0] [cxt 0] Parser 'parser': start
[15:29:54.730] [bmv2] [D] [thread 4080] [2.0] [cxt 0] Parser 'parser' entering state 'start'
[15:29:54.730] [bmv2] [D] [thread 4080] [2.0] [cxt 0] Extracting header 'ethernet'
[15:29:54.730] [bmv2] [D] [thread 4080] [2.0] [cxt 0] Parser state 'start': key is 0800
[15:29:54.730] [bmv2] [T] [thread 4080] [2.0] [cxt 0] Bytes parsed: 14
[15:29:54.730] [bmv2] [D] [thread 4080] [2.0] [cxt 0] Parser 'parser' entering state 'ipv4'
[15:29:54.730] [bmv2] [D] [thread 4080] [2.0] [cxt 0] Extracting header 'ipv4'
[15:29:54.730] [bmv2] [D] [thread 4080] [2.0] [cxt 0] Parser state 'ipv4' has no switch, going to default next state
[15:29:54.730] [bmv2] [T] [thread 4080] [2.0] [cxt 0] Bytes parsed: 34
[15:29:54.730] [bmv2] [D] [thread 4080] [2.0] [cxt 0] Parser 'parser': end
[15:29:54.731] [bmv2] [D] [thread 4080] [2.0] [cxt 0] Pipeline 'ingress': start
[15:29:54.731] [bmv2] [T] [thread 4080] [2.0] [cxt 0] /home/p4/Desktop/P4Lab/ex1/p4src/forwarding.p4(116) Condition "hdr.ipv4.isValid()" (node_2) is true
[15:29:54.731] [bmv2] [T] [thread 4080] [2.0] [cxt 0] Applying table 'MyIngress.ipv4_lpm'
[15:29:54.731] [bmv2] [D] [thread 4080] [2.0] [cxt 0] Looking up key:
* hdr.ipv4.dstAddr    : 0a000202

[15:29:54.731] [bmv2] [D] [thread 4080] [2.0] [cxt 0] Table 'MyIngress.ipv4_lpm': hit with handle 0
[15:29:54.731] [bmv2] [D] [thread 4080] [2.0] [cxt 0] Dumping entry 0
Match key:
* hdr.ipv4.dstAddr    : EXACT     0a000202
Action entry: MyIngress.ipv4_forward - 2,

[15:29:54.731] [bmv2] [D] [thread 4080] [2.0] [cxt 0] Action entry is MyIngress.ipv4_forward - 2,
[15:29:54.731] [bmv2] [T] [thread 4080] [2.0] [cxt 0] Action MyIngress.ipv4_forward
[15:29:54.731] [bmv2] [T] [thread 4080] [2.0] [cxt 0] /home/p4/Desktop/P4Lab/ex1/p4src/forwarding.p4(93) Primitive standard_metadata.egress_spec = port
[15:29:54.731] [bmv2] [T] [thread 4080] [2.0] [cxt 0] /home/p4/Desktop/P4Lab/ex1/p4src/forwarding.p4(96) Primitive hdr.ipv4.ttl = hdr.ipv4.ttl -1
[15:29:54.731] [bmv2] [D] [thread 4080] [2.0] [cxt 0] Pipeline 'ingress': end
[15:29:54.731] [bmv2] [D] [thread 4080] [2.0] [cxt 0] Egress port is 2
[15:29:54.731] [bmv2] [D] [thread 4083] [2.0] [cxt 0] Pipeline 'egress': start
[15:29:54.731] [bmv2] [D] [thread 4083] [2.0] [cxt 0] Pipeline 'egress': end
[15:29:54.731] [bmv2] [D] [thread 4083] [2.0] [cxt 0] Deparser 'deparser': start
[15:29:54.731] [bmv2] [D] [thread 4083] [2.0] [cxt 0] Updating checksum 'cksum'
[15:29:54.731] [bmv2] [D] [thread 4083] [2.0] [cxt 0] Deparsing header 'ethernet'
[15:29:54.731] [bmv2] [D] [thread 4083] [2.0] [cxt 0] Deparsing header 'ipv4'
[15:29:54.731] [bmv2] [D] [thread 4083] [2.0] [cxt 0] Deparser 'deparser': end
[15:29:54.731] [bmv2] [D] [thread 4085] [2.0] [cxt 0] Transmitting packet of size 34 out of port 2
[15:29:54.882] [bmv2] [D] [thread 4080] [3.0] [cxt 0] Processing packet received on port 1
[15:29:54.882] [bmv2] [D] [thread 4080] [3.0] [cxt 0] Parser 'parser': start
[15:29:54.882] [bmv2] [D] [thread 4080] [3.0] [cxt 0] Parser 'parser' entering state 'start'
[15:29:54.882] [bmv2] [D] [thread 4080] [3.0] [cxt 0] Extracting header 'ethernet'
[15:29:54.882] [bmv2] [D] [thread 4080] [3.0] [cxt 0] Parser state 'start': key is 0800
[15:29:54.882] [bmv2] [T] [thread 4080] [3.0] [cxt 0] Bytes parsed: 14
[15:29:54.882] [bmv2] [D] [thread 4080] [3.0] [cxt 0] Parser 'parser' entering state 'ipv4'
[15:29:54.882] [bmv2] [D] [thread 4080] [3.0] [cxt 0] Extracting header 'ipv4'
[15:29:54.882] [bmv2] [D] [thread 4080] [3.0] [cxt 0] Parser state 'ipv4' has no switch, going to default next state
[15:29:54.882] [bmv2] [T] [thread 4080] [3.0] [cxt 0] Bytes parsed: 34
[15:29:54.882] [bmv2] [D] [thread 4080] [3.0] [cxt 0] Parser 'parser': end
[15:29:54.882] [bmv2] [D] [thread 4080] [3.0] [cxt 0] Pipeline 'ingress': start
[15:29:54.882] [bmv2] [T] [thread 4080] [3.0] [cxt 0] /home/p4/Desktop/P4Lab/ex1/p4src/forwarding.p4(116) Condition "hdr.ipv4.isValid()" (node_2) is true
[15:29:54.882] [bmv2] [T] [thread 4080] [3.0] [cxt 0] Applying table 'MyIngress.ipv4_lpm'
[15:29:54.882] [bmv2] [D] [thread 4080] [3.0] [cxt 0] Looking up key:
* hdr.ipv4.dstAddr    : 0a000202

[15:29:54.883] [bmv2] [D] [thread 4080] [3.0] [cxt 0] Table 'MyIngress.ipv4_lpm': hit with handle 0
[15:29:54.883] [bmv2] [D] [thread 4080] [3.0] [cxt 0] Dumping entry 0
Match key:
* hdr.ipv4.dstAddr    : EXACT     0a000202
Action entry: MyIngress.ipv4_forward - 2,

[15:29:54.883] [bmv2] [D] [thread 4080] [3.0] [cxt 0] Action entry is MyIngress.ipv4_forward - 2,
[15:29:54.883] [bmv2] [T] [thread 4080] [3.0] [cxt 0] Action MyIngress.ipv4_forward
[15:29:54.883] [bmv2] [T] [thread 4080] [3.0] [cxt 0] /home/p4/Desktop/P4Lab/ex1/p4src/forwarding.p4(93) Primitive standard_metadata.egress_spec = port
[15:29:54.883] [bmv2] [T] [thread 4080] [3.0] [cxt 0] /home/p4/Desktop/P4Lab/ex1/p4src/forwarding.p4(96) Primitive hdr.ipv4.ttl = hdr.ipv4.ttl -1
[15:29:54.883] [bmv2] [D] [thread 4080] [3.0] [cxt 0] Pipeline 'ingress': end
[15:29:54.883] [bmv2] [D] [thread 4080] [3.0] [cxt 0] Egress port is 2
[15:29:54.883] [bmv2] [D] [thread 4083] [3.0] [cxt 0] Pipeline 'egress': start
[15:29:54.883] [bmv2] [D] [thread 4083] [3.0] [cxt 0] Pipeline 'egress': end
[15:29:54.883] [bmv2] [D] [thread 4083] [3.0] [cxt 0] Deparser 'deparser': start
[15:29:54.883] [bmv2] [D] [thread 4083] [3.0] [cxt 0] Updating checksum 'cksum'
[15:29:54.883] [bmv2] [D] [thread 4083] [3.0] [cxt 0] Deparsing header 'ethernet'
[15:29:54.883] [bmv2] [D] [thread 4083] [3.0] [cxt 0] Deparsing header 'ipv4'
[15:29:54.883] [bmv2] [D] [thread 4083] [3.0] [cxt 0] Deparser 'deparser': end
[15:29:54.883] [bmv2] [D] [thread 4085] [3.0] [cxt 0] Transmitting packet of size 34 out of port 2
[15:30:57.157] [bmv2] [D] [thread 4080] [4.0] [cxt 0] Processing packet received on port 1
[15:30:57.157] [bmv2] [D] [thread 4080] [4.0] [cxt 0] Parser 'parser': start
[15:30:57.157] [bmv2] [D] [thread 4080] [4.0] [cxt 0] Parser 'parser' entering state 'start'
[15:30:57.157] [bmv2] [D] [thread 4080] [4.0] [cxt 0] Extracting header 'ethernet'
[15:30:57.157] [bmv2] [D] [thread 4080] [4.0] [cxt 0] Parser state 'start': key is 0800
[15:30:57.157] [bmv2] [T] [thread 4080] [4.0] [cxt 0] Bytes parsed: 14
[15:30:57.157] [bmv2] [D] [thread 4080] [4.0] [cxt 0] Parser 'parser' entering state 'ipv4'
[15:30:57.157] [bmv2] [D] [thread 4080] [4.0] [cxt 0] Extracting header 'ipv4'
[15:30:57.157] [bmv2] [D] [thread 4080] [4.0] [cxt 0] Parser state 'ipv4' has no switch, going to default next state
[15:30:57.157] [bmv2] [T] [thread 4080] [4.0] [cxt 0] Bytes parsed: 34
[15:30:57.157] [bmv2] [D] [thread 4080] [4.0] [cxt 0] Parser 'parser': end
[15:30:57.157] [bmv2] [D] [thread 4080] [4.0] [cxt 0] Pipeline 'ingress': start
[15:30:57.157] [bmv2] [T] [thread 4080] [4.0] [cxt 0] /home/p4/Desktop/P4Lab/ex1/p4src/forwarding.p4(116) Condition "hdr.ipv4.isValid()" (node_2) is true
[15:30:57.157] [bmv2] [T] [thread 4080] [4.0] [cxt 0] Applying table 'MyIngress.ipv4_lpm'
[15:30:57.157] [bmv2] [D] [thread 4080] [4.0] [cxt 0] Looking up key:
* hdr.ipv4.dstAddr    : 0a000202

[15:30:57.157] [bmv2] [D] [thread 4080] [4.0] [cxt 0] Table 'MyIngress.ipv4_lpm': hit with handle 0
[15:30:57.157] [bmv2] [D] [thread 4080] [4.0] [cxt 0] Dumping entry 0
Match key:
* hdr.ipv4.dstAddr    : EXACT     0a000202
Action entry: MyIngress.ipv4_forward - 2,

[15:30:57.157] [bmv2] [D] [thread 4080] [4.0] [cxt 0] Action entry is MyIngress.ipv4_forward - 2,
[15:30:57.157] [bmv2] [T] [thread 4080] [4.0] [cxt 0] Action MyIngress.ipv4_forward
[15:30:57.157] [bmv2] [T] [thread 4080] [4.0] [cxt 0] /home/p4/Desktop/P4Lab/ex1/p4src/forwarding.p4(93) Primitive standard_metadata.egress_spec = port
[15:30:57.157] [bmv2] [T] [thread 4080] [4.0] [cxt 0] /home/p4/Desktop/P4Lab/ex1/p4src/forwarding.p4(96) Primitive hdr.ipv4.ttl = hdr.ipv4.ttl -1
[15:30:57.157] [bmv2] [D] [thread 4080] [4.0] [cxt 0] Pipeline 'ingress': end
[15:30:57.157] [bmv2] [D] [thread 4080] [4.0] [cxt 0] Egress port is 2
[15:30:57.157] [bmv2] [D] [thread 4083] [4.0] [cxt 0] Pipeline 'egress': start
[15:30:57.157] [bmv2] [D] [thread 4083] [4.0] [cxt 0] Pipeline 'egress': end
[15:30:57.157] [bmv2] [D] [thread 4083] [4.0] [cxt 0] Deparser 'deparser': start
[15:30:57.157] [bmv2] [D] [thread 4083] [4.0] [cxt 0] Updating checksum 'cksum'
[15:30:57.157] [bmv2] [D] [thread 4083] [4.0] [cxt 0] Deparsing header 'ethernet'
[15:30:57.157] [bmv2] [D] [thread 4083] [4.0] [cxt 0] Deparsing header 'ipv4'
[15:30:57.157] [bmv2] [D] [thread 4083] [4.0] [cxt 0] Deparser 'deparser': end
[15:30:57.157] [bmv2] [D] [thread 4085] [4.0] [cxt 0] Transmitting packet of size 34 out of port 2
[15:30:57.468] [bmv2] [D] [thread 4080] [5.0] [cxt 0] Processing packet received on port 1
[15:30:57.468] [bmv2] [D] [thread 4080] [5.0] [cxt 0] Parser 'parser': start
[15:30:57.468] [bmv2] [D] [thread 4080] [5.0] [cxt 0] Parser 'parser' entering state 'start'
[15:30:57.468] [bmv2] [D] [thread 4080] [5.0] [cxt 0] Extracting header 'ethernet'
[15:30:57.468] [bmv2] [D] [thread 4080] [5.0] [cxt 0] Parser state 'start': key is 0800
[15:30:57.468] [bmv2] [T] [thread 4080] [5.0] [cxt 0] Bytes parsed: 14
[15:30:57.468] [bmv2] [D] [thread 4080] [5.0] [cxt 0] Parser 'parser' entering state 'ipv4'
[15:30:57.468] [bmv2] [D] [thread 4080] [5.0] [cxt 0] Extracting header 'ipv4'
[15:30:57.468] [bmv2] [D] [thread 4080] [5.0] [cxt 0] Parser state 'ipv4' has no switch, going to default next state
[15:30:57.468] [bmv2] [T] [thread 4080] [5.0] [cxt 0] Bytes parsed: 34
[15:30:57.468] [bmv2] [D] [thread 4080] [5.0] [cxt 0] Parser 'parser': end
[15:30:57.468] [bmv2] [D] [thread 4080] [5.0] [cxt 0] Pipeline 'ingress': start
[15:30:57.468] [bmv2] [T] [thread 4080] [5.0] [cxt 0] /home/p4/Desktop/P4Lab/ex1/p4src/forwarding.p4(116) Condition "hdr.ipv4.isValid()" (node_2) is true
[15:30:57.468] [bmv2] [T] [thread 4080] [5.0] [cxt 0] Applying table 'MyIngress.ipv4_lpm'
[15:30:57.468] [bmv2] [D] [thread 4080] [5.0] [cxt 0] Looking up key:
* hdr.ipv4.dstAddr    : 0a000202

[15:30:57.468] [bmv2] [D] [thread 4080] [5.0] [cxt 0] Table 'MyIngress.ipv4_lpm': hit with handle 0
[15:30:57.468] [bmv2] [D] [thread 4080] [5.0] [cxt 0] Dumping entry 0
Match key:
* hdr.ipv4.dstAddr    : EXACT     0a000202
Action entry: MyIngress.ipv4_forward - 2,

[15:30:57.468] [bmv2] [D] [thread 4080] [5.0] [cxt 0] Action entry is MyIngress.ipv4_forward - 2,
[15:30:57.468] [bmv2] [T] [thread 4080] [5.0] [cxt 0] Action MyIngress.ipv4_forward
[15:30:57.468] [bmv2] [T] [thread 4080] [5.0] [cxt 0] /home/p4/Desktop/P4Lab/ex1/p4src/forwarding.p4(93) Primitive standard_metadata.egress_spec = port
[15:30:57.468] [bmv2] [T] [thread 4080] [5.0] [cxt 0] /home/p4/Desktop/P4Lab/ex1/p4src/forwarding.p4(96) Primitive hdr.ipv4.ttl = hdr.ipv4.ttl -1
[15:30:57.468] [bmv2] [D] [thread 4080] [5.0] [cxt 0] Pipeline 'ingress': end
[15:30:57.468] [bmv2] [D] [thread 4080] [5.0] [cxt 0] Egress port is 2
[15:30:57.468] [bmv2] [D] [thread 4083] [5.0] [cxt 0] Pipeline 'egress': start
[15:30:57.468] [bmv2] [D] [thread 4083] [5.0] [cxt 0] Pipeline 'egress': end
[15:30:57.468] [bmv2] [D] [thread 4083] [5.0] [cxt 0] Deparser 'deparser': start
[15:30:57.468] [bmv2] [D] [thread 4083] [5.0] [cxt 0] Updating checksum 'cksum'
[15:30:57.468] [bmv2] [D] [thread 4083] [5.0] [cxt 0] Deparsing header 'ethernet'
[15:30:57.468] [bmv2] [D] [thread 4083] [5.0] [cxt 0] Deparsing header 'ipv4'
[15:30:57.468] [bmv2] [D] [thread 4083] [5.0] [cxt 0] Deparser 'deparser': end
[15:30:57.468] [bmv2] [D] [thread 4085] [5.0] [cxt 0] Transmitting packet of size 34 out of port 2
[15:30:58.812] [bmv2] [D] [thread 4080] [6.0] [cxt 0] Processing packet received on port 1
[15:30:58.812] [bmv2] [D] [thread 4080] [6.0] [cxt 0] Parser 'parser': start
[15:30:58.812] [bmv2] [D] [thread 4080] [6.0] [cxt 0] Parser 'parser' entering state 'start'
[15:30:58.812] [bmv2] [D] [thread 4080] [6.0] [cxt 0] Extracting header 'ethernet'
[15:30:58.812] [bmv2] [D] [thread 4080] [6.0] [cxt 0] Parser state 'start': key is 0800
[15:30:58.812] [bmv2] [T] [thread 4080] [6.0] [cxt 0] Bytes parsed: 14
[15:30:58.812] [bmv2] [D] [thread 4080] [6.0] [cxt 0] Parser 'parser' entering state 'ipv4'
[15:30:58.812] [bmv2] [D] [thread 4080] [6.0] [cxt 0] Extracting header 'ipv4'
[15:30:58.812] [bmv2] [D] [thread 4080] [6.0] [cxt 0] Parser state 'ipv4' has no switch, going to default next state
[15:30:58.812] [bmv2] [T] [thread 4080] [6.0] [cxt 0] Bytes parsed: 34
[15:30:58.812] [bmv2] [D] [thread 4080] [6.0] [cxt 0] Parser 'parser': end
[15:30:58.812] [bmv2] [D] [thread 4080] [6.0] [cxt 0] Pipeline 'ingress': start
[15:30:58.812] [bmv2] [T] [thread 4080] [6.0] [cxt 0] /home/p4/Desktop/P4Lab/ex1/p4src/forwarding.p4(116) Condition "hdr.ipv4.isValid()" (node_2) is true
[15:30:58.812] [bmv2] [T] [thread 4080] [6.0] [cxt 0] Applying table 'MyIngress.ipv4_lpm'
[15:30:58.812] [bmv2] [D] [thread 4080] [6.0] [cxt 0] Looking up key:
* hdr.ipv4.dstAddr    : 0a000202

[15:30:58.812] [bmv2] [D] [thread 4080] [6.0] [cxt 0] Table 'MyIngress.ipv4_lpm': hit with handle 0
[15:30:58.812] [bmv2] [D] [thread 4080] [6.0] [cxt 0] Dumping entry 0
Match key:
* hdr.ipv4.dstAddr    : EXACT     0a000202
Action entry: MyIngress.ipv4_forward - 2,

[15:30:58.812] [bmv2] [D] [thread 4080] [6.0] [cxt 0] Action entry is MyIngress.ipv4_forward - 2,
[15:30:58.812] [bmv2] [T] [thread 4080] [6.0] [cxt 0] Action MyIngress.ipv4_forward
[15:30:58.812] [bmv2] [T] [thread 4080] [6.0] [cxt 0] /home/p4/Desktop/P4Lab/ex1/p4src/forwarding.p4(93) Primitive standard_metadata.egress_spec = port
[15:30:58.812] [bmv2] [T] [thread 4080] [6.0] [cxt 0] /home/p4/Desktop/P4Lab/ex1/p4src/forwarding.p4(96) Primitive hdr.ipv4.ttl = hdr.ipv4.ttl -1
[15:30:58.813] [bmv2] [D] [thread 4080] [6.0] [cxt 0] Pipeline 'ingress': end
[15:30:58.813] [bmv2] [D] [thread 4080] [6.0] [cxt 0] Egress port is 2
[15:30:58.813] [bmv2] [D] [thread 4083] [6.0] [cxt 0] Pipeline 'egress': start
[15:30:58.813] [bmv2] [D] [thread 4083] [6.0] [cxt 0] Pipeline 'egress': end
[15:30:58.813] [bmv2] [D] [thread 4083] [6.0] [cxt 0] Deparser 'deparser': start
[15:30:58.813] [bmv2] [D] [thread 4083] [6.0] [cxt 0] Updating checksum 'cksum'
[15:30:58.813] [bmv2] [D] [thread 4083] [6.0] [cxt 0] Deparsing header 'ethernet'
[15:30:58.813] [bmv2] [D] [thread 4083] [6.0] [cxt 0] Deparsing header 'ipv4'
[15:30:58.813] [bmv2] [D] [thread 4083] [6.0] [cxt 0] Deparser 'deparser': end
[15:30:58.813] [bmv2] [D] [thread 4085] [6.0] [cxt 0] Transmitting packet of size 34 out of port 2
[15:31:02.229] [bmv2] [D] [thread 4080] [7.0] [cxt 0] Processing packet received on port 1
[15:31:02.229] [bmv2] [D] [thread 4080] [7.0] [cxt 0] Parser 'parser': start
[15:31:02.229] [bmv2] [D] [thread 4080] [7.0] [cxt 0] Parser 'parser' entering state 'start'
[15:31:02.229] [bmv2] [D] [thread 4080] [7.0] [cxt 0] Extracting header 'ethernet'
[15:31:02.229] [bmv2] [D] [thread 4080] [7.0] [cxt 0] Parser state 'start': key is 0800
[15:31:02.229] [bmv2] [T] [thread 4080] [7.0] [cxt 0] Bytes parsed: 14
[15:31:02.229] [bmv2] [D] [thread 4080] [7.0] [cxt 0] Parser 'parser' entering state 'ipv4'
[15:31:02.229] [bmv2] [D] [thread 4080] [7.0] [cxt 0] Extracting header 'ipv4'
[15:31:02.229] [bmv2] [D] [thread 4080] [7.0] [cxt 0] Parser state 'ipv4' has no switch, going to default next state
[15:31:02.229] [bmv2] [T] [thread 4080] [7.0] [cxt 0] Bytes parsed: 34
[15:31:02.229] [bmv2] [D] [thread 4080] [7.0] [cxt 0] Parser 'parser': end
[15:31:02.229] [bmv2] [D] [thread 4080] [7.0] [cxt 0] Pipeline 'ingress': start
[15:31:02.229] [bmv2] [T] [thread 4080] [7.0] [cxt 0] /home/p4/Desktop/P4Lab/ex1/p4src/forwarding.p4(116) Condition "hdr.ipv4.isValid()" (node_2) is true
[15:31:02.229] [bmv2] [T] [thread 4080] [7.0] [cxt 0] Applying table 'MyIngress.ipv4_lpm'
[15:31:02.229] [bmv2] [D] [thread 4080] [7.0] [cxt 0] Looking up key:
* hdr.ipv4.dstAddr    : 0a000202

[15:31:02.229] [bmv2] [D] [thread 4080] [7.0] [cxt 0] Table 'MyIngress.ipv4_lpm': hit with handle 0
[15:31:02.229] [bmv2] [D] [thread 4080] [7.0] [cxt 0] Dumping entry 0
Match key:
* hdr.ipv4.dstAddr    : EXACT     0a000202
Action entry: MyIngress.ipv4_forward - 2,

[15:31:02.229] [bmv2] [D] [thread 4080] [7.0] [cxt 0] Action entry is MyIngress.ipv4_forward - 2,
[15:31:02.229] [bmv2] [T] [thread 4080] [7.0] [cxt 0] Action MyIngress.ipv4_forward
[15:31:02.229] [bmv2] [T] [thread 4080] [7.0] [cxt 0] /home/p4/Desktop/P4Lab/ex1/p4src/forwarding.p4(93) Primitive standard_metadata.egress_spec = port
[15:31:02.229] [bmv2] [T] [thread 4080] [7.0] [cxt 0] /home/p4/Desktop/P4Lab/ex1/p4src/forwarding.p4(96) Primitive hdr.ipv4.ttl = hdr.ipv4.ttl -1
[15:31:02.229] [bmv2] [D] [thread 4080] [7.0] [cxt 0] Pipeline 'ingress': end
[15:31:02.229] [bmv2] [D] [thread 4080] [7.0] [cxt 0] Egress port is 2
[15:31:02.229] [bmv2] [D] [thread 4083] [7.0] [cxt 0] Pipeline 'egress': start
[15:31:02.229] [bmv2] [D] [thread 4083] [7.0] [cxt 0] Pipeline 'egress': end
[15:31:02.229] [bmv2] [D] [thread 4083] [7.0] [cxt 0] Deparser 'deparser': start
[15:31:02.229] [bmv2] [D] [thread 4083] [7.0] [cxt 0] Updating checksum 'cksum'
[15:31:02.229] [bmv2] [D] [thread 4083] [7.0] [cxt 0] Deparsing header 'ethernet'
[15:31:02.229] [bmv2] [D] [thread 4083] [7.0] [cxt 0] Deparsing header 'ipv4'
[15:31:02.229] [bmv2] [D] [thread 4083] [7.0] [cxt 0] Deparser 'deparser': end
[15:31:02.229] [bmv2] [D] [thread 4085] [7.0] [cxt 0] Transmitting packet of size 34 out of port 2
[15:31:05.492] [bmv2] [D] [thread 4080] [8.0] [cxt 0] Processing packet received on port 1
[15:31:05.493] [bmv2] [D] [thread 4080] [8.0] [cxt 0] Parser 'parser': start
[15:31:05.493] [bmv2] [D] [thread 4080] [8.0] [cxt 0] Parser 'parser' entering state 'start'
[15:31:05.493] [bmv2] [D] [thread 4080] [8.0] [cxt 0] Extracting header 'ethernet'
[15:31:05.493] [bmv2] [D] [thread 4080] [8.0] [cxt 0] Parser state 'start': key is 0800
[15:31:05.493] [bmv2] [T] [thread 4080] [8.0] [cxt 0] Bytes parsed: 14
[15:31:05.493] [bmv2] [D] [thread 4080] [8.0] [cxt 0] Parser 'parser' entering state 'ipv4'
[15:31:05.493] [bmv2] [D] [thread 4080] [8.0] [cxt 0] Extracting header 'ipv4'
[15:31:05.493] [bmv2] [D] [thread 4080] [8.0] [cxt 0] Parser state 'ipv4' has no switch, going to default next state
[15:31:05.493] [bmv2] [T] [thread 4080] [8.0] [cxt 0] Bytes parsed: 34
[15:31:05.493] [bmv2] [D] [thread 4080] [8.0] [cxt 0] Parser 'parser': end
[15:31:05.493] [bmv2] [D] [thread 4080] [8.0] [cxt 0] Pipeline 'ingress': start
[15:31:05.493] [bmv2] [T] [thread 4080] [8.0] [cxt 0] /home/p4/Desktop/P4Lab/ex1/p4src/forwarding.p4(116) Condition "hdr.ipv4.isValid()" (node_2) is true
[15:31:05.493] [bmv2] [T] [thread 4080] [8.0] [cxt 0] Applying table 'MyIngress.ipv4_lpm'
[15:31:05.493] [bmv2] [D] [thread 4080] [8.0] [cxt 0] Looking up key:
* hdr.ipv4.dstAddr    : 0a000202

[15:31:05.493] [bmv2] [D] [thread 4080] [8.0] [cxt 0] Table 'MyIngress.ipv4_lpm': hit with handle 0
[15:31:05.493] [bmv2] [D] [thread 4080] [8.0] [cxt 0] Dumping entry 0
Match key:
* hdr.ipv4.dstAddr    : EXACT     0a000202
Action entry: MyIngress.ipv4_forward - 2,

[15:31:05.493] [bmv2] [D] [thread 4080] [8.0] [cxt 0] Action entry is MyIngress.ipv4_forward - 2,
[15:31:05.493] [bmv2] [T] [thread 4080] [8.0] [cxt 0] Action MyIngress.ipv4_forward
[15:31:05.493] [bmv2] [T] [thread 4080] [8.0] [cxt 0] /home/p4/Desktop/P4Lab/ex1/p4src/forwarding.p4(93) Primitive standard_metadata.egress_spec = port
[15:31:05.493] [bmv2] [T] [thread 4080] [8.0] [cxt 0] /home/p4/Desktop/P4Lab/ex1/p4src/forwarding.p4(96) Primitive hdr.ipv4.ttl = hdr.ipv4.ttl -1
[15:31:05.493] [bmv2] [D] [thread 4080] [8.0] [cxt 0] Pipeline 'ingress': end
[15:31:05.493] [bmv2] [D] [thread 4080] [8.0] [cxt 0] Egress port is 2
[15:31:05.493] [bmv2] [D] [thread 4083] [8.0] [cxt 0] Pipeline 'egress': start
[15:31:05.493] [bmv2] [D] [thread 4083] [8.0] [cxt 0] Pipeline 'egress': end
[15:31:05.493] [bmv2] [D] [thread 4083] [8.0] [cxt 0] Deparser 'deparser': start
[15:31:05.493] [bmv2] [D] [thread 4083] [8.0] [cxt 0] Updating checksum 'cksum'
[15:31:05.493] [bmv2] [D] [thread 4083] [8.0] [cxt 0] Deparsing header 'ethernet'
[15:31:05.493] [bmv2] [D] [thread 4083] [8.0] [cxt 0] Deparsing header 'ipv4'
[15:31:05.493] [bmv2] [D] [thread 4083] [8.0] [cxt 0] Deparser 'deparser': end
[15:31:05.493] [bmv2] [D] [thread 4085] [8.0] [cxt 0] Transmitting packet of size 34 out of port 2
[15:31:07.348] [bmv2] [D] [thread 4080] [9.0] [cxt 0] Processing packet received on port 1
[15:31:07.348] [bmv2] [D] [thread 4080] [9.0] [cxt 0] Parser 'parser': start
[15:31:07.348] [bmv2] [D] [thread 4080] [9.0] [cxt 0] Parser 'parser' entering state 'start'
[15:31:07.348] [bmv2] [D] [thread 4080] [9.0] [cxt 0] Extracting header 'ethernet'
[15:31:07.348] [bmv2] [D] [thread 4080] [9.0] [cxt 0] Parser state 'start': key is 0800
[15:31:07.348] [bmv2] [T] [thread 4080] [9.0] [cxt 0] Bytes parsed: 14
[15:31:07.348] [bmv2] [D] [thread 4080] [9.0] [cxt 0] Parser 'parser' entering state 'ipv4'
[15:31:07.348] [bmv2] [D] [thread 4080] [9.0] [cxt 0] Extracting header 'ipv4'
[15:31:07.348] [bmv2] [D] [thread 4080] [9.0] [cxt 0] Parser state 'ipv4' has no switch, going to default next state
[15:31:07.348] [bmv2] [T] [thread 4080] [9.0] [cxt 0] Bytes parsed: 34
[15:31:07.348] [bmv2] [D] [thread 4080] [9.0] [cxt 0] Parser 'parser': end
[15:31:07.348] [bmv2] [D] [thread 4080] [9.0] [cxt 0] Pipeline 'ingress': start
[15:31:07.348] [bmv2] [T] [thread 4080] [9.0] [cxt 0] /home/p4/Desktop/P4Lab/ex1/p4src/forwarding.p4(116) Condition "hdr.ipv4.isValid()" (node_2) is true
[15:31:07.348] [bmv2] [T] [thread 4080] [9.0] [cxt 0] Applying table 'MyIngress.ipv4_lpm'
[15:31:07.349] [bmv2] [D] [thread 4080] [9.0] [cxt 0] Looking up key:
* hdr.ipv4.dstAddr    : 0a000202

[15:31:07.349] [bmv2] [D] [thread 4080] [9.0] [cxt 0] Table 'MyIngress.ipv4_lpm': hit with handle 0
[15:31:07.349] [bmv2] [D] [thread 4080] [9.0] [cxt 0] Dumping entry 0
Match key:
* hdr.ipv4.dstAddr    : EXACT     0a000202
Action entry: MyIngress.ipv4_forward - 2,

[15:31:07.349] [bmv2] [D] [thread 4080] [9.0] [cxt 0] Action entry is MyIngress.ipv4_forward - 2,
[15:31:07.349] [bmv2] [T] [thread 4080] [9.0] [cxt 0] Action MyIngress.ipv4_forward
[15:31:07.349] [bmv2] [T] [thread 4080] [9.0] [cxt 0] /home/p4/Desktop/P4Lab/ex1/p4src/forwarding.p4(93) Primitive standard_metadata.egress_spec = port
[15:31:07.349] [bmv2] [T] [thread 4080] [9.0] [cxt 0] /home/p4/Desktop/P4Lab/ex1/p4src/forwarding.p4(96) Primitive hdr.ipv4.ttl = hdr.ipv4.ttl -1
[15:31:07.349] [bmv2] [D] [thread 4080] [9.0] [cxt 0] Pipeline 'ingress': end
[15:31:07.349] [bmv2] [D] [thread 4080] [9.0] [cxt 0] Egress port is 2
[15:31:07.349] [bmv2] [D] [thread 4083] [9.0] [cxt 0] Pipeline 'egress': start
[15:31:07.349] [bmv2] [D] [thread 4083] [9.0] [cxt 0] Pipeline 'egress': end
[15:31:07.349] [bmv2] [D] [thread 4083] [9.0] [cxt 0] Deparser 'deparser': start
[15:31:07.349] [bmv2] [D] [thread 4083] [9.0] [cxt 0] Updating checksum 'cksum'
[15:31:07.349] [bmv2] [D] [thread 4083] [9.0] [cxt 0] Deparsing header 'ethernet'
[15:31:07.349] [bmv2] [D] [thread 4083] [9.0] [cxt 0] Deparsing header 'ipv4'
[15:31:07.349] [bmv2] [D] [thread 4083] [9.0] [cxt 0] Deparser 'deparser': end
[15:31:07.349] [bmv2] [D] [thread 4085] [9.0] [cxt 0] Transmitting packet of size 34 out of port 2
[15:31:08.516] [bmv2] [D] [thread 4080] [10.0] [cxt 0] Processing packet received on port 1
[15:31:08.516] [bmv2] [D] [thread 4080] [10.0] [cxt 0] Parser 'parser': start
[15:31:08.516] [bmv2] [D] [thread 4080] [10.0] [cxt 0] Parser 'parser' entering state 'start'
[15:31:08.516] [bmv2] [D] [thread 4080] [10.0] [cxt 0] Extracting header 'ethernet'
[15:31:08.516] [bmv2] [D] [thread 4080] [10.0] [cxt 0] Parser state 'start': key is 0800
[15:31:08.516] [bmv2] [T] [thread 4080] [10.0] [cxt 0] Bytes parsed: 14
[15:31:08.516] [bmv2] [D] [thread 4080] [10.0] [cxt 0] Parser 'parser' entering state 'ipv4'
[15:31:08.516] [bmv2] [D] [thread 4080] [10.0] [cxt 0] Extracting header 'ipv4'
[15:31:08.516] [bmv2] [D] [thread 4080] [10.0] [cxt 0] Parser state 'ipv4' has no switch, going to default next state
[15:31:08.516] [bmv2] [T] [thread 4080] [10.0] [cxt 0] Bytes parsed: 34
[15:31:08.516] [bmv2] [D] [thread 4080] [10.0] [cxt 0] Parser 'parser': end
[15:31:08.516] [bmv2] [D] [thread 4080] [10.0] [cxt 0] Pipeline 'ingress': start
[15:31:08.516] [bmv2] [T] [thread 4080] [10.0] [cxt 0] /home/p4/Desktop/P4Lab/ex1/p4src/forwarding.p4(116) Condition "hdr.ipv4.isValid()" (node_2) is true
[15:31:08.516] [bmv2] [T] [thread 4080] [10.0] [cxt 0] Applying table 'MyIngress.ipv4_lpm'
[15:31:08.517] [bmv2] [D] [thread 4080] [10.0] [cxt 0] Looking up key:
* hdr.ipv4.dstAddr    : 0a000202

[15:31:08.517] [bmv2] [D] [thread 4080] [10.0] [cxt 0] Table 'MyIngress.ipv4_lpm': hit with handle 0
[15:31:08.517] [bmv2] [D] [thread 4080] [10.0] [cxt 0] Dumping entry 0
Match key:
* hdr.ipv4.dstAddr    : EXACT     0a000202
Action entry: MyIngress.ipv4_forward - 2,

[15:31:08.517] [bmv2] [D] [thread 4080] [10.0] [cxt 0] Action entry is MyIngress.ipv4_forward - 2,
[15:31:08.517] [bmv2] [T] [thread 4080] [10.0] [cxt 0] Action MyIngress.ipv4_forward
[15:31:08.517] [bmv2] [T] [thread 4080] [10.0] [cxt 0] /home/p4/Desktop/P4Lab/ex1/p4src/forwarding.p4(93) Primitive standard_metadata.egress_spec = port
[15:31:08.517] [bmv2] [T] [thread 4080] [10.0] [cxt 0] /home/p4/Desktop/P4Lab/ex1/p4src/forwarding.p4(96) Primitive hdr.ipv4.ttl = hdr.ipv4.ttl -1
[15:31:08.517] [bmv2] [D] [thread 4080] [10.0] [cxt 0] Pipeline 'ingress': end
[15:31:08.517] [bmv2] [D] [thread 4080] [10.0] [cxt 0] Egress port is 2
[15:31:08.517] [bmv2] [D] [thread 4083] [10.0] [cxt 0] Pipeline 'egress': start
[15:31:08.517] [bmv2] [D] [thread 4083] [10.0] [cxt 0] Pipeline 'egress': end
[15:31:08.517] [bmv2] [D] [thread 4083] [10.0] [cxt 0] Deparser 'deparser': start
[15:31:08.517] [bmv2] [D] [thread 4083] [10.0] [cxt 0] Updating checksum 'cksum'
[15:31:08.517] [bmv2] [D] [thread 4083] [10.0] [cxt 0] Deparsing header 'ethernet'
[15:31:08.517] [bmv2] [D] [thread 4083] [10.0] [cxt 0] Deparsing header 'ipv4'
[15:31:08.517] [bmv2] [D] [thread 4083] [10.0] [cxt 0] Deparser 'deparser': end
[15:31:08.517] [bmv2] [D] [thread 4085] [10.0] [cxt 0] Transmitting packet of size 34 out of port 2
[15:31:09.668] [bmv2] [D] [thread 4080] [11.0] [cxt 0] Processing packet received on port 1
[15:31:09.668] [bmv2] [D] [thread 4080] [11.0] [cxt 0] Parser 'parser': start
[15:31:09.668] [bmv2] [D] [thread 4080] [11.0] [cxt 0] Parser 'parser' entering state 'start'
[15:31:09.668] [bmv2] [D] [thread 4080] [11.0] [cxt 0] Extracting header 'ethernet'
[15:31:09.668] [bmv2] [D] [thread 4080] [11.0] [cxt 0] Parser state 'start': key is 0800
[15:31:09.668] [bmv2] [T] [thread 4080] [11.0] [cxt 0] Bytes parsed: 14
[15:31:09.668] [bmv2] [D] [thread 4080] [11.0] [cxt 0] Parser 'parser' entering state 'ipv4'
[15:31:09.668] [bmv2] [D] [thread 4080] [11.0] [cxt 0] Extracting header 'ipv4'
[15:31:09.668] [bmv2] [D] [thread 4080] [11.0] [cxt 0] Parser state 'ipv4' has no switch, going to default next state
[15:31:09.668] [bmv2] [T] [thread 4080] [11.0] [cxt 0] Bytes parsed: 34
[15:31:09.668] [bmv2] [D] [thread 4080] [11.0] [cxt 0] Parser 'parser': end
[15:31:09.668] [bmv2] [D] [thread 4080] [11.0] [cxt 0] Pipeline 'ingress': start
[15:31:09.668] [bmv2] [T] [thread 4080] [11.0] [cxt 0] /home/p4/Desktop/P4Lab/ex1/p4src/forwarding.p4(116) Condition "hdr.ipv4.isValid()" (node_2) is true
[15:31:09.668] [bmv2] [T] [thread 4080] [11.0] [cxt 0] Applying table 'MyIngress.ipv4_lpm'
[15:31:09.668] [bmv2] [D] [thread 4080] [11.0] [cxt 0] Looking up key:
* hdr.ipv4.dstAddr    : 0a000202

[15:31:09.668] [bmv2] [D] [thread 4080] [11.0] [cxt 0] Table 'MyIngress.ipv4_lpm': hit with handle 0
[15:31:09.668] [bmv2] [D] [thread 4080] [11.0] [cxt 0] Dumping entry 0
Match key:
* hdr.ipv4.dstAddr    : EXACT     0a000202
Action entry: MyIngress.ipv4_forward - 2,

[15:31:09.668] [bmv2] [D] [thread 4080] [11.0] [cxt 0] Action entry is MyIngress.ipv4_forward - 2,
[15:31:09.668] [bmv2] [T] [thread 4080] [11.0] [cxt 0] Action MyIngress.ipv4_forward
[15:31:09.668] [bmv2] [T] [thread 4080] [11.0] [cxt 0] /home/p4/Desktop/P4Lab/ex1/p4src/forwarding.p4(93) Primitive standard_metadata.egress_spec = port
[15:31:09.668] [bmv2] [T] [thread 4080] [11.0] [cxt 0] /home/p4/Desktop/P4Lab/ex1/p4src/forwarding.p4(96) Primitive hdr.ipv4.ttl = hdr.ipv4.ttl -1
[15:31:09.668] [bmv2] [D] [thread 4080] [11.0] [cxt 0] Pipeline 'ingress': end
[15:31:09.668] [bmv2] [D] [thread 4080] [11.0] [cxt 0] Egress port is 2
[15:31:09.669] [bmv2] [D] [thread 4083] [11.0] [cxt 0] Pipeline 'egress': start
[15:31:09.669] [bmv2] [D] [thread 4083] [11.0] [cxt 0] Pipeline 'egress': end
[15:31:09.669] [bmv2] [D] [thread 4083] [11.0] [cxt 0] Deparser 'deparser': start
[15:31:09.669] [bmv2] [D] [thread 4083] [11.0] [cxt 0] Updating checksum 'cksum'
[15:31:09.669] [bmv2] [D] [thread 4083] [11.0] [cxt 0] Deparsing header 'ethernet'
[15:31:09.669] [bmv2] [D] [thread 4083] [11.0] [cxt 0] Deparsing header 'ipv4'
[15:31:09.669] [bmv2] [D] [thread 4083] [11.0] [cxt 0] Deparser 'deparser': end
[15:31:09.669] [bmv2] [D] [thread 4085] [11.0] [cxt 0] Transmitting packet of size 34 out of port 2
[15:31:11.108] [bmv2] [D] [thread 4080] [12.0] [cxt 0] Processing packet received on port 1
[15:31:11.108] [bmv2] [D] [thread 4080] [12.0] [cxt 0] Parser 'parser': start
[15:31:11.108] [bmv2] [D] [thread 4080] [12.0] [cxt 0] Parser 'parser' entering state 'start'
[15:31:11.108] [bmv2] [D] [thread 4080] [12.0] [cxt 0] Extracting header 'ethernet'
[15:31:11.108] [bmv2] [D] [thread 4080] [12.0] [cxt 0] Parser state 'start': key is 0800
[15:31:11.108] [bmv2] [T] [thread 4080] [12.0] [cxt 0] Bytes parsed: 14
[15:31:11.108] [bmv2] [D] [thread 4080] [12.0] [cxt 0] Parser 'parser' entering state 'ipv4'
[15:31:11.108] [bmv2] [D] [thread 4080] [12.0] [cxt 0] Extracting header 'ipv4'
[15:31:11.108] [bmv2] [D] [thread 4080] [12.0] [cxt 0] Parser state 'ipv4' has no switch, going to default next state
[15:31:11.109] [bmv2] [T] [thread 4080] [12.0] [cxt 0] Bytes parsed: 34
[15:31:11.109] [bmv2] [D] [thread 4080] [12.0] [cxt 0] Parser 'parser': end
[15:31:11.109] [bmv2] [D] [thread 4080] [12.0] [cxt 0] Pipeline 'ingress': start
[15:31:11.109] [bmv2] [T] [thread 4080] [12.0] [cxt 0] /home/p4/Desktop/P4Lab/ex1/p4src/forwarding.p4(116) Condition "hdr.ipv4.isValid()" (node_2) is true
[15:31:11.109] [bmv2] [T] [thread 4080] [12.0] [cxt 0] Applying table 'MyIngress.ipv4_lpm'
[15:31:11.109] [bmv2] [D] [thread 4080] [12.0] [cxt 0] Looking up key:
* hdr.ipv4.dstAddr    : 0a000202

[15:31:11.109] [bmv2] [D] [thread 4080] [12.0] [cxt 0] Table 'MyIngress.ipv4_lpm': hit with handle 0
[15:31:11.109] [bmv2] [D] [thread 4080] [12.0] [cxt 0] Dumping entry 0
Match key:
* hdr.ipv4.dstAddr    : EXACT     0a000202
Action entry: MyIngress.ipv4_forward - 2,

[15:31:11.109] [bmv2] [D] [thread 4080] [12.0] [cxt 0] Action entry is MyIngress.ipv4_forward - 2,
[15:31:11.109] [bmv2] [T] [thread 4080] [12.0] [cxt 0] Action MyIngress.ipv4_forward
[15:31:11.109] [bmv2] [T] [thread 4080] [12.0] [cxt 0] /home/p4/Desktop/P4Lab/ex1/p4src/forwarding.p4(93) Primitive standard_metadata.egress_spec = port
[15:31:11.109] [bmv2] [T] [thread 4080] [12.0] [cxt 0] /home/p4/Desktop/P4Lab/ex1/p4src/forwarding.p4(96) Primitive hdr.ipv4.ttl = hdr.ipv4.ttl -1
[15:31:11.109] [bmv2] [D] [thread 4080] [12.0] [cxt 0] Pipeline 'ingress': end
[15:31:11.109] [bmv2] [D] [thread 4080] [12.0] [cxt 0] Egress port is 2
[15:31:11.109] [bmv2] [D] [thread 4083] [12.0] [cxt 0] Pipeline 'egress': start
[15:31:11.109] [bmv2] [D] [thread 4083] [12.0] [cxt 0] Pipeline 'egress': end
[15:31:11.109] [bmv2] [D] [thread 4083] [12.0] [cxt 0] Deparser 'deparser': start
[15:31:11.109] [bmv2] [D] [thread 4083] [12.0] [cxt 0] Updating checksum 'cksum'
[15:31:11.109] [bmv2] [D] [thread 4083] [12.0] [cxt 0] Deparsing header 'ethernet'
[15:31:11.109] [bmv2] [D] [thread 4083] [12.0] [cxt 0] Deparsing header 'ipv4'
[15:31:11.109] [bmv2] [D] [thread 4083] [12.0] [cxt 0] Deparser 'deparser': end
[15:31:11.109] [bmv2] [D] [thread 4085] [12.0] [cxt 0] Transmitting packet of size 34 out of port 2
[15:31:12.156] [bmv2] [D] [thread 4080] [13.0] [cxt 0] Processing packet received on port 1
[15:31:12.156] [bmv2] [D] [thread 4080] [13.0] [cxt 0] Parser 'parser': start
[15:31:12.156] [bmv2] [D] [thread 4080] [13.0] [cxt 0] Parser 'parser' entering state 'start'
[15:31:12.156] [bmv2] [D] [thread 4080] [13.0] [cxt 0] Extracting header 'ethernet'
[15:31:12.156] [bmv2] [D] [thread 4080] [13.0] [cxt 0] Parser state 'start': key is 0800
[15:31:12.156] [bmv2] [T] [thread 4080] [13.0] [cxt 0] Bytes parsed: 14
[15:31:12.156] [bmv2] [D] [thread 4080] [13.0] [cxt 0] Parser 'parser' entering state 'ipv4'
[15:31:12.156] [bmv2] [D] [thread 4080] [13.0] [cxt 0] Extracting header 'ipv4'
[15:31:12.156] [bmv2] [D] [thread 4080] [13.0] [cxt 0] Parser state 'ipv4' has no switch, going to default next state
[15:31:12.156] [bmv2] [T] [thread 4080] [13.0] [cxt 0] Bytes parsed: 34
[15:31:12.156] [bmv2] [D] [thread 4080] [13.0] [cxt 0] Parser 'parser': end
[15:31:12.156] [bmv2] [D] [thread 4080] [13.0] [cxt 0] Pipeline 'ingress': start
[15:31:12.156] [bmv2] [T] [thread 4080] [13.0] [cxt 0] /home/p4/Desktop/P4Lab/ex1/p4src/forwarding.p4(116) Condition "hdr.ipv4.isValid()" (node_2) is true
[15:31:12.156] [bmv2] [T] [thread 4080] [13.0] [cxt 0] Applying table 'MyIngress.ipv4_lpm'
[15:31:12.156] [bmv2] [D] [thread 4080] [13.0] [cxt 0] Looking up key:
* hdr.ipv4.dstAddr    : 0a000202

[15:31:12.156] [bmv2] [D] [thread 4080] [13.0] [cxt 0] Table 'MyIngress.ipv4_lpm': hit with handle 0
[15:31:12.156] [bmv2] [D] [thread 4080] [13.0] [cxt 0] Dumping entry 0
Match key:
* hdr.ipv4.dstAddr    : EXACT     0a000202
Action entry: MyIngress.ipv4_forward - 2,

[15:31:12.156] [bmv2] [D] [thread 4080] [13.0] [cxt 0] Action entry is MyIngress.ipv4_forward - 2,
[15:31:12.156] [bmv2] [T] [thread 4080] [13.0] [cxt 0] Action MyIngress.ipv4_forward
[15:31:12.156] [bmv2] [T] [thread 4080] [13.0] [cxt 0] /home/p4/Desktop/P4Lab/ex1/p4src/forwarding.p4(93) Primitive standard_metadata.egress_spec = port
[15:31:12.156] [bmv2] [T] [thread 4080] [13.0] [cxt 0] /home/p4/Desktop/P4Lab/ex1/p4src/forwarding.p4(96) Primitive hdr.ipv4.ttl = hdr.ipv4.ttl -1
[15:31:12.156] [bmv2] [D] [thread 4080] [13.0] [cxt 0] Pipeline 'ingress': end
[15:31:12.156] [bmv2] [D] [thread 4080] [13.0] [cxt 0] Egress port is 2
[15:31:12.157] [bmv2] [D] [thread 4083] [13.0] [cxt 0] Pipeline 'egress': start
[15:31:12.157] [bmv2] [D] [thread 4083] [13.0] [cxt 0] Pipeline 'egress': end
[15:31:12.157] [bmv2] [D] [thread 4083] [13.0] [cxt 0] Deparser 'deparser': start
[15:31:12.157] [bmv2] [D] [thread 4083] [13.0] [cxt 0] Updating checksum 'cksum'
[15:31:12.157] [bmv2] [D] [thread 4083] [13.0] [cxt 0] Deparsing header 'ethernet'
[15:31:12.157] [bmv2] [D] [thread 4083] [13.0] [cxt 0] Deparsing header 'ipv4'
[15:31:12.157] [bmv2] [D] [thread 4083] [13.0] [cxt 0] Deparser 'deparser': end
[15:31:12.157] [bmv2] [D] [thread 4085] [13.0] [cxt 0] Transmitting packet of size 34 out of port 2
[15:31:13.500] [bmv2] [D] [thread 4080] [14.0] [cxt 0] Processing packet received on port 1
[15:31:13.501] [bmv2] [D] [thread 4080] [14.0] [cxt 0] Parser 'parser': start
[15:31:13.501] [bmv2] [D] [thread 4080] [14.0] [cxt 0] Parser 'parser' entering state 'start'
[15:31:13.501] [bmv2] [D] [thread 4080] [14.0] [cxt 0] Extracting header 'ethernet'
[15:31:13.501] [bmv2] [D] [thread 4080] [14.0] [cxt 0] Parser state 'start': key is 0800
[15:31:13.501] [bmv2] [T] [thread 4080] [14.0] [cxt 0] Bytes parsed: 14
[15:31:13.501] [bmv2] [D] [thread 4080] [14.0] [cxt 0] Parser 'parser' entering state 'ipv4'
[15:31:13.501] [bmv2] [D] [thread 4080] [14.0] [cxt 0] Extracting header 'ipv4'
[15:31:13.501] [bmv2] [D] [thread 4080] [14.0] [cxt 0] Parser state 'ipv4' has no switch, going to default next state
[15:31:13.501] [bmv2] [T] [thread 4080] [14.0] [cxt 0] Bytes parsed: 34
[15:31:13.501] [bmv2] [D] [thread 4080] [14.0] [cxt 0] Parser 'parser': end
[15:31:13.501] [bmv2] [D] [thread 4080] [14.0] [cxt 0] Pipeline 'ingress': start
[15:31:13.501] [bmv2] [T] [thread 4080] [14.0] [cxt 0] /home/p4/Desktop/P4Lab/ex1/p4src/forwarding.p4(116) Condition "hdr.ipv4.isValid()" (node_2) is true
[15:31:13.501] [bmv2] [T] [thread 4080] [14.0] [cxt 0] Applying table 'MyIngress.ipv4_lpm'
[15:31:13.501] [bmv2] [D] [thread 4080] [14.0] [cxt 0] Looking up key:
* hdr.ipv4.dstAddr    : 0a000202

[15:31:13.501] [bmv2] [D] [thread 4080] [14.0] [cxt 0] Table 'MyIngress.ipv4_lpm': hit with handle 0
[15:31:13.501] [bmv2] [D] [thread 4080] [14.0] [cxt 0] Dumping entry 0
Match key:
* hdr.ipv4.dstAddr    : EXACT     0a000202
Action entry: MyIngress.ipv4_forward - 2,

[15:31:13.501] [bmv2] [D] [thread 4080] [14.0] [cxt 0] Action entry is MyIngress.ipv4_forward - 2,
[15:31:13.501] [bmv2] [T] [thread 4080] [14.0] [cxt 0] Action MyIngress.ipv4_forward
[15:31:13.501] [bmv2] [T] [thread 4080] [14.0] [cxt 0] /home/p4/Desktop/P4Lab/ex1/p4src/forwarding.p4(93) Primitive standard_metadata.egress_spec = port
[15:31:13.501] [bmv2] [T] [thread 4080] [14.0] [cxt 0] /home/p4/Desktop/P4Lab/ex1/p4src/forwarding.p4(96) Primitive hdr.ipv4.ttl = hdr.ipv4.ttl -1
[15:31:13.501] [bmv2] [D] [thread 4080] [14.0] [cxt 0] Pipeline 'ingress': end
[15:31:13.501] [bmv2] [D] [thread 4080] [14.0] [cxt 0] Egress port is 2
[15:31:13.501] [bmv2] [D] [thread 4083] [14.0] [cxt 0] Pipeline 'egress': start
[15:31:13.501] [bmv2] [D] [thread 4083] [14.0] [cxt 0] Pipeline 'egress': end
[15:31:13.501] [bmv2] [D] [thread 4083] [14.0] [cxt 0] Deparser 'deparser': start
[15:31:13.501] [bmv2] [D] [thread 4083] [14.0] [cxt 0] Updating checksum 'cksum'
[15:31:13.501] [bmv2] [D] [thread 4083] [14.0] [cxt 0] Deparsing header 'ethernet'
[15:31:13.501] [bmv2] [D] [thread 4083] [14.0] [cxt 0] Deparsing header 'ipv4'
[15:31:13.501] [bmv2] [D] [thread 4083] [14.0] [cxt 0] Deparser 'deparser': end
[15:31:13.501] [bmv2] [D] [thread 4085] [14.0] [cxt 0] Transmitting packet of size 34 out of port 2
[15:31:14.420] [bmv2] [D] [thread 4080] [15.0] [cxt 0] Processing packet received on port 1
[15:31:14.420] [bmv2] [D] [thread 4080] [15.0] [cxt 0] Parser 'parser': start
[15:31:14.420] [bmv2] [D] [thread 4080] [15.0] [cxt 0] Parser 'parser' entering state 'start'
[15:31:14.420] [bmv2] [D] [thread 4080] [15.0] [cxt 0] Extracting header 'ethernet'
[15:31:14.420] [bmv2] [D] [thread 4080] [15.0] [cxt 0] Parser state 'start': key is 0800
[15:31:14.420] [bmv2] [T] [thread 4080] [15.0] [cxt 0] Bytes parsed: 14
[15:31:14.420] [bmv2] [D] [thread 4080] [15.0] [cxt 0] Parser 'parser' entering state 'ipv4'
[15:31:14.420] [bmv2] [D] [thread 4080] [15.0] [cxt 0] Extracting header 'ipv4'
[15:31:14.420] [bmv2] [D] [thread 4080] [15.0] [cxt 0] Parser state 'ipv4' has no switch, going to default next state
[15:31:14.420] [bmv2] [T] [thread 4080] [15.0] [cxt 0] Bytes parsed: 34
[15:31:14.420] [bmv2] [D] [thread 4080] [15.0] [cxt 0] Parser 'parser': end
[15:31:14.421] [bmv2] [D] [thread 4080] [15.0] [cxt 0] Pipeline 'ingress': start
[15:31:14.421] [bmv2] [T] [thread 4080] [15.0] [cxt 0] /home/p4/Desktop/P4Lab/ex1/p4src/forwarding.p4(116) Condition "hdr.ipv4.isValid()" (node_2) is true
[15:31:14.421] [bmv2] [T] [thread 4080] [15.0] [cxt 0] Applying table 'MyIngress.ipv4_lpm'
[15:31:14.421] [bmv2] [D] [thread 4080] [15.0] [cxt 0] Looking up key:
* hdr.ipv4.dstAddr    : 0a000202

[15:31:14.421] [bmv2] [D] [thread 4080] [15.0] [cxt 0] Table 'MyIngress.ipv4_lpm': hit with handle 0
[15:31:14.421] [bmv2] [D] [thread 4080] [15.0] [cxt 0] Dumping entry 0
Match key:
* hdr.ipv4.dstAddr    : EXACT     0a000202
Action entry: MyIngress.ipv4_forward - 2,

[15:31:14.421] [bmv2] [D] [thread 4080] [15.0] [cxt 0] Action entry is MyIngress.ipv4_forward - 2,
[15:31:14.421] [bmv2] [T] [thread 4080] [15.0] [cxt 0] Action MyIngress.ipv4_forward
[15:31:14.421] [bmv2] [T] [thread 4080] [15.0] [cxt 0] /home/p4/Desktop/P4Lab/ex1/p4src/forwarding.p4(93) Primitive standard_metadata.egress_spec = port
[15:31:14.421] [bmv2] [T] [thread 4080] [15.0] [cxt 0] /home/p4/Desktop/P4Lab/ex1/p4src/forwarding.p4(96) Primitive hdr.ipv4.ttl = hdr.ipv4.ttl -1
[15:31:14.421] [bmv2] [D] [thread 4080] [15.0] [cxt 0] Pipeline 'ingress': end
[15:31:14.421] [bmv2] [D] [thread 4080] [15.0] [cxt 0] Egress port is 2
[15:31:14.421] [bmv2] [D] [thread 4083] [15.0] [cxt 0] Pipeline 'egress': start
[15:31:14.421] [bmv2] [D] [thread 4083] [15.0] [cxt 0] Pipeline 'egress': end
[15:31:14.421] [bmv2] [D] [thread 4083] [15.0] [cxt 0] Deparser 'deparser': start
[15:31:14.421] [bmv2] [D] [thread 4083] [15.0] [cxt 0] Updating checksum 'cksum'
[15:31:14.421] [bmv2] [D] [thread 4083] [15.0] [cxt 0] Deparsing header 'ethernet'
[15:31:14.421] [bmv2] [D] [thread 4083] [15.0] [cxt 0] Deparsing header 'ipv4'
[15:31:14.421] [bmv2] [D] [thread 4083] [15.0] [cxt 0] Deparser 'deparser': end
[15:31:14.421] [bmv2] [D] [thread 4085] [15.0] [cxt 0] Transmitting packet of size 34 out of port 2
