Warning: you requested the nanomsg event logger, but bmv2 was compiled without -DBMELOG, and the event logger cannot be activated
Calling target program-options parser
[16:52:54.419] [bmv2] [D] [thread 7288] Set default default entry for table 'MyIngress.ipv4_lpm': NoAction - 
Adding interface s2-eth1 as port 1
[16:52:54.420] [bmv2] [D] [thread 7288] Adding interface s2-eth1 as port 1
Adding interface s2-eth2 as port 2
[16:52:54.481] [bmv2] [D] [thread 7288] Adding interface s2-eth2 as port 2
[16:52:54.513] [bmv2] [I] [thread 7288] Starting Thrift server on port 9091
[16:52:54.513] [bmv2] [I] [thread 7288] Thrift server was started
[16:52:54.514] [bmv2] [D] [thread 7294] [0.0] [cxt 0] Processing packet received on port 1
[16:52:54.514] [bmv2] [D] [thread 7294] [0.0] [cxt 0] Parser 'parser': start
[16:52:54.514] [bmv2] [D] [thread 7294] [0.0] [cxt 0] Parser 'parser' entering state 'start'
[16:52:54.514] [bmv2] [D] [thread 7294] [0.0] [cxt 0] Extracting header 'ethernet'
[16:52:54.514] [bmv2] [D] [thread 7294] [0.0] [cxt 0] Parser state 'start': key is 86dd
[16:52:54.514] [bmv2] [T] [thread 7294] [0.0] [cxt 0] Bytes parsed: 14
[16:52:54.514] [bmv2] [D] [thread 7294] [0.0] [cxt 0] Parser 'parser': end
[16:52:54.514] [bmv2] [D] [thread 7294] [0.0] [cxt 0] Pipeline 'ingress': start
[16:52:54.514] [bmv2] [T] [thread 7294] [0.0] [cxt 0] /home/p4/P4Lab/ex1/p4src/forwarding.p4(116) Condition "hdr.ipv4.isValid()" (node_2) is false
[16:52:54.514] [bmv2] [D] [thread 7294] [0.0] [cxt 0] Pipeline 'ingress': end
[16:52:54.514] [bmv2] [D] [thread 7294] [0.0] [cxt 0] Egress port is 0
[16:52:54.514] [bmv2] [D] [thread 7295] [0.0] [cxt 0] Pipeline 'egress': start
[16:52:54.514] [bmv2] [D] [thread 7295] [0.0] [cxt 0] Pipeline 'egress': end
[16:52:54.514] [bmv2] [D] [thread 7295] [0.0] [cxt 0] Deparser 'deparser': start
[16:52:54.514] [bmv2] [T] [thread 7295] [0.0] [cxt 0] Skipping checksum 'cksum' update because condition not met
[16:52:54.514] [bmv2] [D] [thread 7295] [0.0] [cxt 0] Deparsing header 'ethernet'
[16:52:54.514] [bmv2] [D] [thread 7295] [0.0] [cxt 0] Deparser 'deparser': end
[16:52:54.514] [bmv2] [D] [thread 7299] [0.0] [cxt 0] Transmitting packet of size 90 out of port 0
[16:52:57.553] [bmv2] [T] [thread 7390] bm_get_config
[16:52:57.553] [bmv2] [T] [thread 7390] bm_mt_get_entries
[16:52:57.554] [bmv2] [T] [thread 7390] bm_reset_state
[16:52:57.554] [bmv2] [D] [thread 7390] Resetting simple_switch target-specific state
[16:52:57.555] [bmv2] [D] [thread 7390] resetting PRE state
[16:52:57.556] [bmv2] [T] [thread 7390] bm_table_add_entry
[16:52:57.556] [bmv2] [D] [thread 7390] Entry 0 added to table 'MyIngress.ipv4_lpm'
[16:52:57.556] [bmv2] [D] [thread 7390] Dumping entry 0
Match key:
* hdr.ipv4.dstAddr    : EXACT     0a000202
Action entry: MyIngress.ipv4_forward - 2,

[16:52:57.556] [bmv2] [T] [thread 7390] bm_table_add_entry
[16:52:57.556] [bmv2] [D] [thread 7390] Entry 1 added to table 'MyIngress.ipv4_lpm'
[16:52:57.556] [bmv2] [D] [thread 7390] Dumping entry 1
Match key:
* hdr.ipv4.dstAddr    : EXACT     0a000101
Action entry: MyIngress.ipv4_forward - 1,

[16:53:19.369] [bmv2] [D] [thread 7294] [1.0] [cxt 0] Processing packet received on port 2
[16:53:19.370] [bmv2] [D] [thread 7294] [1.0] [cxt 0] Parser 'parser': start
[16:53:19.370] [bmv2] [D] [thread 7294] [1.0] [cxt 0] Parser 'parser' entering state 'start'
[16:53:19.370] [bmv2] [D] [thread 7294] [1.0] [cxt 0] Extracting header 'ethernet'
[16:53:19.370] [bmv2] [D] [thread 7294] [1.0] [cxt 0] Parser state 'start': key is 0800
[16:53:19.370] [bmv2] [T] [thread 7294] [1.0] [cxt 0] Bytes parsed: 14
[16:53:19.370] [bmv2] [D] [thread 7294] [1.0] [cxt 0] Parser 'parser' entering state 'ipv4'
[16:53:19.370] [bmv2] [D] [thread 7294] [1.0] [cxt 0] Extracting header 'ipv4'
[16:53:19.370] [bmv2] [D] [thread 7294] [1.0] [cxt 0] Parser state 'ipv4' has no switch, going to default next state
[16:53:19.370] [bmv2] [T] [thread 7294] [1.0] [cxt 0] Bytes parsed: 34
[16:53:19.370] [bmv2] [D] [thread 7294] [1.0] [cxt 0] Parser 'parser': end
[16:53:19.370] [bmv2] [D] [thread 7294] [1.0] [cxt 0] Pipeline 'ingress': start
[16:53:19.370] [bmv2] [T] [thread 7294] [1.0] [cxt 0] /home/p4/P4Lab/ex1/p4src/forwarding.p4(116) Condition "hdr.ipv4.isValid()" (node_2) is true
[16:53:19.370] [bmv2] [T] [thread 7294] [1.0] [cxt 0] Applying table 'MyIngress.ipv4_lpm'
[16:53:19.370] [bmv2] [D] [thread 7294] [1.0] [cxt 0] Looking up key:
* hdr.ipv4.dstAddr    : 0a000101

[16:53:19.370] [bmv2] [D] [thread 7294] [1.0] [cxt 0] Table 'MyIngress.ipv4_lpm': hit with handle 1
[16:53:19.370] [bmv2] [D] [thread 7294] [1.0] [cxt 0] Dumping entry 1
Match key:
* hdr.ipv4.dstAddr    : EXACT     0a000101
Action entry: MyIngress.ipv4_forward - 1,

[16:53:19.370] [bmv2] [D] [thread 7294] [1.0] [cxt 0] Action entry is MyIngress.ipv4_forward - 1,
[16:53:19.370] [bmv2] [T] [thread 7294] [1.0] [cxt 0] Action MyIngress.ipv4_forward
[16:53:19.370] [bmv2] [T] [thread 7294] [1.0] [cxt 0] /home/p4/P4Lab/ex1/p4src/forwarding.p4(93) Primitive standard_metadata.egress_spec = port
[16:53:19.370] [bmv2] [T] [thread 7294] [1.0] [cxt 0] /home/p4/P4Lab/ex1/p4src/forwarding.p4(96) Primitive hdr.ipv4.ttl = hdr.ipv4.ttl -1
[16:53:19.370] [bmv2] [D] [thread 7294] [1.0] [cxt 0] Pipeline 'ingress': end
[16:53:19.370] [bmv2] [D] [thread 7294] [1.0] [cxt 0] Egress port is 1
[16:53:19.370] [bmv2] [D] [thread 7296] [1.0] [cxt 0] Pipeline 'egress': start
[16:53:19.370] [bmv2] [D] [thread 7296] [1.0] [cxt 0] Pipeline 'egress': end
[16:53:19.370] [bmv2] [D] [thread 7296] [1.0] [cxt 0] Deparser 'deparser': start
[16:53:19.370] [bmv2] [D] [thread 7296] [1.0] [cxt 0] Updating checksum 'cksum'
[16:53:19.370] [bmv2] [D] [thread 7296] [1.0] [cxt 0] Deparsing header 'ethernet'
[16:53:19.370] [bmv2] [D] [thread 7296] [1.0] [cxt 0] Deparsing header 'ipv4'
[16:53:19.370] [bmv2] [D] [thread 7296] [1.0] [cxt 0] Deparser 'deparser': end
[16:53:19.370] [bmv2] [D] [thread 7299] [1.0] [cxt 0] Transmitting packet of size 34 out of port 1
[16:53:20.099] [bmv2] [D] [thread 7294] [2.0] [cxt 0] Processing packet received on port 2
[16:53:20.099] [bmv2] [D] [thread 7294] [2.0] [cxt 0] Parser 'parser': start
[16:53:20.099] [bmv2] [D] [thread 7294] [2.0] [cxt 0] Parser 'parser' entering state 'start'
[16:53:20.099] [bmv2] [D] [thread 7294] [2.0] [cxt 0] Extracting header 'ethernet'
[16:53:20.099] [bmv2] [D] [thread 7294] [2.0] [cxt 0] Parser state 'start': key is 0800
[16:53:20.099] [bmv2] [T] [thread 7294] [2.0] [cxt 0] Bytes parsed: 14
[16:53:20.100] [bmv2] [D] [thread 7294] [2.0] [cxt 0] Parser 'parser' entering state 'ipv4'
[16:53:20.100] [bmv2] [D] [thread 7294] [2.0] [cxt 0] Extracting header 'ipv4'
[16:53:20.100] [bmv2] [D] [thread 7294] [2.0] [cxt 0] Parser state 'ipv4' has no switch, going to default next state
[16:53:20.100] [bmv2] [T] [thread 7294] [2.0] [cxt 0] Bytes parsed: 34
[16:53:20.100] [bmv2] [D] [thread 7294] [2.0] [cxt 0] Parser 'parser': end
[16:53:20.100] [bmv2] [D] [thread 7294] [2.0] [cxt 0] Pipeline 'ingress': start
[16:53:20.100] [bmv2] [T] [thread 7294] [2.0] [cxt 0] /home/p4/P4Lab/ex1/p4src/forwarding.p4(116) Condition "hdr.ipv4.isValid()" (node_2) is true
[16:53:20.100] [bmv2] [T] [thread 7294] [2.0] [cxt 0] Applying table 'MyIngress.ipv4_lpm'
[16:53:20.100] [bmv2] [D] [thread 7294] [2.0] [cxt 0] Looking up key:
* hdr.ipv4.dstAddr    : 0a000101

[16:53:20.100] [bmv2] [D] [thread 7294] [2.0] [cxt 0] Table 'MyIngress.ipv4_lpm': hit with handle 1
[16:53:20.100] [bmv2] [D] [thread 7294] [2.0] [cxt 0] Dumping entry 1
Match key:
* hdr.ipv4.dstAddr    : EXACT     0a000101
Action entry: MyIngress.ipv4_forward - 1,

[16:53:20.100] [bmv2] [D] [thread 7294] [2.0] [cxt 0] Action entry is MyIngress.ipv4_forward - 1,
[16:53:20.100] [bmv2] [T] [thread 7294] [2.0] [cxt 0] Action MyIngress.ipv4_forward
[16:53:20.100] [bmv2] [T] [thread 7294] [2.0] [cxt 0] /home/p4/P4Lab/ex1/p4src/forwarding.p4(93) Primitive standard_metadata.egress_spec = port
[16:53:20.100] [bmv2] [T] [thread 7294] [2.0] [cxt 0] /home/p4/P4Lab/ex1/p4src/forwarding.p4(96) Primitive hdr.ipv4.ttl = hdr.ipv4.ttl -1
[16:53:20.100] [bmv2] [D] [thread 7294] [2.0] [cxt 0] Pipeline 'ingress': end
[16:53:20.100] [bmv2] [D] [thread 7294] [2.0] [cxt 0] Egress port is 1
[16:53:20.100] [bmv2] [D] [thread 7296] [2.0] [cxt 0] Pipeline 'egress': start
[16:53:20.100] [bmv2] [D] [thread 7296] [2.0] [cxt 0] Pipeline 'egress': end
[16:53:20.100] [bmv2] [D] [thread 7296] [2.0] [cxt 0] Deparser 'deparser': start
[16:53:20.100] [bmv2] [D] [thread 7296] [2.0] [cxt 0] Updating checksum 'cksum'
[16:53:20.100] [bmv2] [D] [thread 7296] [2.0] [cxt 0] Deparsing header 'ethernet'
[16:53:20.100] [bmv2] [D] [thread 7296] [2.0] [cxt 0] Deparsing header 'ipv4'
[16:53:20.100] [bmv2] [D] [thread 7296] [2.0] [cxt 0] Deparser 'deparser': end
[16:53:20.100] [bmv2] [D] [thread 7299] [2.0] [cxt 0] Transmitting packet of size 34 out of port 1
[16:53:20.395] [bmv2] [D] [thread 7294] [3.0] [cxt 0] Processing packet received on port 2
[16:53:20.395] [bmv2] [D] [thread 7294] [3.0] [cxt 0] Parser 'parser': start
[16:53:20.395] [bmv2] [D] [thread 7294] [3.0] [cxt 0] Parser 'parser' entering state 'start'
[16:53:20.395] [bmv2] [D] [thread 7294] [3.0] [cxt 0] Extracting header 'ethernet'
[16:53:20.395] [bmv2] [D] [thread 7294] [3.0] [cxt 0] Parser state 'start': key is 0800
[16:53:20.395] [bmv2] [T] [thread 7294] [3.0] [cxt 0] Bytes parsed: 14
[16:53:20.395] [bmv2] [D] [thread 7294] [3.0] [cxt 0] Parser 'parser' entering state 'ipv4'
[16:53:20.395] [bmv2] [D] [thread 7294] [3.0] [cxt 0] Extracting header 'ipv4'
[16:53:20.395] [bmv2] [D] [thread 7294] [3.0] [cxt 0] Parser state 'ipv4' has no switch, going to default next state
[16:53:20.395] [bmv2] [T] [thread 7294] [3.0] [cxt 0] Bytes parsed: 34
[16:53:20.395] [bmv2] [D] [thread 7294] [3.0] [cxt 0] Parser 'parser': end
[16:53:20.395] [bmv2] [D] [thread 7294] [3.0] [cxt 0] Pipeline 'ingress': start
[16:53:20.395] [bmv2] [T] [thread 7294] [3.0] [cxt 0] /home/p4/P4Lab/ex1/p4src/forwarding.p4(116) Condition "hdr.ipv4.isValid()" (node_2) is true
[16:53:20.395] [bmv2] [T] [thread 7294] [3.0] [cxt 0] Applying table 'MyIngress.ipv4_lpm'
[16:53:20.395] [bmv2] [D] [thread 7294] [3.0] [cxt 0] Looking up key:
* hdr.ipv4.dstAddr    : 0a000101

[16:53:20.395] [bmv2] [D] [thread 7294] [3.0] [cxt 0] Table 'MyIngress.ipv4_lpm': hit with handle 1
[16:53:20.395] [bmv2] [D] [thread 7294] [3.0] [cxt 0] Dumping entry 1
Match key:
* hdr.ipv4.dstAddr    : EXACT     0a000101
Action entry: MyIngress.ipv4_forward - 1,

[16:53:20.395] [bmv2] [D] [thread 7294] [3.0] [cxt 0] Action entry is MyIngress.ipv4_forward - 1,
[16:53:20.396] [bmv2] [T] [thread 7294] [3.0] [cxt 0] Action MyIngress.ipv4_forward
[16:53:20.396] [bmv2] [T] [thread 7294] [3.0] [cxt 0] /home/p4/P4Lab/ex1/p4src/forwarding.p4(93) Primitive standard_metadata.egress_spec = port
[16:53:20.396] [bmv2] [T] [thread 7294] [3.0] [cxt 0] /home/p4/P4Lab/ex1/p4src/forwarding.p4(96) Primitive hdr.ipv4.ttl = hdr.ipv4.ttl -1
[16:53:20.396] [bmv2] [D] [thread 7294] [3.0] [cxt 0] Pipeline 'ingress': end
[16:53:20.396] [bmv2] [D] [thread 7294] [3.0] [cxt 0] Egress port is 1
[16:53:20.396] [bmv2] [D] [thread 7296] [3.0] [cxt 0] Pipeline 'egress': start
[16:53:20.396] [bmv2] [D] [thread 7296] [3.0] [cxt 0] Pipeline 'egress': end
[16:53:20.396] [bmv2] [D] [thread 7296] [3.0] [cxt 0] Deparser 'deparser': start
[16:53:20.396] [bmv2] [D] [thread 7296] [3.0] [cxt 0] Updating checksum 'cksum'
[16:53:20.396] [bmv2] [D] [thread 7296] [3.0] [cxt 0] Deparsing header 'ethernet'
[16:53:20.396] [bmv2] [D] [thread 7296] [3.0] [cxt 0] Deparsing header 'ipv4'
[16:53:20.396] [bmv2] [D] [thread 7296] [3.0] [cxt 0] Deparser 'deparser': end
[16:53:20.396] [bmv2] [D] [thread 7299] [3.0] [cxt 0] Transmitting packet of size 34 out of port 1
[16:53:20.683] [bmv2] [D] [thread 7294] [4.0] [cxt 0] Processing packet received on port 2
[16:53:20.683] [bmv2] [D] [thread 7294] [4.0] [cxt 0] Parser 'parser': start
[16:53:20.683] [bmv2] [D] [thread 7294] [4.0] [cxt 0] Parser 'parser' entering state 'start'
[16:53:20.683] [bmv2] [D] [thread 7294] [4.0] [cxt 0] Extracting header 'ethernet'
[16:53:20.683] [bmv2] [D] [thread 7294] [4.0] [cxt 0] Parser state 'start': key is 0800
[16:53:20.683] [bmv2] [T] [thread 7294] [4.0] [cxt 0] Bytes parsed: 14
[16:53:20.683] [bmv2] [D] [thread 7294] [4.0] [cxt 0] Parser 'parser' entering state 'ipv4'
[16:53:20.683] [bmv2] [D] [thread 7294] [4.0] [cxt 0] Extracting header 'ipv4'
[16:53:20.683] [bmv2] [D] [thread 7294] [4.0] [cxt 0] Parser state 'ipv4' has no switch, going to default next state
[16:53:20.683] [bmv2] [T] [thread 7294] [4.0] [cxt 0] Bytes parsed: 34
[16:53:20.683] [bmv2] [D] [thread 7294] [4.0] [cxt 0] Parser 'parser': end
[16:53:20.683] [bmv2] [D] [thread 7294] [4.0] [cxt 0] Pipeline 'ingress': start
[16:53:20.683] [bmv2] [T] [thread 7294] [4.0] [cxt 0] /home/p4/P4Lab/ex1/p4src/forwarding.p4(116) Condition "hdr.ipv4.isValid()" (node_2) is true
[16:53:20.683] [bmv2] [T] [thread 7294] [4.0] [cxt 0] Applying table 'MyIngress.ipv4_lpm'
[16:53:20.683] [bmv2] [D] [thread 7294] [4.0] [cxt 0] Looking up key:
* hdr.ipv4.dstAddr    : 0a000101

[16:53:20.684] [bmv2] [D] [thread 7294] [4.0] [cxt 0] Table 'MyIngress.ipv4_lpm': hit with handle 1
[16:53:20.684] [bmv2] [D] [thread 7294] [4.0] [cxt 0] Dumping entry 1
Match key:
* hdr.ipv4.dstAddr    : EXACT     0a000101
Action entry: MyIngress.ipv4_forward - 1,

[16:53:20.684] [bmv2] [D] [thread 7294] [4.0] [cxt 0] Action entry is MyIngress.ipv4_forward - 1,
[16:53:20.684] [bmv2] [T] [thread 7294] [4.0] [cxt 0] Action MyIngress.ipv4_forward
[16:53:20.684] [bmv2] [T] [thread 7294] [4.0] [cxt 0] /home/p4/P4Lab/ex1/p4src/forwarding.p4(93) Primitive standard_metadata.egress_spec = port
[16:53:20.684] [bmv2] [T] [thread 7294] [4.0] [cxt 0] /home/p4/P4Lab/ex1/p4src/forwarding.p4(96) Primitive hdr.ipv4.ttl = hdr.ipv4.ttl -1
[16:53:20.684] [bmv2] [D] [thread 7294] [4.0] [cxt 0] Pipeline 'ingress': end
[16:53:20.684] [bmv2] [D] [thread 7294] [4.0] [cxt 0] Egress port is 1
[16:53:20.684] [bmv2] [D] [thread 7296] [4.0] [cxt 0] Pipeline 'egress': start
[16:53:20.684] [bmv2] [D] [thread 7296] [4.0] [cxt 0] Pipeline 'egress': end
[16:53:20.684] [bmv2] [D] [thread 7296] [4.0] [cxt 0] Deparser 'deparser': start
[16:53:20.684] [bmv2] [D] [thread 7296] [4.0] [cxt 0] Updating checksum 'cksum'
[16:53:20.684] [bmv2] [D] [thread 7296] [4.0] [cxt 0] Deparsing header 'ethernet'
[16:53:20.684] [bmv2] [D] [thread 7296] [4.0] [cxt 0] Deparsing header 'ipv4'
[16:53:20.684] [bmv2] [D] [thread 7296] [4.0] [cxt 0] Deparser 'deparser': end
[16:53:20.684] [bmv2] [D] [thread 7299] [4.0] [cxt 0] Transmitting packet of size 34 out of port 1
[16:53:21.035] [bmv2] [D] [thread 7294] [5.0] [cxt 0] Processing packet received on port 2
[16:53:21.035] [bmv2] [D] [thread 7294] [5.0] [cxt 0] Parser 'parser': start
[16:53:21.035] [bmv2] [D] [thread 7294] [5.0] [cxt 0] Parser 'parser' entering state 'start'
[16:53:21.035] [bmv2] [D] [thread 7294] [5.0] [cxt 0] Extracting header 'ethernet'
[16:53:21.035] [bmv2] [D] [thread 7294] [5.0] [cxt 0] Parser state 'start': key is 0800
[16:53:21.035] [bmv2] [T] [thread 7294] [5.0] [cxt 0] Bytes parsed: 14
[16:53:21.035] [bmv2] [D] [thread 7294] [5.0] [cxt 0] Parser 'parser' entering state 'ipv4'
[16:53:21.035] [bmv2] [D] [thread 7294] [5.0] [cxt 0] Extracting header 'ipv4'
[16:53:21.035] [bmv2] [D] [thread 7294] [5.0] [cxt 0] Parser state 'ipv4' has no switch, going to default next state
[16:53:21.035] [bmv2] [T] [thread 7294] [5.0] [cxt 0] Bytes parsed: 34
[16:53:21.035] [bmv2] [D] [thread 7294] [5.0] [cxt 0] Parser 'parser': end
[16:53:21.035] [bmv2] [D] [thread 7294] [5.0] [cxt 0] Pipeline 'ingress': start
[16:53:21.035] [bmv2] [T] [thread 7294] [5.0] [cxt 0] /home/p4/P4Lab/ex1/p4src/forwarding.p4(116) Condition "hdr.ipv4.isValid()" (node_2) is true
[16:53:21.035] [bmv2] [T] [thread 7294] [5.0] [cxt 0] Applying table 'MyIngress.ipv4_lpm'
[16:53:21.035] [bmv2] [D] [thread 7294] [5.0] [cxt 0] Looking up key:
* hdr.ipv4.dstAddr    : 0a000101

[16:53:21.035] [bmv2] [D] [thread 7294] [5.0] [cxt 0] Table 'MyIngress.ipv4_lpm': hit with handle 1
[16:53:21.035] [bmv2] [D] [thread 7294] [5.0] [cxt 0] Dumping entry 1
Match key:
* hdr.ipv4.dstAddr    : EXACT     0a000101
Action entry: MyIngress.ipv4_forward - 1,

[16:53:21.035] [bmv2] [D] [thread 7294] [5.0] [cxt 0] Action entry is MyIngress.ipv4_forward - 1,
[16:53:21.035] [bmv2] [T] [thread 7294] [5.0] [cxt 0] Action MyIngress.ipv4_forward
[16:53:21.035] [bmv2] [T] [thread 7294] [5.0] [cxt 0] /home/p4/P4Lab/ex1/p4src/forwarding.p4(93) Primitive standard_metadata.egress_spec = port
[16:53:21.035] [bmv2] [T] [thread 7294] [5.0] [cxt 0] /home/p4/P4Lab/ex1/p4src/forwarding.p4(96) Primitive hdr.ipv4.ttl = hdr.ipv4.ttl -1
[16:53:21.035] [bmv2] [D] [thread 7294] [5.0] [cxt 0] Pipeline 'ingress': end
[16:53:21.035] [bmv2] [D] [thread 7294] [5.0] [cxt 0] Egress port is 1
[16:53:21.036] [bmv2] [D] [thread 7296] [5.0] [cxt 0] Pipeline 'egress': start
[16:53:21.036] [bmv2] [D] [thread 7296] [5.0] [cxt 0] Pipeline 'egress': end
[16:53:21.036] [bmv2] [D] [thread 7296] [5.0] [cxt 0] Deparser 'deparser': start
[16:53:21.036] [bmv2] [D] [thread 7296] [5.0] [cxt 0] Updating checksum 'cksum'
[16:53:21.036] [bmv2] [D] [thread 7296] [5.0] [cxt 0] Deparsing header 'ethernet'
[16:53:21.036] [bmv2] [D] [thread 7296] [5.0] [cxt 0] Deparsing header 'ipv4'
[16:53:21.036] [bmv2] [D] [thread 7296] [5.0] [cxt 0] Deparser 'deparser': end
[16:53:21.036] [bmv2] [D] [thread 7299] [5.0] [cxt 0] Transmitting packet of size 34 out of port 1
[16:53:21.195] [bmv2] [D] [thread 7294] [6.0] [cxt 0] Processing packet received on port 2
[16:53:21.195] [bmv2] [D] [thread 7294] [6.0] [cxt 0] Parser 'parser': start
[16:53:21.195] [bmv2] [D] [thread 7294] [6.0] [cxt 0] Parser 'parser' entering state 'start'
[16:53:21.195] [bmv2] [D] [thread 7294] [6.0] [cxt 0] Extracting header 'ethernet'
[16:53:21.195] [bmv2] [D] [thread 7294] [6.0] [cxt 0] Parser state 'start': key is 0800
[16:53:21.195] [bmv2] [T] [thread 7294] [6.0] [cxt 0] Bytes parsed: 14
[16:53:21.195] [bmv2] [D] [thread 7294] [6.0] [cxt 0] Parser 'parser' entering state 'ipv4'
[16:53:21.195] [bmv2] [D] [thread 7294] [6.0] [cxt 0] Extracting header 'ipv4'
[16:53:21.195] [bmv2] [D] [thread 7294] [6.0] [cxt 0] Parser state 'ipv4' has no switch, going to default next state
[16:53:21.195] [bmv2] [T] [thread 7294] [6.0] [cxt 0] Bytes parsed: 34
[16:53:21.195] [bmv2] [D] [thread 7294] [6.0] [cxt 0] Parser 'parser': end
[16:53:21.195] [bmv2] [D] [thread 7294] [6.0] [cxt 0] Pipeline 'ingress': start
[16:53:21.195] [bmv2] [T] [thread 7294] [6.0] [cxt 0] /home/p4/P4Lab/ex1/p4src/forwarding.p4(116) Condition "hdr.ipv4.isValid()" (node_2) is true
[16:53:21.195] [bmv2] [T] [thread 7294] [6.0] [cxt 0] Applying table 'MyIngress.ipv4_lpm'
[16:53:21.195] [bmv2] [D] [thread 7294] [6.0] [cxt 0] Looking up key:
* hdr.ipv4.dstAddr    : 0a000101

[16:53:21.195] [bmv2] [D] [thread 7294] [6.0] [cxt 0] Table 'MyIngress.ipv4_lpm': hit with handle 1
[16:53:21.195] [bmv2] [D] [thread 7294] [6.0] [cxt 0] Dumping entry 1
Match key:
* hdr.ipv4.dstAddr    : EXACT     0a000101
Action entry: MyIngress.ipv4_forward - 1,

[16:53:21.195] [bmv2] [D] [thread 7294] [6.0] [cxt 0] Action entry is MyIngress.ipv4_forward - 1,
[16:53:21.195] [bmv2] [T] [thread 7294] [6.0] [cxt 0] Action MyIngress.ipv4_forward
[16:53:21.195] [bmv2] [T] [thread 7294] [6.0] [cxt 0] /home/p4/P4Lab/ex1/p4src/forwarding.p4(93) Primitive standard_metadata.egress_spec = port
[16:53:21.195] [bmv2] [T] [thread 7294] [6.0] [cxt 0] /home/p4/P4Lab/ex1/p4src/forwarding.p4(96) Primitive hdr.ipv4.ttl = hdr.ipv4.ttl -1
[16:53:21.195] [bmv2] [D] [thread 7294] [6.0] [cxt 0] Pipeline 'ingress': end
[16:53:21.195] [bmv2] [D] [thread 7294] [6.0] [cxt 0] Egress port is 1
[16:53:21.195] [bmv2] [D] [thread 7296] [6.0] [cxt 0] Pipeline 'egress': start
[16:53:21.195] [bmv2] [D] [thread 7296] [6.0] [cxt 0] Pipeline 'egress': end
[16:53:21.195] [bmv2] [D] [thread 7296] [6.0] [cxt 0] Deparser 'deparser': start
[16:53:21.195] [bmv2] [D] [thread 7296] [6.0] [cxt 0] Updating checksum 'cksum'
[16:53:21.196] [bmv2] [D] [thread 7296] [6.0] [cxt 0] Deparsing header 'ethernet'
[16:53:21.196] [bmv2] [D] [thread 7296] [6.0] [cxt 0] Deparsing header 'ipv4'
[16:53:21.196] [bmv2] [D] [thread 7296] [6.0] [cxt 0] Deparser 'deparser': end
[16:53:21.196] [bmv2] [D] [thread 7299] [6.0] [cxt 0] Transmitting packet of size 34 out of port 1
[16:53:21.356] [bmv2] [D] [thread 7294] [7.0] [cxt 0] Processing packet received on port 2
[16:53:21.356] [bmv2] [D] [thread 7294] [7.0] [cxt 0] Parser 'parser': start
[16:53:21.356] [bmv2] [D] [thread 7294] [7.0] [cxt 0] Parser 'parser' entering state 'start'
[16:53:21.356] [bmv2] [D] [thread 7294] [7.0] [cxt 0] Extracting header 'ethernet'
[16:53:21.356] [bmv2] [D] [thread 7294] [7.0] [cxt 0] Parser state 'start': key is 0800
[16:53:21.356] [bmv2] [T] [thread 7294] [7.0] [cxt 0] Bytes parsed: 14
[16:53:21.356] [bmv2] [D] [thread 7294] [7.0] [cxt 0] Parser 'parser' entering state 'ipv4'
[16:53:21.356] [bmv2] [D] [thread 7294] [7.0] [cxt 0] Extracting header 'ipv4'
[16:53:21.356] [bmv2] [D] [thread 7294] [7.0] [cxt 0] Parser state 'ipv4' has no switch, going to default next state
[16:53:21.356] [bmv2] [T] [thread 7294] [7.0] [cxt 0] Bytes parsed: 34
[16:53:21.356] [bmv2] [D] [thread 7294] [7.0] [cxt 0] Parser 'parser': end
[16:53:21.356] [bmv2] [D] [thread 7294] [7.0] [cxt 0] Pipeline 'ingress': start
[16:53:21.356] [bmv2] [T] [thread 7294] [7.0] [cxt 0] /home/p4/P4Lab/ex1/p4src/forwarding.p4(116) Condition "hdr.ipv4.isValid()" (node_2) is true
[16:53:21.356] [bmv2] [T] [thread 7294] [7.0] [cxt 0] Applying table 'MyIngress.ipv4_lpm'
[16:53:21.356] [bmv2] [D] [thread 7294] [7.0] [cxt 0] Looking up key:
* hdr.ipv4.dstAddr    : 0a000101

[16:53:21.356] [bmv2] [D] [thread 7294] [7.0] [cxt 0] Table 'MyIngress.ipv4_lpm': hit with handle 1
[16:53:21.356] [bmv2] [D] [thread 7294] [7.0] [cxt 0] Dumping entry 1
Match key:
* hdr.ipv4.dstAddr    : EXACT     0a000101
Action entry: MyIngress.ipv4_forward - 1,

[16:53:21.356] [bmv2] [D] [thread 7294] [7.0] [cxt 0] Action entry is MyIngress.ipv4_forward - 1,
[16:53:21.356] [bmv2] [T] [thread 7294] [7.0] [cxt 0] Action MyIngress.ipv4_forward
[16:53:21.356] [bmv2] [T] [thread 7294] [7.0] [cxt 0] /home/p4/P4Lab/ex1/p4src/forwarding.p4(93) Primitive standard_metadata.egress_spec = port
[16:53:21.356] [bmv2] [T] [thread 7294] [7.0] [cxt 0] /home/p4/P4Lab/ex1/p4src/forwarding.p4(96) Primitive hdr.ipv4.ttl = hdr.ipv4.ttl -1
[16:53:21.356] [bmv2] [D] [thread 7294] [7.0] [cxt 0] Pipeline 'ingress': end
[16:53:21.356] [bmv2] [D] [thread 7294] [7.0] [cxt 0] Egress port is 1
[16:53:21.356] [bmv2] [D] [thread 7296] [7.0] [cxt 0] Pipeline 'egress': start
[16:53:21.356] [bmv2] [D] [thread 7296] [7.0] [cxt 0] Pipeline 'egress': end
[16:53:21.356] [bmv2] [D] [thread 7296] [7.0] [cxt 0] Deparser 'deparser': start
[16:53:21.356] [bmv2] [D] [thread 7296] [7.0] [cxt 0] Updating checksum 'cksum'
[16:53:21.356] [bmv2] [D] [thread 7296] [7.0] [cxt 0] Deparsing header 'ethernet'
[16:53:21.356] [bmv2] [D] [thread 7296] [7.0] [cxt 0] Deparsing header 'ipv4'
[16:53:21.356] [bmv2] [D] [thread 7296] [7.0] [cxt 0] Deparser 'deparser': end
[16:53:21.356] [bmv2] [D] [thread 7299] [7.0] [cxt 0] Transmitting packet of size 34 out of port 1
[16:53:21.499] [bmv2] [D] [thread 7294] [8.0] [cxt 0] Processing packet received on port 2
[16:53:21.499] [bmv2] [D] [thread 7294] [8.0] [cxt 0] Parser 'parser': start
[16:53:21.499] [bmv2] [D] [thread 7294] [8.0] [cxt 0] Parser 'parser' entering state 'start'
[16:53:21.499] [bmv2] [D] [thread 7294] [8.0] [cxt 0] Extracting header 'ethernet'
[16:53:21.499] [bmv2] [D] [thread 7294] [8.0] [cxt 0] Parser state 'start': key is 0800
[16:53:21.499] [bmv2] [T] [thread 7294] [8.0] [cxt 0] Bytes parsed: 14
[16:53:21.499] [bmv2] [D] [thread 7294] [8.0] [cxt 0] Parser 'parser' entering state 'ipv4'
[16:53:21.499] [bmv2] [D] [thread 7294] [8.0] [cxt 0] Extracting header 'ipv4'
[16:53:21.499] [bmv2] [D] [thread 7294] [8.0] [cxt 0] Parser state 'ipv4' has no switch, going to default next state
[16:53:21.499] [bmv2] [T] [thread 7294] [8.0] [cxt 0] Bytes parsed: 34
[16:53:21.499] [bmv2] [D] [thread 7294] [8.0] [cxt 0] Parser 'parser': end
[16:53:21.499] [bmv2] [D] [thread 7294] [8.0] [cxt 0] Pipeline 'ingress': start
[16:53:21.499] [bmv2] [T] [thread 7294] [8.0] [cxt 0] /home/p4/P4Lab/ex1/p4src/forwarding.p4(116) Condition "hdr.ipv4.isValid()" (node_2) is true
[16:53:21.500] [bmv2] [T] [thread 7294] [8.0] [cxt 0] Applying table 'MyIngress.ipv4_lpm'
[16:53:21.500] [bmv2] [D] [thread 7294] [8.0] [cxt 0] Looking up key:
* hdr.ipv4.dstAddr    : 0a000101

[16:53:21.500] [bmv2] [D] [thread 7294] [8.0] [cxt 0] Table 'MyIngress.ipv4_lpm': hit with handle 1
[16:53:21.500] [bmv2] [D] [thread 7294] [8.0] [cxt 0] Dumping entry 1
Match key:
* hdr.ipv4.dstAddr    : EXACT     0a000101
Action entry: MyIngress.ipv4_forward - 1,

[16:53:21.500] [bmv2] [D] [thread 7294] [8.0] [cxt 0] Action entry is MyIngress.ipv4_forward - 1,
[16:53:21.500] [bmv2] [T] [thread 7294] [8.0] [cxt 0] Action MyIngress.ipv4_forward
[16:53:21.500] [bmv2] [T] [thread 7294] [8.0] [cxt 0] /home/p4/P4Lab/ex1/p4src/forwarding.p4(93) Primitive standard_metadata.egress_spec = port
[16:53:21.500] [bmv2] [T] [thread 7294] [8.0] [cxt 0] /home/p4/P4Lab/ex1/p4src/forwarding.p4(96) Primitive hdr.ipv4.ttl = hdr.ipv4.ttl -1
[16:53:21.500] [bmv2] [D] [thread 7294] [8.0] [cxt 0] Pipeline 'ingress': end
[16:53:21.500] [bmv2] [D] [thread 7294] [8.0] [cxt 0] Egress port is 1
[16:53:21.500] [bmv2] [D] [thread 7296] [8.0] [cxt 0] Pipeline 'egress': start
[16:53:21.500] [bmv2] [D] [thread 7296] [8.0] [cxt 0] Pipeline 'egress': end
[16:53:21.500] [bmv2] [D] [thread 7296] [8.0] [cxt 0] Deparser 'deparser': start
[16:53:21.500] [bmv2] [D] [thread 7296] [8.0] [cxt 0] Updating checksum 'cksum'
[16:53:21.500] [bmv2] [D] [thread 7296] [8.0] [cxt 0] Deparsing header 'ethernet'
[16:53:21.500] [bmv2] [D] [thread 7296] [8.0] [cxt 0] Deparsing header 'ipv4'
[16:53:21.500] [bmv2] [D] [thread 7296] [8.0] [cxt 0] Deparser 'deparser': end
[16:53:21.500] [bmv2] [D] [thread 7299] [8.0] [cxt 0] Transmitting packet of size 34 out of port 1
[16:53:21.659] [bmv2] [D] [thread 7294] [9.0] [cxt 0] Processing packet received on port 2
[16:53:21.659] [bmv2] [D] [thread 7294] [9.0] [cxt 0] Parser 'parser': start
[16:53:21.659] [bmv2] [D] [thread 7294] [9.0] [cxt 0] Parser 'parser' entering state 'start'
[16:53:21.659] [bmv2] [D] [thread 7294] [9.0] [cxt 0] Extracting header 'ethernet'
[16:53:21.659] [bmv2] [D] [thread 7294] [9.0] [cxt 0] Parser state 'start': key is 0800
[16:53:21.659] [bmv2] [T] [thread 7294] [9.0] [cxt 0] Bytes parsed: 14
[16:53:21.659] [bmv2] [D] [thread 7294] [9.0] [cxt 0] Parser 'parser' entering state 'ipv4'
[16:53:21.659] [bmv2] [D] [thread 7294] [9.0] [cxt 0] Extracting header 'ipv4'
[16:53:21.659] [bmv2] [D] [thread 7294] [9.0] [cxt 0] Parser state 'ipv4' has no switch, going to default next state
[16:53:21.659] [bmv2] [T] [thread 7294] [9.0] [cxt 0] Bytes parsed: 34
[16:53:21.659] [bmv2] [D] [thread 7294] [9.0] [cxt 0] Parser 'parser': end
[16:53:21.659] [bmv2] [D] [thread 7294] [9.0] [cxt 0] Pipeline 'ingress': start
[16:53:21.659] [bmv2] [T] [thread 7294] [9.0] [cxt 0] /home/p4/P4Lab/ex1/p4src/forwarding.p4(116) Condition "hdr.ipv4.isValid()" (node_2) is true
[16:53:21.659] [bmv2] [T] [thread 7294] [9.0] [cxt 0] Applying table 'MyIngress.ipv4_lpm'
[16:53:21.659] [bmv2] [D] [thread 7294] [9.0] [cxt 0] Looking up key:
* hdr.ipv4.dstAddr    : 0a000101

[16:53:21.659] [bmv2] [D] [thread 7294] [9.0] [cxt 0] Table 'MyIngress.ipv4_lpm': hit with handle 1
[16:53:21.660] [bmv2] [D] [thread 7294] [9.0] [cxt 0] Dumping entry 1
Match key:
* hdr.ipv4.dstAddr    : EXACT     0a000101
Action entry: MyIngress.ipv4_forward - 1,

[16:53:21.660] [bmv2] [D] [thread 7294] [9.0] [cxt 0] Action entry is MyIngress.ipv4_forward - 1,
[16:53:21.660] [bmv2] [T] [thread 7294] [9.0] [cxt 0] Action MyIngress.ipv4_forward
[16:53:21.660] [bmv2] [T] [thread 7294] [9.0] [cxt 0] /home/p4/P4Lab/ex1/p4src/forwarding.p4(93) Primitive standard_metadata.egress_spec = port
[16:53:21.660] [bmv2] [T] [thread 7294] [9.0] [cxt 0] /home/p4/P4Lab/ex1/p4src/forwarding.p4(96) Primitive hdr.ipv4.ttl = hdr.ipv4.ttl -1
[16:53:21.660] [bmv2] [D] [thread 7294] [9.0] [cxt 0] Pipeline 'ingress': end
[16:53:21.660] [bmv2] [D] [thread 7294] [9.0] [cxt 0] Egress port is 1
[16:53:21.660] [bmv2] [D] [thread 7296] [9.0] [cxt 0] Pipeline 'egress': start
[16:53:21.660] [bmv2] [D] [thread 7296] [9.0] [cxt 0] Pipeline 'egress': end
[16:53:21.660] [bmv2] [D] [thread 7296] [9.0] [cxt 0] Deparser 'deparser': start
[16:53:21.660] [bmv2] [D] [thread 7296] [9.0] [cxt 0] Updating checksum 'cksum'
[16:53:21.660] [bmv2] [D] [thread 7296] [9.0] [cxt 0] Deparsing header 'ethernet'
[16:53:21.660] [bmv2] [D] [thread 7296] [9.0] [cxt 0] Deparsing header 'ipv4'
[16:53:21.660] [bmv2] [D] [thread 7296] [9.0] [cxt 0] Deparser 'deparser': end
[16:53:21.660] [bmv2] [D] [thread 7299] [9.0] [cxt 0] Transmitting packet of size 34 out of port 1
[16:53:21.819] [bmv2] [D] [thread 7294] [10.0] [cxt 0] Processing packet received on port 2
[16:53:21.819] [bmv2] [D] [thread 7294] [10.0] [cxt 0] Parser 'parser': start
[16:53:21.819] [bmv2] [D] [thread 7294] [10.0] [cxt 0] Parser 'parser' entering state 'start'
[16:53:21.819] [bmv2] [D] [thread 7294] [10.0] [cxt 0] Extracting header 'ethernet'
[16:53:21.819] [bmv2] [D] [thread 7294] [10.0] [cxt 0] Parser state 'start': key is 0800
[16:53:21.819] [bmv2] [T] [thread 7294] [10.0] [cxt 0] Bytes parsed: 14
[16:53:21.819] [bmv2] [D] [thread 7294] [10.0] [cxt 0] Parser 'parser' entering state 'ipv4'
[16:53:21.819] [bmv2] [D] [thread 7294] [10.0] [cxt 0] Extracting header 'ipv4'
[16:53:21.819] [bmv2] [D] [thread 7294] [10.0] [cxt 0] Parser state 'ipv4' has no switch, going to default next state
[16:53:21.819] [bmv2] [T] [thread 7294] [10.0] [cxt 0] Bytes parsed: 34
[16:53:21.819] [bmv2] [D] [thread 7294] [10.0] [cxt 0] Parser 'parser': end
[16:53:21.819] [bmv2] [D] [thread 7294] [10.0] [cxt 0] Pipeline 'ingress': start
[16:53:21.819] [bmv2] [T] [thread 7294] [10.0] [cxt 0] /home/p4/P4Lab/ex1/p4src/forwarding.p4(116) Condition "hdr.ipv4.isValid()" (node_2) is true
[16:53:21.819] [bmv2] [T] [thread 7294] [10.0] [cxt 0] Applying table 'MyIngress.ipv4_lpm'
[16:53:21.819] [bmv2] [D] [thread 7294] [10.0] [cxt 0] Looking up key:
* hdr.ipv4.dstAddr    : 0a000101

[16:53:21.819] [bmv2] [D] [thread 7294] [10.0] [cxt 0] Table 'MyIngress.ipv4_lpm': hit with handle 1
[16:53:21.819] [bmv2] [D] [thread 7294] [10.0] [cxt 0] Dumping entry 1
Match key:
* hdr.ipv4.dstAddr    : EXACT     0a000101
Action entry: MyIngress.ipv4_forward - 1,

[16:53:21.819] [bmv2] [D] [thread 7294] [10.0] [cxt 0] Action entry is MyIngress.ipv4_forward - 1,
[16:53:21.820] [bmv2] [T] [thread 7294] [10.0] [cxt 0] Action MyIngress.ipv4_forward
[16:53:21.820] [bmv2] [T] [thread 7294] [10.0] [cxt 0] /home/p4/P4Lab/ex1/p4src/forwarding.p4(93) Primitive standard_metadata.egress_spec = port
[16:53:21.820] [bmv2] [T] [thread 7294] [10.0] [cxt 0] /home/p4/P4Lab/ex1/p4src/forwarding.p4(96) Primitive hdr.ipv4.ttl = hdr.ipv4.ttl -1
[16:53:21.820] [bmv2] [D] [thread 7294] [10.0] [cxt 0] Pipeline 'ingress': end
[16:53:21.820] [bmv2] [D] [thread 7294] [10.0] [cxt 0] Egress port is 1
[16:53:21.820] [bmv2] [D] [thread 7296] [10.0] [cxt 0] Pipeline 'egress': start
[16:53:21.820] [bmv2] [D] [thread 7296] [10.0] [cxt 0] Pipeline 'egress': end
[16:53:21.820] [bmv2] [D] [thread 7296] [10.0] [cxt 0] Deparser 'deparser': start
[16:53:21.820] [bmv2] [D] [thread 7296] [10.0] [cxt 0] Updating checksum 'cksum'
[16:53:21.820] [bmv2] [D] [thread 7296] [10.0] [cxt 0] Deparsing header 'ethernet'
[16:53:21.820] [bmv2] [D] [thread 7296] [10.0] [cxt 0] Deparsing header 'ipv4'
[16:53:21.820] [bmv2] [D] [thread 7296] [10.0] [cxt 0] Deparser 'deparser': end
[16:53:21.820] [bmv2] [D] [thread 7299] [10.0] [cxt 0] Transmitting packet of size 34 out of port 1
[16:53:21.971] [bmv2] [D] [thread 7294] [11.0] [cxt 0] Processing packet received on port 2
[16:53:21.971] [bmv2] [D] [thread 7294] [11.0] [cxt 0] Parser 'parser': start
[16:53:21.971] [bmv2] [D] [thread 7294] [11.0] [cxt 0] Parser 'parser' entering state 'start'
[16:53:21.971] [bmv2] [D] [thread 7294] [11.0] [cxt 0] Extracting header 'ethernet'
[16:53:21.971] [bmv2] [D] [thread 7294] [11.0] [cxt 0] Parser state 'start': key is 0800
[16:53:21.971] [bmv2] [T] [thread 7294] [11.0] [cxt 0] Bytes parsed: 14
[16:53:21.971] [bmv2] [D] [thread 7294] [11.0] [cxt 0] Parser 'parser' entering state 'ipv4'
[16:53:21.971] [bmv2] [D] [thread 7294] [11.0] [cxt 0] Extracting header 'ipv4'
[16:53:21.971] [bmv2] [D] [thread 7294] [11.0] [cxt 0] Parser state 'ipv4' has no switch, going to default next state
[16:53:21.972] [bmv2] [T] [thread 7294] [11.0] [cxt 0] Bytes parsed: 34
[16:53:21.972] [bmv2] [D] [thread 7294] [11.0] [cxt 0] Parser 'parser': end
[16:53:21.972] [bmv2] [D] [thread 7294] [11.0] [cxt 0] Pipeline 'ingress': start
[16:53:21.972] [bmv2] [T] [thread 7294] [11.0] [cxt 0] /home/p4/P4Lab/ex1/p4src/forwarding.p4(116) Condition "hdr.ipv4.isValid()" (node_2) is true
[16:53:21.972] [bmv2] [T] [thread 7294] [11.0] [cxt 0] Applying table 'MyIngress.ipv4_lpm'
[16:53:21.972] [bmv2] [D] [thread 7294] [11.0] [cxt 0] Looking up key:
* hdr.ipv4.dstAddr    : 0a000101

[16:53:21.972] [bmv2] [D] [thread 7294] [11.0] [cxt 0] Table 'MyIngress.ipv4_lpm': hit with handle 1
[16:53:21.972] [bmv2] [D] [thread 7294] [11.0] [cxt 0] Dumping entry 1
Match key:
* hdr.ipv4.dstAddr    : EXACT     0a000101
Action entry: MyIngress.ipv4_forward - 1,

[16:53:21.972] [bmv2] [D] [thread 7294] [11.0] [cxt 0] Action entry is MyIngress.ipv4_forward - 1,
[16:53:21.972] [bmv2] [T] [thread 7294] [11.0] [cxt 0] Action MyIngress.ipv4_forward
[16:53:21.972] [bmv2] [T] [thread 7294] [11.0] [cxt 0] /home/p4/P4Lab/ex1/p4src/forwarding.p4(93) Primitive standard_metadata.egress_spec = port
[16:53:21.972] [bmv2] [T] [thread 7294] [11.0] [cxt 0] /home/p4/P4Lab/ex1/p4src/forwarding.p4(96) Primitive hdr.ipv4.ttl = hdr.ipv4.ttl -1
[16:53:21.972] [bmv2] [D] [thread 7294] [11.0] [cxt 0] Pipeline 'ingress': end
[16:53:21.972] [bmv2] [D] [thread 7294] [11.0] [cxt 0] Egress port is 1
[16:53:21.972] [bmv2] [D] [thread 7296] [11.0] [cxt 0] Pipeline 'egress': start
[16:53:21.972] [bmv2] [D] [thread 7296] [11.0] [cxt 0] Pipeline 'egress': end
[16:53:21.972] [bmv2] [D] [thread 7296] [11.0] [cxt 0] Deparser 'deparser': start
[16:53:21.972] [bmv2] [D] [thread 7296] [11.0] [cxt 0] Updating checksum 'cksum'
[16:53:21.972] [bmv2] [D] [thread 7296] [11.0] [cxt 0] Deparsing header 'ethernet'
[16:53:21.972] [bmv2] [D] [thread 7296] [11.0] [cxt 0] Deparsing header 'ipv4'
[16:53:21.972] [bmv2] [D] [thread 7296] [11.0] [cxt 0] Deparser 'deparser': end
[16:53:21.972] [bmv2] [D] [thread 7299] [11.0] [cxt 0] Transmitting packet of size 34 out of port 1
[16:53:22.131] [bmv2] [D] [thread 7294] [12.0] [cxt 0] Processing packet received on port 2
[16:53:22.131] [bmv2] [D] [thread 7294] [12.0] [cxt 0] Parser 'parser': start
[16:53:22.131] [bmv2] [D] [thread 7294] [12.0] [cxt 0] Parser 'parser' entering state 'start'
[16:53:22.131] [bmv2] [D] [thread 7294] [12.0] [cxt 0] Extracting header 'ethernet'
[16:53:22.131] [bmv2] [D] [thread 7294] [12.0] [cxt 0] Parser state 'start': key is 0800
[16:53:22.131] [bmv2] [T] [thread 7294] [12.0] [cxt 0] Bytes parsed: 14
[16:53:22.131] [bmv2] [D] [thread 7294] [12.0] [cxt 0] Parser 'parser' entering state 'ipv4'
[16:53:22.131] [bmv2] [D] [thread 7294] [12.0] [cxt 0] Extracting header 'ipv4'
[16:53:22.131] [bmv2] [D] [thread 7294] [12.0] [cxt 0] Parser state 'ipv4' has no switch, going to default next state
[16:53:22.131] [bmv2] [T] [thread 7294] [12.0] [cxt 0] Bytes parsed: 34
[16:53:22.131] [bmv2] [D] [thread 7294] [12.0] [cxt 0] Parser 'parser': end
[16:53:22.131] [bmv2] [D] [thread 7294] [12.0] [cxt 0] Pipeline 'ingress': start
[16:53:22.131] [bmv2] [T] [thread 7294] [12.0] [cxt 0] /home/p4/P4Lab/ex1/p4src/forwarding.p4(116) Condition "hdr.ipv4.isValid()" (node_2) is true
[16:53:22.131] [bmv2] [T] [thread 7294] [12.0] [cxt 0] Applying table 'MyIngress.ipv4_lpm'
[16:53:22.131] [bmv2] [D] [thread 7294] [12.0] [cxt 0] Looking up key:
* hdr.ipv4.dstAddr    : 0a000101

[16:53:22.131] [bmv2] [D] [thread 7294] [12.0] [cxt 0] Table 'MyIngress.ipv4_lpm': hit with handle 1
[16:53:22.132] [bmv2] [D] [thread 7294] [12.0] [cxt 0] Dumping entry 1
Match key:
* hdr.ipv4.dstAddr    : EXACT     0a000101
Action entry: MyIngress.ipv4_forward - 1,

[16:53:22.132] [bmv2] [D] [thread 7294] [12.0] [cxt 0] Action entry is MyIngress.ipv4_forward - 1,
[16:53:22.132] [bmv2] [T] [thread 7294] [12.0] [cxt 0] Action MyIngress.ipv4_forward
[16:53:22.132] [bmv2] [T] [thread 7294] [12.0] [cxt 0] /home/p4/P4Lab/ex1/p4src/forwarding.p4(93) Primitive standard_metadata.egress_spec = port
[16:53:22.132] [bmv2] [T] [thread 7294] [12.0] [cxt 0] /home/p4/P4Lab/ex1/p4src/forwarding.p4(96) Primitive hdr.ipv4.ttl = hdr.ipv4.ttl -1
[16:53:22.132] [bmv2] [D] [thread 7294] [12.0] [cxt 0] Pipeline 'ingress': end
[16:53:22.132] [bmv2] [D] [thread 7294] [12.0] [cxt 0] Egress port is 1
[16:53:22.132] [bmv2] [D] [thread 7296] [12.0] [cxt 0] Pipeline 'egress': start
[16:53:22.132] [bmv2] [D] [thread 7296] [12.0] [cxt 0] Pipeline 'egress': end
[16:53:22.132] [bmv2] [D] [thread 7296] [12.0] [cxt 0] Deparser 'deparser': start
[16:53:22.132] [bmv2] [D] [thread 7296] [12.0] [cxt 0] Updating checksum 'cksum'
[16:53:22.132] [bmv2] [D] [thread 7296] [12.0] [cxt 0] Deparsing header 'ethernet'
[16:53:22.132] [bmv2] [D] [thread 7296] [12.0] [cxt 0] Deparsing header 'ipv4'
[16:53:22.132] [bmv2] [D] [thread 7296] [12.0] [cxt 0] Deparser 'deparser': end
[16:53:22.132] [bmv2] [D] [thread 7299] [12.0] [cxt 0] Transmitting packet of size 34 out of port 1
[16:53:22.283] [bmv2] [D] [thread 7294] [13.0] [cxt 0] Processing packet received on port 2
[16:53:22.283] [bmv2] [D] [thread 7294] [13.0] [cxt 0] Parser 'parser': start
[16:53:22.283] [bmv2] [D] [thread 7294] [13.0] [cxt 0] Parser 'parser' entering state 'start'
[16:53:22.283] [bmv2] [D] [thread 7294] [13.0] [cxt 0] Extracting header 'ethernet'
[16:53:22.283] [bmv2] [D] [thread 7294] [13.0] [cxt 0] Parser state 'start': key is 0800
[16:53:22.283] [bmv2] [T] [thread 7294] [13.0] [cxt 0] Bytes parsed: 14
[16:53:22.283] [bmv2] [D] [thread 7294] [13.0] [cxt 0] Parser 'parser' entering state 'ipv4'
[16:53:22.283] [bmv2] [D] [thread 7294] [13.0] [cxt 0] Extracting header 'ipv4'
[16:53:22.283] [bmv2] [D] [thread 7294] [13.0] [cxt 0] Parser state 'ipv4' has no switch, going to default next state
[16:53:22.283] [bmv2] [T] [thread 7294] [13.0] [cxt 0] Bytes parsed: 34
[16:53:22.283] [bmv2] [D] [thread 7294] [13.0] [cxt 0] Parser 'parser': end
[16:53:22.283] [bmv2] [D] [thread 7294] [13.0] [cxt 0] Pipeline 'ingress': start
[16:53:22.283] [bmv2] [T] [thread 7294] [13.0] [cxt 0] /home/p4/P4Lab/ex1/p4src/forwarding.p4(116) Condition "hdr.ipv4.isValid()" (node_2) is true
[16:53:22.283] [bmv2] [T] [thread 7294] [13.0] [cxt 0] Applying table 'MyIngress.ipv4_lpm'
[16:53:22.283] [bmv2] [D] [thread 7294] [13.0] [cxt 0] Looking up key:
* hdr.ipv4.dstAddr    : 0a000101

[16:53:22.284] [bmv2] [D] [thread 7294] [13.0] [cxt 0] Table 'MyIngress.ipv4_lpm': hit with handle 1
[16:53:22.284] [bmv2] [D] [thread 7294] [13.0] [cxt 0] Dumping entry 1
Match key:
* hdr.ipv4.dstAddr    : EXACT     0a000101
Action entry: MyIngress.ipv4_forward - 1,

[16:53:22.284] [bmv2] [D] [thread 7294] [13.0] [cxt 0] Action entry is MyIngress.ipv4_forward - 1,
[16:53:22.284] [bmv2] [T] [thread 7294] [13.0] [cxt 0] Action MyIngress.ipv4_forward
[16:53:22.284] [bmv2] [T] [thread 7294] [13.0] [cxt 0] /home/p4/P4Lab/ex1/p4src/forwarding.p4(93) Primitive standard_metadata.egress_spec = port
[16:53:22.284] [bmv2] [T] [thread 7294] [13.0] [cxt 0] /home/p4/P4Lab/ex1/p4src/forwarding.p4(96) Primitive hdr.ipv4.ttl = hdr.ipv4.ttl -1
[16:53:22.284] [bmv2] [D] [thread 7294] [13.0] [cxt 0] Pipeline 'ingress': end
[16:53:22.284] [bmv2] [D] [thread 7294] [13.0] [cxt 0] Egress port is 1
[16:53:22.284] [bmv2] [D] [thread 7296] [13.0] [cxt 0] Pipeline 'egress': start
[16:53:22.284] [bmv2] [D] [thread 7296] [13.0] [cxt 0] Pipeline 'egress': end
[16:53:22.284] [bmv2] [D] [thread 7296] [13.0] [cxt 0] Deparser 'deparser': start
[16:53:22.284] [bmv2] [D] [thread 7296] [13.0] [cxt 0] Updating checksum 'cksum'
[16:53:22.284] [bmv2] [D] [thread 7296] [13.0] [cxt 0] Deparsing header 'ethernet'
[16:53:22.284] [bmv2] [D] [thread 7296] [13.0] [cxt 0] Deparsing header 'ipv4'
[16:53:22.284] [bmv2] [D] [thread 7296] [13.0] [cxt 0] Deparser 'deparser': end
[16:53:22.284] [bmv2] [D] [thread 7299] [13.0] [cxt 0] Transmitting packet of size 34 out of port 1
[16:53:22.411] [bmv2] [D] [thread 7294] [14.0] [cxt 0] Processing packet received on port 2
[16:53:22.411] [bmv2] [D] [thread 7294] [14.0] [cxt 0] Parser 'parser': start
[16:53:22.411] [bmv2] [D] [thread 7294] [14.0] [cxt 0] Parser 'parser' entering state 'start'
[16:53:22.411] [bmv2] [D] [thread 7294] [14.0] [cxt 0] Extracting header 'ethernet'
[16:53:22.411] [bmv2] [D] [thread 7294] [14.0] [cxt 0] Parser state 'start': key is 0800
[16:53:22.411] [bmv2] [T] [thread 7294] [14.0] [cxt 0] Bytes parsed: 14
[16:53:22.411] [bmv2] [D] [thread 7294] [14.0] [cxt 0] Parser 'parser' entering state 'ipv4'
[16:53:22.411] [bmv2] [D] [thread 7294] [14.0] [cxt 0] Extracting header 'ipv4'
[16:53:22.411] [bmv2] [D] [thread 7294] [14.0] [cxt 0] Parser state 'ipv4' has no switch, going to default next state
[16:53:22.411] [bmv2] [T] [thread 7294] [14.0] [cxt 0] Bytes parsed: 34
[16:53:22.411] [bmv2] [D] [thread 7294] [14.0] [cxt 0] Parser 'parser': end
[16:53:22.411] [bmv2] [D] [thread 7294] [14.0] [cxt 0] Pipeline 'ingress': start
[16:53:22.411] [bmv2] [T] [thread 7294] [14.0] [cxt 0] /home/p4/P4Lab/ex1/p4src/forwarding.p4(116) Condition "hdr.ipv4.isValid()" (node_2) is true
[16:53:22.411] [bmv2] [T] [thread 7294] [14.0] [cxt 0] Applying table 'MyIngress.ipv4_lpm'
[16:53:22.411] [bmv2] [D] [thread 7294] [14.0] [cxt 0] Looking up key:
* hdr.ipv4.dstAddr    : 0a000101

[16:53:22.411] [bmv2] [D] [thread 7294] [14.0] [cxt 0] Table 'MyIngress.ipv4_lpm': hit with handle 1
[16:53:22.411] [bmv2] [D] [thread 7294] [14.0] [cxt 0] Dumping entry 1
Match key:
* hdr.ipv4.dstAddr    : EXACT     0a000101
Action entry: MyIngress.ipv4_forward - 1,

[16:53:22.411] [bmv2] [D] [thread 7294] [14.0] [cxt 0] Action entry is MyIngress.ipv4_forward - 1,
[16:53:22.411] [bmv2] [T] [thread 7294] [14.0] [cxt 0] Action MyIngress.ipv4_forward
[16:53:22.411] [bmv2] [T] [thread 7294] [14.0] [cxt 0] /home/p4/P4Lab/ex1/p4src/forwarding.p4(93) Primitive standard_metadata.egress_spec = port
[16:53:22.411] [bmv2] [T] [thread 7294] [14.0] [cxt 0] /home/p4/P4Lab/ex1/p4src/forwarding.p4(96) Primitive hdr.ipv4.ttl = hdr.ipv4.ttl -1
[16:53:22.411] [bmv2] [D] [thread 7294] [14.0] [cxt 0] Pipeline 'ingress': end
[16:53:22.411] [bmv2] [D] [thread 7294] [14.0] [cxt 0] Egress port is 1
[16:53:22.412] [bmv2] [D] [thread 7296] [14.0] [cxt 0] Pipeline 'egress': start
[16:53:22.412] [bmv2] [D] [thread 7296] [14.0] [cxt 0] Pipeline 'egress': end
[16:53:22.412] [bmv2] [D] [thread 7296] [14.0] [cxt 0] Deparser 'deparser': start
[16:53:22.412] [bmv2] [D] [thread 7296] [14.0] [cxt 0] Updating checksum 'cksum'
[16:53:22.412] [bmv2] [D] [thread 7296] [14.0] [cxt 0] Deparsing header 'ethernet'
[16:53:22.412] [bmv2] [D] [thread 7296] [14.0] [cxt 0] Deparsing header 'ipv4'
[16:53:22.412] [bmv2] [D] [thread 7296] [14.0] [cxt 0] Deparser 'deparser': end
[16:53:22.412] [bmv2] [D] [thread 7299] [14.0] [cxt 0] Transmitting packet of size 34 out of port 1
